[0.160s] Invoking command in '/home/raspberry/boat_ws/build/my_boat_bringup': CMAKE_PREFIX_PATH=${CMAKE_PREFIX_PATH}:/home/raspberry/boat_ws/install/my_boat_teleop:/home/raspberry/boat_ws/install/my_boat_driver:/opt/ros/humble /usr/bin/cmake --build /home/raspberry/boat_ws/build/my_boat_bringup -- -j4 -l4
[3.203s] Invoked command in '/home/raspberry/boat_ws/build/my_boat_bringup' returned '0': CMAKE_PREFIX_PATH=${CMAKE_PREFIX_PATH}:/home/raspberry/boat_ws/install/my_boat_teleop:/home/raspberry/boat_ws/install/my_boat_driver:/opt/ros/humble /usr/bin/cmake --build /home/raspberry/boat_ws/build/my_boat_bringup -- -j4 -l4
[3.245s] Invoking command in '/home/raspberry/boat_ws/build/my_boat_bringup': CMAKE_PREFIX_PATH=${CMAKE_PREFIX_PATH}:/home/raspberry/boat_ws/install/my_boat_teleop:/home/raspberry/boat_ws/install/my_boat_driver:/opt/ros/humble /usr/bin/cmake --install /home/raspberry/boat_ws/build/my_boat_bringup
[3.279s] -- Install configuration: ""
[3.281s] -- Up-to-date: /home/raspberry/boat_ws/install/my_boat_bringup/share/my_boat_bringup/launch
[3.283s] -- Up-to-date: /home/raspberry/boat_ws/install/my_boat_bringup/share/my_boat_bringup/launch/bringup.launch.py
[3.284s] -- Up-to-date: /home/raspberry/boat_ws/install/my_boat_bringup/share/ament_index/resource_index/package_run_dependencies/my_boat_bringup
[3.286s] -- Up-to-date: /home/raspberry/boat_ws/install/my_boat_bringup/share/ament_index/resource_index/parent_prefix_path/my_boat_bringup
[3.288s] -- Up-to-date: /home/raspberry/boat_ws/install/my_boat_bringup/share/my_boat_bringup/environment/ament_prefix_path.sh
[3.290s] -- Up-to-date: /home/raspberry/boat_ws/install/my_boat_bringup/share/my_boat_bringup/environment/ament_prefix_path.dsv
[3.291s] -- Up-to-date: /home/raspberry/boat_ws/install/my_boat_bringup/share/my_boat_bringup/environment/path.sh
[3.295s] -- Up-to-date: /home/raspberry/boat_ws/install/my_boat_bringup/share/my_boat_bringup/environment/path.dsv
[3.297s] -- Up-to-date: /home/raspberry/boat_ws/install/my_boat_bringup/share/my_boat_bringup/local_setup.bash
[3.298s] -- Up-to-date: /home/raspberry/boat_ws/install/my_boat_bringup/share/my_boat_bringup/local_setup.sh
[3.298s] -- Up-to-date: /home/raspberry/boat_ws/install/my_boat_bringup/share/my_boat_bringup/local_setup.zsh
[3.299s] -- Up-to-date: /home/raspberry/boat_ws/install/my_boat_bringup/share/my_boat_bringup/local_setup.dsv
[3.299s] -- Installing: /home/raspberry/boat_ws/install/my_boat_bringup/share/my_boat_bringup/package.dsv
[3.303s] -- Up-to-date: /home/raspberry/boat_ws/install/my_boat_bringup/share/ament_index/resource_index/packages/my_boat_bringup
[3.304s] -- Up-to-date: /home/raspberry/boat_ws/install/my_boat_bringup/share/my_boat_bringup/cmake/my_boat_bringupConfig.cmake
[3.304s] -- Up-to-date: /home/raspberry/boat_ws/install/my_boat_bringup/share/my_boat_bringup/cmake/my_boat_bringupConfig-version.cmake
[3.310s] -- Up-to-date: /home/raspberry/boat_ws/install/my_boat_bringup/share/my_boat_bringup/package.xml
[3.312s] Invoked command in '/home/raspberry/boat_ws/build/my_boat_bringup' returned '0': CMAKE_PREFIX_PATH=${CMAKE_PREFIX_PATH}:/home/raspberry/boat_ws/install/my_boat_teleop:/home/raspberry/boat_ws/install/my_boat_driver:/opt/ros/humble /usr/bin/cmake --install /home/raspberry/boat_ws/build/my_boat_bringup
