[0.549s] DEBUG:colcon:Command line arguments: ['/usr/bin/colcon', 'build']
[0.550s] DEBUG:colcon:Parsed command line arguments: Namespace(log_base=None, log_level=None, verb_name='build', build_base='build', install_base='install', merge_install=False, symlink_install=False, test_result_base=None, continue_on_error=False, executor='parallel', parallel_workers=4, event_handlers=None, ignore_user_meta=False, metas=['./colcon.meta'], base_paths=['.'], packages_ignore=None, packages_ignore_regex=None, paths=None, packages_up_to=None, packages_up_to_regex=None, packages_above=None, packages_above_and_dependencies=None, packages_above_depth=None, packages_select_by_dep=None, packages_skip_by_dep=None, packages_skip_up_to=None, packages_select_build_failed=False, packages_skip_build_finished=False, packages_select_test_failures=False, packages_skip_test_passed=False, packages_select=None, packages_skip=None, packages_select_regex=None, packages_skip_regex=None, packages_start=None, packages_end=None, allow_overriding=[], cmake_args=None, cmake_target=None, cmake_target_skip_unavailable=False, cmake_clean_cache=False, cmake_clean_first=False, cmake_force_configure=False, ament_cmake_args=None, catkin_cmake_args=None, catkin_skip_building_tests=False, mixin_files=None, mixin=None, verb_parser=<colcon_mixin.mixin.mixin_argument.MixinArgumentDecorator object at 0xffff810c1930>, verb_extension=<colcon_core.verb.build.BuildVerb object at 0xffff812628c0>, main=<bound method BuildVerb.main of <colcon_core.verb.build.BuildVerb object at 0xffff812628c0>>, mixin_verb=('build',))
[1.392s] Level 1:colcon.colcon_core.package_discovery:discover_packages(colcon_meta) check parameters
[1.393s] Level 1:colcon.colcon_core.package_discovery:discover_packages(recursive) check parameters
[1.393s] Level 1:colcon.colcon_core.package_discovery:discover_packages(ignore) check parameters
[1.393s] Level 1:colcon.colcon_core.package_discovery:discover_packages(path) check parameters
[1.394s] Level 1:colcon.colcon_core.package_discovery:discover_packages(colcon_meta) discover
[1.394s] Level 1:colcon.colcon_core.package_discovery:discover_packages(recursive) discover
[1.394s] INFO:colcon.colcon_core.package_discovery:Crawling recursively for packages in '/home/raspberry/boat_ws'
[1.395s] Level 1:colcon.colcon_core.package_identification:_identify(.) by extensions ['ignore', 'ignore_ament_install']
[1.395s] Level 1:colcon.colcon_core.package_identification:_identify(.) by extension 'ignore'
[1.395s] Level 1:colcon.colcon_core.package_identification:_identify(.) by extension 'ignore_ament_install'
[1.395s] Level 1:colcon.colcon_core.package_identification:_identify(.) by extensions ['colcon_pkg']
[1.396s] Level 1:colcon.colcon_core.package_identification:_identify(.) by extension 'colcon_pkg'
[1.396s] Level 1:colcon.colcon_core.package_identification:_identify(.) by extensions ['colcon_meta']
[1.396s] Level 1:colcon.colcon_core.package_identification:_identify(.) by extension 'colcon_meta'
[1.396s] Level 1:colcon.colcon_core.package_identification:_identify(.) by extensions ['ros']
[1.396s] Level 1:colcon.colcon_core.package_identification:_identify(.) by extension 'ros'
[1.439s] Level 1:colcon.colcon_core.package_identification:_identify(.) by extensions ['cmake', 'python']
[1.439s] Level 1:colcon.colcon_core.package_identification:_identify(.) by extension 'cmake'
[1.439s] Level 1:colcon.colcon_core.package_identification:_identify(.) by extension 'python'
[1.440s] Level 1:colcon.colcon_core.package_identification:_identify(.) by extensions ['python_setup_py']
[1.440s] Level 1:colcon.colcon_core.package_identification:_identify(.) by extension 'python_setup_py'
[1.440s] Level 1:colcon.colcon_core.package_identification:_identify(build) by extensions ['ignore', 'ignore_ament_install']
[1.441s] Level 1:colcon.colcon_core.package_identification:_identify(build) by extension 'ignore'
[1.441s] Level 1:colcon.colcon_core.package_identification:_identify(build) ignored
[1.442s] Level 1:colcon.colcon_core.package_identification:_identify(install) by extensions ['ignore', 'ignore_ament_install']
[1.442s] Level 1:colcon.colcon_core.package_identification:_identify(install) by extension 'ignore'
[1.442s] Level 1:colcon.colcon_core.package_identification:_identify(install) ignored
[1.443s] Level 1:colcon.colcon_core.package_identification:_identify(log) by extensions ['ignore', 'ignore_ament_install']
[1.444s] Level 1:colcon.colcon_core.package_identification:_identify(log) by extension 'ignore'
[1.444s] Level 1:colcon.colcon_core.package_identification:_identify(log) ignored
[1.444s] Level 1:colcon.colcon_core.package_identification:_identify(src) by extensions ['ignore', 'ignore_ament_install']
[1.445s] Level 1:colcon.colcon_core.package_identification:_identify(src) by extension 'ignore'
[1.445s] Level 1:colcon.colcon_core.package_identification:_identify(src) by extension 'ignore_ament_install'
[1.445s] Level 1:colcon.colcon_core.package_identification:_identify(src) by extensions ['colcon_pkg']
[1.445s] Level 1:colcon.colcon_core.package_identification:_identify(src) by extension 'colcon_pkg'
[1.446s] Level 1:colcon.colcon_core.package_identification:_identify(src) by extensions ['colcon_meta']
[1.446s] Level 1:colcon.colcon_core.package_identification:_identify(src) by extension 'colcon_meta'
[1.446s] Level 1:colcon.colcon_core.package_identification:_identify(src) by extensions ['ros']
[1.446s] Level 1:colcon.colcon_core.package_identification:_identify(src) by extension 'ros'
[1.446s] Level 1:colcon.colcon_core.package_identification:_identify(src) by extensions ['cmake', 'python']
[1.446s] Level 1:colcon.colcon_core.package_identification:_identify(src) by extension 'cmake'
[1.447s] Level 1:colcon.colcon_core.package_identification:_identify(src) by extension 'python'
[1.447s] Level 1:colcon.colcon_core.package_identification:_identify(src) by extensions ['python_setup_py']
[1.447s] Level 1:colcon.colcon_core.package_identification:_identify(src) by extension 'python_setup_py'
[1.447s] Level 1:colcon.colcon_core.package_identification:_identify(src/my_boat_bringup) by extensions ['ignore', 'ignore_ament_install']
[1.448s] Level 1:colcon.colcon_core.package_identification:_identify(src/my_boat_bringup) by extension 'ignore'
[1.448s] Level 1:colcon.colcon_core.package_identification:_identify(src/my_boat_bringup) by extension 'ignore_ament_install'
[1.448s] Level 1:colcon.colcon_core.package_identification:_identify(src/my_boat_bringup) by extensions ['colcon_pkg']
[1.448s] Level 1:colcon.colcon_core.package_identification:_identify(src/my_boat_bringup) by extension 'colcon_pkg'
[1.449s] Level 1:colcon.colcon_core.package_identification:_identify(src/my_boat_bringup) by extensions ['colcon_meta']
[1.449s] Level 1:colcon.colcon_core.package_identification:_identify(src/my_boat_bringup) by extension 'colcon_meta'
[1.449s] Level 1:colcon.colcon_core.package_identification:_identify(src/my_boat_bringup) by extensions ['ros']
[1.449s] Level 1:colcon.colcon_core.package_identification:_identify(src/my_boat_bringup) by extension 'ros'
[1.458s] DEBUG:colcon.colcon_core.package_identification:Package 'src/my_boat_bringup' with type 'ros.ament_cmake' and name 'my_boat_bringup'
[1.458s] Level 1:colcon.colcon_core.package_identification:_identify(src/my_boat_driver) by extensions ['ignore', 'ignore_ament_install']
[1.459s] Level 1:colcon.colcon_core.package_identification:_identify(src/my_boat_driver) by extension 'ignore'
[1.459s] Level 1:colcon.colcon_core.package_identification:_identify(src/my_boat_driver) by extension 'ignore_ament_install'
[1.459s] Level 1:colcon.colcon_core.package_identification:_identify(src/my_boat_driver) by extensions ['colcon_pkg']
[1.459s] Level 1:colcon.colcon_core.package_identification:_identify(src/my_boat_driver) by extension 'colcon_pkg'
[1.460s] Level 1:colcon.colcon_core.package_identification:_identify(src/my_boat_driver) by extensions ['colcon_meta']
[1.460s] Level 1:colcon.colcon_core.package_identification:_identify(src/my_boat_driver) by extension 'colcon_meta'
[1.460s] Level 1:colcon.colcon_core.package_identification:_identify(src/my_boat_driver) by extensions ['ros']
[1.460s] Level 1:colcon.colcon_core.package_identification:_identify(src/my_boat_driver) by extension 'ros'
[1.463s] DEBUG:colcon.colcon_core.package_identification:Package 'src/my_boat_driver' with type 'ros.ament_python' and name 'my_boat_driver'
[1.464s] Level 1:colcon.colcon_core.package_identification:_identify(src/my_boat_teleop) by extensions ['ignore', 'ignore_ament_install']
[1.464s] Level 1:colcon.colcon_core.package_identification:_identify(src/my_boat_teleop) by extension 'ignore'
[1.464s] Level 1:colcon.colcon_core.package_identification:_identify(src/my_boat_teleop) by extension 'ignore_ament_install'
[1.465s] Level 1:colcon.colcon_core.package_identification:_identify(src/my_boat_teleop) by extensions ['colcon_pkg']
[1.465s] Level 1:colcon.colcon_core.package_identification:_identify(src/my_boat_teleop) by extension 'colcon_pkg'
[1.465s] Level 1:colcon.colcon_core.package_identification:_identify(src/my_boat_teleop) by extensions ['colcon_meta']
[1.465s] Level 1:colcon.colcon_core.package_identification:_identify(src/my_boat_teleop) by extension 'colcon_meta'
[1.465s] Level 1:colcon.colcon_core.package_identification:_identify(src/my_boat_teleop) by extensions ['ros']
[1.465s] Level 1:colcon.colcon_core.package_identification:_identify(src/my_boat_teleop) by extension 'ros'
[1.468s] DEBUG:colcon.colcon_core.package_identification:Package 'src/my_boat_teleop' with type 'ros.ament_python' and name 'my_boat_teleop'
[1.468s] Level 1:colcon.colcon_core.package_discovery:discover_packages(recursive) using defaults
[1.468s] Level 1:colcon.colcon_core.package_discovery:discover_packages(ignore) discover
[1.469s] Level 1:colcon.colcon_core.package_discovery:discover_packages(ignore) using defaults
[1.469s] Level 1:colcon.colcon_core.package_discovery:discover_packages(path) discover
[1.469s] Level 1:colcon.colcon_core.package_discovery:discover_packages(path) using defaults
[1.587s] Level 1:colcon.colcon_core.package_discovery:discover_packages(prefix_path) check parameters
[1.587s] Level 1:colcon.colcon_core.package_discovery:discover_packages(prefix_path) discover
[1.596s] DEBUG:colcon.colcon_installed_package_information.package_discovery:Found 3 installed packages in /home/raspberry/boat_ws/install
[1.606s] DEBUG:colcon.colcon_installed_package_information.package_discovery:Found 271 installed packages in /opt/ros/humble
[1.612s] Level 1:colcon.colcon_core.package_discovery:discover_packages(prefix_path) using defaults
[1.789s] Level 5:colcon.colcon_core.verb:set package 'my_boat_bringup' build argument 'cmake_args' from command line to 'None'
[1.790s] Level 5:colcon.colcon_core.verb:set package 'my_boat_bringup' build argument 'cmake_target' from command line to 'None'
[1.790s] Level 5:colcon.colcon_core.verb:set package 'my_boat_bringup' build argument 'cmake_target_skip_unavailable' from command line to 'False'
[1.790s] Level 5:colcon.colcon_core.verb:set package 'my_boat_bringup' build argument 'cmake_clean_cache' from command line to 'False'
[1.790s] Level 5:colcon.colcon_core.verb:set package 'my_boat_bringup' build argument 'cmake_clean_first' from command line to 'False'
[1.790s] Level 5:colcon.colcon_core.verb:set package 'my_boat_bringup' build argument 'cmake_force_configure' from command line to 'False'
[1.790s] Level 5:colcon.colcon_core.verb:set package 'my_boat_bringup' build argument 'ament_cmake_args' from command line to 'None'
[1.790s] Level 5:colcon.colcon_core.verb:set package 'my_boat_bringup' build argument 'catkin_cmake_args' from command line to 'None'
[1.791s] Level 5:colcon.colcon_core.verb:set package 'my_boat_bringup' build argument 'catkin_skip_building_tests' from command line to 'False'
[1.791s] DEBUG:colcon.colcon_core.verb:Building package 'my_boat_bringup' with the following arguments: {'ament_cmake_args': None, 'build_base': '/home/raspberry/boat_ws/build/my_boat_bringup', 'catkin_cmake_args': None, 'catkin_skip_building_tests': False, 'cmake_args': None, 'cmake_clean_cache': False, 'cmake_clean_first': False, 'cmake_force_configure': False, 'cmake_target': None, 'cmake_target_skip_unavailable': False, 'install_base': '/home/raspberry/boat_ws/install/my_boat_bringup', 'merge_install': False, 'path': '/home/raspberry/boat_ws/src/my_boat_bringup', 'symlink_install': False, 'test_result_base': None}
[1.792s] Level 5:colcon.colcon_core.verb:set package 'my_boat_driver' build argument 'cmake_args' from command line to 'None'
[1.792s] Level 5:colcon.colcon_core.verb:set package 'my_boat_driver' build argument 'cmake_target' from command line to 'None'
[1.793s] Level 5:colcon.colcon_core.verb:set package 'my_boat_driver' build argument 'cmake_target_skip_unavailable' from command line to 'False'
[1.793s] Level 5:colcon.colcon_core.verb:set package 'my_boat_driver' build argument 'cmake_clean_cache' from command line to 'False'
[1.793s] Level 5:colcon.colcon_core.verb:set package 'my_boat_driver' build argument 'cmake_clean_first' from command line to 'False'
[1.793s] Level 5:colcon.colcon_core.verb:set package 'my_boat_driver' build argument 'cmake_force_configure' from command line to 'False'
[1.793s] Level 5:colcon.colcon_core.verb:set package 'my_boat_driver' build argument 'ament_cmake_args' from command line to 'None'
[1.793s] Level 5:colcon.colcon_core.verb:set package 'my_boat_driver' build argument 'catkin_cmake_args' from command line to 'None'
[1.793s] Level 5:colcon.colcon_core.verb:set package 'my_boat_driver' build argument 'catkin_skip_building_tests' from command line to 'False'
[1.793s] DEBUG:colcon.colcon_core.verb:Building package 'my_boat_driver' with the following arguments: {'ament_cmake_args': None, 'build_base': '/home/raspberry/boat_ws/build/my_boat_driver', 'catkin_cmake_args': None, 'catkin_skip_building_tests': False, 'cmake_args': None, 'cmake_clean_cache': False, 'cmake_clean_first': False, 'cmake_force_configure': False, 'cmake_target': None, 'cmake_target_skip_unavailable': False, 'install_base': '/home/raspberry/boat_ws/install/my_boat_driver', 'merge_install': False, 'path': '/home/raspberry/boat_ws/src/my_boat_driver', 'symlink_install': False, 'test_result_base': None}
[1.795s] Level 5:colcon.colcon_core.verb:set package 'my_boat_teleop' build argument 'cmake_args' from command line to 'None'
[1.795s] Level 5:colcon.colcon_core.verb:set package 'my_boat_teleop' build argument 'cmake_target' from command line to 'None'
[1.795s] Level 5:colcon.colcon_core.verb:set package 'my_boat_teleop' build argument 'cmake_target_skip_unavailable' from command line to 'False'
[1.795s] Level 5:colcon.colcon_core.verb:set package 'my_boat_teleop' build argument 'cmake_clean_cache' from command line to 'False'
[1.795s] Level 5:colcon.colcon_core.verb:set package 'my_boat_teleop' build argument 'cmake_clean_first' from command line to 'False'
[1.796s] Level 5:colcon.colcon_core.verb:set package 'my_boat_teleop' build argument 'cmake_force_configure' from command line to 'False'
[1.796s] Level 5:colcon.colcon_core.verb:set package 'my_boat_teleop' build argument 'ament_cmake_args' from command line to 'None'
[1.796s] Level 5:colcon.colcon_core.verb:set package 'my_boat_teleop' build argument 'catkin_cmake_args' from command line to 'None'
[1.796s] Level 5:colcon.colcon_core.verb:set package 'my_boat_teleop' build argument 'catkin_skip_building_tests' from command line to 'False'
[1.796s] DEBUG:colcon.colcon_core.verb:Building package 'my_boat_teleop' with the following arguments: {'ament_cmake_args': None, 'build_base': '/home/raspberry/boat_ws/build/my_boat_teleop', 'catkin_cmake_args': None, 'catkin_skip_building_tests': False, 'cmake_args': None, 'cmake_clean_cache': False, 'cmake_clean_first': False, 'cmake_force_configure': False, 'cmake_target': None, 'cmake_target_skip_unavailable': False, 'install_base': '/home/raspberry/boat_ws/install/my_boat_teleop', 'merge_install': False, 'path': '/home/raspberry/boat_ws/src/my_boat_teleop', 'symlink_install': False, 'test_result_base': None}
[1.797s] INFO:colcon.colcon_core.executor:Executing jobs using 'parallel' executor
[1.800s] DEBUG:colcon.colcon_parallel_executor.executor.parallel:run_until_complete
[1.801s] INFO:colcon.colcon_ros.task.ament_cmake.build:Building ROS package in '/home/raspberry/boat_ws/src/my_boat_bringup' with build type 'ament_cmake'
[1.802s] INFO:colcon.colcon_cmake.task.cmake.build:Building CMake package in '/home/raspberry/boat_ws/src/my_boat_bringup'
[1.812s] INFO:colcon.colcon_core.plugin_system:Skipping extension 'colcon_core.shell.bat': Not used on non-Windows systems
[1.813s] INFO:colcon.colcon_core.shell:Skip shell extension 'powershell' for command environment: Not usable outside of PowerShell
[1.813s] DEBUG:colcon.colcon_core.shell:Skip shell extension 'dsv' for command environment
[1.832s] INFO:colcon.colcon_ros.task.ament_python.build:Building ROS package in '/home/raspberry/boat_ws/src/my_boat_driver' with build type 'ament_python'
[1.832s] Level 1:colcon.colcon_core.shell:create_environment_hook('my_boat_driver', 'ament_prefix_path')
[1.834s] INFO:colcon.colcon_core.shell:Creating environment hook '/home/raspberry/boat_ws/install/my_boat_driver/share/my_boat_driver/hook/ament_prefix_path.ps1'
[1.837s] INFO:colcon.colcon_core.shell:Creating environment descriptor '/home/raspberry/boat_ws/install/my_boat_driver/share/my_boat_driver/hook/ament_prefix_path.dsv'
[1.840s] INFO:colcon.colcon_core.shell:Creating environment hook '/home/raspberry/boat_ws/install/my_boat_driver/share/my_boat_driver/hook/ament_prefix_path.sh'
[1.845s] INFO:colcon.colcon_core.shell:Skip shell extension 'powershell' for command environment: Not usable outside of PowerShell
[1.845s] DEBUG:colcon.colcon_core.shell:Skip shell extension 'dsv' for command environment
[1.864s] INFO:colcon.colcon_ros.task.ament_python.build:Building ROS package in '/home/raspberry/boat_ws/src/my_boat_teleop' with build type 'ament_python'
[1.865s] Level 1:colcon.colcon_core.shell:create_environment_hook('my_boat_teleop', 'ament_prefix_path')
[1.866s] INFO:colcon.colcon_core.shell:Creating environment hook '/home/raspberry/boat_ws/install/my_boat_teleop/share/my_boat_teleop/hook/ament_prefix_path.ps1'
[1.868s] INFO:colcon.colcon_core.shell:Creating environment descriptor '/home/raspberry/boat_ws/install/my_boat_teleop/share/my_boat_teleop/hook/ament_prefix_path.dsv'
[1.871s] INFO:colcon.colcon_core.shell:Creating environment hook '/home/raspberry/boat_ws/install/my_boat_teleop/share/my_boat_teleop/hook/ament_prefix_path.sh'
[1.874s] INFO:colcon.colcon_core.shell:Skip shell extension 'powershell' for command environment: Not usable outside of PowerShell
[1.875s] DEBUG:colcon.colcon_core.shell:Skip shell extension 'dsv' for command environment
[1.920s] DEBUG:colcon.colcon_core.event_handler.log_command:Invoking command in '/home/raspberry/boat_ws/build/my_boat_bringup': CMAKE_PREFIX_PATH=${CMAKE_PREFIX_PATH}:/home/raspberry/boat_ws/install/my_boat_teleop:/home/raspberry/boat_ws/install/my_boat_driver:/opt/ros/humble /usr/bin/cmake --build /home/raspberry/boat_ws/build/my_boat_bringup -- -j4 -l4
[3.185s] INFO:colcon.colcon_core.task.python.build:Building Python package in '/home/raspberry/boat_ws/src/my_boat_driver'
[3.187s] INFO:colcon.colcon_core.shell:Skip shell extension 'powershell' for command environment: Not usable outside of PowerShell
[3.187s] DEBUG:colcon.colcon_core.shell:Skip shell extension 'dsv' for command environment
[4.462s] INFO:colcon.colcon_core.task.python.build:Building Python package in '/home/raspberry/boat_ws/src/my_boat_teleop'
[4.463s] INFO:colcon.colcon_core.shell:Skip shell extension 'powershell' for command environment: Not usable outside of PowerShell
[4.464s] DEBUG:colcon.colcon_core.shell:Skip shell extension 'dsv' for command environment
[4.487s] DEBUG:colcon.colcon_core.event_handler.log_command:Invoked command in '/home/raspberry/boat_ws/build/my_boat_bringup' returned '0': CMAKE_PREFIX_PATH=${CMAKE_PREFIX_PATH}:/home/raspberry/boat_ws/install/my_boat_teleop:/home/raspberry/boat_ws/install/my_boat_driver:/opt/ros/humble /usr/bin/cmake --build /home/raspberry/boat_ws/build/my_boat_bringup -- -j4 -l4
[4.529s] DEBUG:colcon.colcon_core.event_handler.log_command:Invoking command in '/home/raspberry/boat_ws/build/my_boat_bringup': CMAKE_PREFIX_PATH=${CMAKE_PREFIX_PATH}:/home/raspberry/boat_ws/install/my_boat_teleop:/home/raspberry/boat_ws/install/my_boat_driver:/opt/ros/humble /usr/bin/cmake --install /home/raspberry/boat_ws/build/my_boat_bringup
[4.576s] Level 1:colcon.colcon_core.environment:create_environment_scripts_only(my_boat_bringup)
[4.587s] DEBUG:colcon.colcon_core.event_handler.log_command:Invoked command in '/home/raspberry/boat_ws/build/my_boat_bringup' returned '0': CMAKE_PREFIX_PATH=${CMAKE_PREFIX_PATH}:/home/raspberry/boat_ws/install/my_boat_teleop:/home/raspberry/boat_ws/install/my_boat_driver:/opt/ros/humble /usr/bin/cmake --install /home/raspberry/boat_ws/build/my_boat_bringup
[4.597s] Level 1:colcon.colcon_core.environment:checking '/home/raspberry/boat_ws/install/my_boat_bringup' for CMake module files
[4.600s] Level 1:colcon.colcon_core.environment:checking '/home/raspberry/boat_ws/install/my_boat_bringup' for CMake config files
[4.602s] Level 1:colcon.colcon_core.shell:create_environment_hook('my_boat_bringup', 'cmake_prefix_path')
[4.603s] INFO:colcon.colcon_core.shell:Creating environment hook '/home/raspberry/boat_ws/install/my_boat_bringup/share/my_boat_bringup/hook/cmake_prefix_path.ps1'
[4.606s] INFO:colcon.colcon_core.shell:Creating environment descriptor '/home/raspberry/boat_ws/install/my_boat_bringup/share/my_boat_bringup/hook/cmake_prefix_path.dsv'
[4.609s] INFO:colcon.colcon_core.shell:Creating environment hook '/home/raspberry/boat_ws/install/my_boat_bringup/share/my_boat_bringup/hook/cmake_prefix_path.sh'
[4.613s] Level 1:colcon.colcon_core.environment:checking '/home/raspberry/boat_ws/install/my_boat_bringup/bin'
[4.614s] Level 1:colcon.colcon_core.environment:checking '/home/raspberry/boat_ws/install/my_boat_bringup/lib/pkgconfig/my_boat_bringup.pc'
[4.616s] Level 1:colcon.colcon_core.environment:checking '/home/raspberry/boat_ws/install/my_boat_bringup/lib/python3.10/site-packages'
[4.619s] Level 1:colcon.colcon_core.environment:checking '/home/raspberry/boat_ws/install/my_boat_bringup/bin'
[4.620s] INFO:colcon.colcon_core.shell:Creating package script '/home/raspberry/boat_ws/install/my_boat_bringup/share/my_boat_bringup/package.ps1'
[4.626s] INFO:colcon.colcon_core.shell:Creating package descriptor '/home/raspberry/boat_ws/install/my_boat_bringup/share/my_boat_bringup/package.dsv'
[4.629s] INFO:colcon.colcon_core.shell:Creating package script '/home/raspberry/boat_ws/install/my_boat_bringup/share/my_boat_bringup/package.sh'
[4.633s] INFO:colcon.colcon_core.shell:Creating package script '/home/raspberry/boat_ws/install/my_boat_bringup/share/my_boat_bringup/package.bash'
[4.638s] INFO:colcon.colcon_core.shell:Creating package script '/home/raspberry/boat_ws/install/my_boat_bringup/share/my_boat_bringup/package.zsh'
[4.642s] Level 1:colcon.colcon_core.environment:create_file_with_runtime_dependencies(/home/raspberry/boat_ws/install/my_boat_bringup/share/colcon-core/packages/my_boat_bringup)
[4.645s] Level 1:colcon.colcon_core.environment:create_environment_scripts_only(my_boat_bringup)
[4.646s] Level 1:colcon.colcon_core.environment:checking '/home/raspberry/boat_ws/install/my_boat_bringup' for CMake module files
[4.649s] Level 1:colcon.colcon_core.environment:checking '/home/raspberry/boat_ws/install/my_boat_bringup' for CMake config files
[4.650s] Level 1:colcon.colcon_core.shell:create_environment_hook('my_boat_bringup', 'cmake_prefix_path')
[4.651s] INFO:colcon.colcon_core.shell:Creating environment hook '/home/raspberry/boat_ws/install/my_boat_bringup/share/my_boat_bringup/hook/cmake_prefix_path.ps1'
[4.654s] INFO:colcon.colcon_core.shell:Creating environment descriptor '/home/raspberry/boat_ws/install/my_boat_bringup/share/my_boat_bringup/hook/cmake_prefix_path.dsv'
[4.656s] INFO:colcon.colcon_core.shell:Creating environment hook '/home/raspberry/boat_ws/install/my_boat_bringup/share/my_boat_bringup/hook/cmake_prefix_path.sh'
[4.660s] Level 1:colcon.colcon_core.environment:checking '/home/raspberry/boat_ws/install/my_boat_bringup/bin'
[4.661s] Level 1:colcon.colcon_core.environment:checking '/home/raspberry/boat_ws/install/my_boat_bringup/lib/pkgconfig/my_boat_bringup.pc'
[4.662s] Level 1:colcon.colcon_core.environment:checking '/home/raspberry/boat_ws/install/my_boat_bringup/lib/python3.10/site-packages'
[4.664s] Level 1:colcon.colcon_core.environment:checking '/home/raspberry/boat_ws/install/my_boat_bringup/bin'
[4.665s] INFO:colcon.colcon_core.shell:Creating package script '/home/raspberry/boat_ws/install/my_boat_bringup/share/my_boat_bringup/package.ps1'
[4.669s] INFO:colcon.colcon_core.shell:Creating package descriptor '/home/raspberry/boat_ws/install/my_boat_bringup/share/my_boat_bringup/package.dsv'
[4.703s] INFO:colcon.colcon_core.shell:Creating package script '/home/raspberry/boat_ws/install/my_boat_bringup/share/my_boat_bringup/package.sh'
[4.707s] INFO:colcon.colcon_core.shell:Creating package script '/home/raspberry/boat_ws/install/my_boat_bringup/share/my_boat_bringup/package.bash'
[4.710s] INFO:colcon.colcon_core.shell:Creating package script '/home/raspberry/boat_ws/install/my_boat_bringup/share/my_boat_bringup/package.zsh'
[4.713s] Level 1:colcon.colcon_core.environment:create_file_with_runtime_dependencies(/home/raspberry/boat_ws/install/my_boat_bringup/share/colcon-core/packages/my_boat_bringup)
[6.501s] DEBUG:colcon.colcon_core.event_handler.log_command:Invoking command in '/home/raspberry/boat_ws/src/my_boat_driver': PYTHONPATH=/home/raspberry/boat_ws/build/my_boat_driver/prefix_override:/usr/lib/python3/dist-packages/colcon_core/task/python/colcon_distutils_commands:/home/raspberry/boat_ws/install/my_boat_driver/lib/python3.10/site-packages:${PYTHONPATH} /usr/bin/python3 -W ignore:setup.py install is deprecated -W ignore:easy_install command is deprecated setup.py egg_info --egg-base ../../build/my_boat_driver build --build-base /home/raspberry/boat_ws/build/my_boat_driver/build install --record /home/raspberry/boat_ws/build/my_boat_driver/install.log --single-version-externally-managed install_data
[6.518s] DEBUG:colcon.colcon_core.event_handler.log_command:Invoking command in '/home/raspberry/boat_ws/src/my_boat_teleop': PYTHONPATH=/home/raspberry/boat_ws/build/my_boat_teleop/prefix_override:/usr/lib/python3/dist-packages/colcon_core/task/python/colcon_distutils_commands:/home/raspberry/boat_ws/install/my_boat_teleop/lib/python3.10/site-packages:${PYTHONPATH} /usr/bin/python3 -W ignore:setup.py install is deprecated -W ignore:easy_install command is deprecated setup.py egg_info --egg-base ../../build/my_boat_teleop build --build-base /home/raspberry/boat_ws/build/my_boat_teleop/build install --record /home/raspberry/boat_ws/build/my_boat_teleop/install.log --single-version-externally-managed install_data
[8.173s] Level 1:colcon.colcon_core.environment:checking '/home/raspberry/boat_ws/install/my_boat_driver' for CMake module files
[8.184s] Level 1:colcon.colcon_core.environment:checking '/home/raspberry/boat_ws/install/my_boat_driver' for CMake config files
[8.180s] DEBUG:colcon.colcon_core.event_handler.log_command:Invoked command in '/home/raspberry/boat_ws/src/my_boat_driver' returned '0': PYTHONPATH=/home/raspberry/boat_ws/build/my_boat_driver/prefix_override:/usr/lib/python3/dist-packages/colcon_core/task/python/colcon_distutils_commands:/home/raspberry/boat_ws/install/my_boat_driver/lib/python3.10/site-packages:${PYTHONPATH} /usr/bin/python3 -W ignore:setup.py install is deprecated -W ignore:easy_install command is deprecated setup.py egg_info --egg-base ../../build/my_boat_driver build --build-base /home/raspberry/boat_ws/build/my_boat_driver/build install --record /home/raspberry/boat_ws/build/my_boat_driver/install.log --single-version-externally-managed install_data
[8.197s] Level 1:colcon.colcon_core.environment:checking '/home/raspberry/boat_ws/install/my_boat_driver/lib'
[8.199s] Level 1:colcon.colcon_core.environment:checking '/home/raspberry/boat_ws/install/my_boat_driver/bin'
[8.199s] Level 1:colcon.colcon_core.environment:checking '/home/raspberry/boat_ws/install/my_boat_driver/lib/pkgconfig/my_boat_driver.pc'
[8.201s] Level 1:colcon.colcon_core.environment:checking '/home/raspberry/boat_ws/install/my_boat_driver/lib/python3.10/site-packages'
[8.202s] Level 1:colcon.colcon_core.shell:create_environment_hook('my_boat_driver', 'pythonpath')
[8.203s] INFO:colcon.colcon_core.shell:Creating environment hook '/home/raspberry/boat_ws/install/my_boat_driver/share/my_boat_driver/hook/pythonpath.ps1'
[8.217s] INFO:colcon.colcon_core.shell:Creating environment descriptor '/home/raspberry/boat_ws/install/my_boat_driver/share/my_boat_driver/hook/pythonpath.dsv'
[8.223s] INFO:colcon.colcon_core.shell:Creating environment hook '/home/raspberry/boat_ws/install/my_boat_driver/share/my_boat_driver/hook/pythonpath.sh'
[8.231s] Level 1:colcon.colcon_core.environment:checking '/home/raspberry/boat_ws/install/my_boat_driver/bin'
[8.231s] Level 1:colcon.colcon_core.environment:create_environment_scripts_only(my_boat_driver)
[8.233s] INFO:colcon.colcon_core.shell:Creating package script '/home/raspberry/boat_ws/install/my_boat_driver/share/my_boat_driver/package.ps1'
[8.237s] INFO:colcon.colcon_core.shell:Creating package descriptor '/home/raspberry/boat_ws/install/my_boat_driver/share/my_boat_driver/package.dsv'
[8.246s] INFO:colcon.colcon_core.shell:Creating package script '/home/raspberry/boat_ws/install/my_boat_driver/share/my_boat_driver/package.sh'
[8.249s] INFO:colcon.colcon_core.shell:Creating package script '/home/raspberry/boat_ws/install/my_boat_driver/share/my_boat_driver/package.bash'
[8.252s] INFO:colcon.colcon_core.shell:Creating package script '/home/raspberry/boat_ws/install/my_boat_driver/share/my_boat_driver/package.zsh'
[8.255s] Level 1:colcon.colcon_core.environment:create_file_with_runtime_dependencies(/home/raspberry/boat_ws/install/my_boat_driver/share/colcon-core/packages/my_boat_driver)
[8.258s] Level 1:colcon.colcon_core.environment:checking '/home/raspberry/boat_ws/install/my_boat_teleop' for CMake module files
[8.263s] DEBUG:colcon.colcon_core.event_handler.log_command:Invoked command in '/home/raspberry/boat_ws/src/my_boat_teleop' returned '0': PYTHONPATH=/home/raspberry/boat_ws/build/my_boat_teleop/prefix_override:/usr/lib/python3/dist-packages/colcon_core/task/python/colcon_distutils_commands:/home/raspberry/boat_ws/install/my_boat_teleop/lib/python3.10/site-packages:${PYTHONPATH} /usr/bin/python3 -W ignore:setup.py install is deprecated -W ignore:easy_install command is deprecated setup.py egg_info --egg-base ../../build/my_boat_teleop build --build-base /home/raspberry/boat_ws/build/my_boat_teleop/build install --record /home/raspberry/boat_ws/build/my_boat_teleop/install.log --single-version-externally-managed install_data
[8.264s] Level 1:colcon.colcon_core.environment:checking '/home/raspberry/boat_ws/install/my_boat_teleop' for CMake config files
[8.269s] Level 1:colcon.colcon_core.environment:checking '/home/raspberry/boat_ws/install/my_boat_teleop/lib'
[8.270s] Level 1:colcon.colcon_core.environment:checking '/home/raspberry/boat_ws/install/my_boat_teleop/bin'
[8.271s] Level 1:colcon.colcon_core.environment:checking '/home/raspberry/boat_ws/install/my_boat_teleop/lib/pkgconfig/my_boat_teleop.pc'
[8.272s] Level 1:colcon.colcon_core.environment:checking '/home/raspberry/boat_ws/install/my_boat_teleop/lib/python3.10/site-packages'
[8.273s] Level 1:colcon.colcon_core.shell:create_environment_hook('my_boat_teleop', 'pythonpath')
[8.274s] INFO:colcon.colcon_core.shell:Creating environment hook '/home/raspberry/boat_ws/install/my_boat_teleop/share/my_boat_teleop/hook/pythonpath.ps1'
[8.276s] INFO:colcon.colcon_core.shell:Creating environment descriptor '/home/raspberry/boat_ws/install/my_boat_teleop/share/my_boat_teleop/hook/pythonpath.dsv'
[8.279s] INFO:colcon.colcon_core.shell:Creating environment hook '/home/raspberry/boat_ws/install/my_boat_teleop/share/my_boat_teleop/hook/pythonpath.sh'
[8.283s] Level 1:colcon.colcon_core.environment:checking '/home/raspberry/boat_ws/install/my_boat_teleop/bin'
[8.283s] Level 1:colcon.colcon_core.environment:create_environment_scripts_only(my_boat_teleop)
[8.285s] INFO:colcon.colcon_core.shell:Creating package script '/home/raspberry/boat_ws/install/my_boat_teleop/share/my_boat_teleop/package.ps1'
[8.288s] INFO:colcon.colcon_core.shell:Creating package descriptor '/home/raspberry/boat_ws/install/my_boat_teleop/share/my_boat_teleop/package.dsv'
[8.291s] INFO:colcon.colcon_core.shell:Creating package script '/home/raspberry/boat_ws/install/my_boat_teleop/share/my_boat_teleop/package.sh'
[8.294s] INFO:colcon.colcon_core.shell:Creating package script '/home/raspberry/boat_ws/install/my_boat_teleop/share/my_boat_teleop/package.bash'
[8.298s] INFO:colcon.colcon_core.shell:Creating package script '/home/raspberry/boat_ws/install/my_boat_teleop/share/my_boat_teleop/package.zsh'
[8.301s] Level 1:colcon.colcon_core.environment:create_file_with_runtime_dependencies(/home/raspberry/boat_ws/install/my_boat_teleop/share/colcon-core/packages/my_boat_teleop)
[8.310s] DEBUG:colcon.colcon_parallel_executor.executor.parallel:closing loop
[8.310s] DEBUG:colcon.colcon_parallel_executor.executor.parallel:loop closed
[8.311s] DEBUG:colcon.colcon_parallel_executor.executor.parallel:run_until_complete finished with '0'
[8.311s] DEBUG:colcon.colcon_core.event_reactor:joining thread
[8.360s] INFO:colcon.colcon_core.plugin_system:Skipping extension 'colcon_notification.desktop_notification.notify_send': Could not find 'notify-send'
[8.360s] INFO:colcon.colcon_core.plugin_system:Skipping extension 'colcon_notification.desktop_notification.terminal_notifier': Not used on non-Darwin systems
[8.361s] INFO:colcon.colcon_core.plugin_system:Skipping extension 'colcon_notification.desktop_notification.win32': Not used on non-Windows systems
[8.362s] INFO:colcon.colcon_notification.desktop_notification:Sending desktop notification using 'notify2'
[8.367s] DEBUG:colcon.colcon_notification.desktop_notification.notify2:Failed to initialize notify2: org.freedesktop.DBus.Error.ServiceUnknown: The name org.freedesktop.Notifications was not provided by any .service files
[8.367s] DEBUG:colcon.colcon_core.event_reactor:joined thread
[8.370s] INFO:colcon.colcon_core.shell:Creating prefix script '/home/raspberry/boat_ws/install/local_setup.ps1'
[8.375s] INFO:colcon.colcon_core.shell:Creating prefix util module '/home/raspberry/boat_ws/install/_local_setup_util_ps1.py'
[8.384s] INFO:colcon.colcon_core.shell:Creating prefix chain script '/home/raspberry/boat_ws/install/setup.ps1'
[8.391s] INFO:colcon.colcon_core.shell:Creating prefix script '/home/raspberry/boat_ws/install/local_setup.sh'
[8.395s] INFO:colcon.colcon_core.shell:Creating prefix util module '/home/raspberry/boat_ws/install/_local_setup_util_sh.py'
[8.398s] INFO:colcon.colcon_core.shell:Creating prefix chain script '/home/raspberry/boat_ws/install/setup.sh'
[8.405s] INFO:colcon.colcon_core.shell:Creating prefix script '/home/raspberry/boat_ws/install/local_setup.bash'
[8.408s] INFO:colcon.colcon_core.shell:Creating prefix chain script '/home/raspberry/boat_ws/install/setup.bash'
[8.414s] INFO:colcon.colcon_core.shell:Creating prefix script '/home/raspberry/boat_ws/install/local_setup.zsh'
[8.417s] INFO:colcon.colcon_core.shell:Creating prefix chain script '/home/raspberry/boat_ws/install/setup.zsh'
