running egg_info
writing ../../build/my_boat_driver/my_boat_driver.egg-info/PKG-INFO
writing dependency_links to ../../build/my_boat_driver/my_boat_driver.egg-info/dependency_links.txt
writing entry points to ../../build/my_boat_driver/my_boat_driver.egg-info/entry_points.txt
writing requirements to ../../build/my_boat_driver/my_boat_driver.egg-info/requires.txt
writing top-level names to ../../build/my_boat_driver/my_boat_driver.egg-info/top_level.txt
reading manifest file '../../build/my_boat_driver/my_boat_driver.egg-info/SOURCES.txt'
adding license file 'LICENSE'
writing manifest file '../../build/my_boat_driver/my_boat_driver.egg-info/SOURCES.txt'
running build
running build_py
copying my_boat_driver/motor_driver_node.py -> /home/raspberry/boat_ws/build/my_boat_driver/build/lib/my_boat_driver
running install
running install_lib
copying /home/raspberry/boat_ws/build/my_boat_driver/build/lib/my_boat_driver/motor_driver_node.py -> /home/raspberry/boat_ws/install/my_boat_driver/lib/python3.10/site-packages/my_boat_driver
byte-compiling /home/raspberry/boat_ws/install/my_boat_driver/lib/python3.10/site-packages/my_boat_driver/motor_driver_node.py to motor_driver_node.cpython-310.pyc
running install_data
running install_egg_info
removing '/home/raspberry/boat_ws/install/my_boat_driver/lib/python3.10/site-packages/my_boat_driver-0.0.0-py3.10.egg-info' (and everything under it)
Copying ../../build/my_boat_driver/my_boat_driver.egg-info to /home/raspberry/boat_ws/install/my_boat_driver/lib/python3.10/site-packages/my_boat_driver-0.0.0-py3.10.egg-info
running install_scripts
Installing motor_driver_node script to /home/raspberry/boat_ws/install/my_boat_driver/lib/my_boat_driver
writing list of installed files to '/home/raspberry/boat_ws/build/my_boat_driver/install.log'
