[0.439s] DEBUG:colcon:Command line arguments: ['/usr/bin/colcon', 'build']
[0.439s] DEBUG:colcon:Parsed command line arguments: Namespace(log_base=None, log_level=None, verb_name='build', build_base='build', install_base='install', merge_install=False, symlink_install=False, test_result_base=None, continue_on_error=False, executor='parallel', parallel_workers=4, event_handlers=None, ignore_user_meta=False, metas=['./colcon.meta'], base_paths=['.'], packages_ignore=None, packages_ignore_regex=None, paths=None, packages_up_to=None, packages_up_to_regex=None, packages_above=None, packages_above_and_dependencies=None, packages_above_depth=None, packages_select_by_dep=None, packages_skip_by_dep=None, packages_skip_up_to=None, packages_select_build_failed=False, packages_skip_build_finished=False, packages_select_test_failures=False, packages_skip_test_passed=False, packages_select=None, packages_skip=None, packages_select_regex=None, packages_skip_regex=None, packages_start=None, packages_end=None, allow_overriding=[], cmake_args=None, cmake_target=None, cmake_target_skip_unavailable=False, cmake_clean_cache=False, cmake_clean_first=False, cmake_force_configure=False, ament_cmake_args=None, catkin_cmake_args=None, catkin_skip_building_tests=False, mixin_files=None, mixin=None, verb_parser=<colcon_mixin.mixin.mixin_argument.MixinArgumentDecorator object at 0xffff9e368a30>, verb_extension=<colcon_core.verb.build.BuildVerb object at 0xffff9e4919c0>, main=<bound method BuildVerb.main of <colcon_core.verb.build.BuildVerb object at 0xffff9e4919c0>>, mixin_verb=('build',))
[1.073s] Level 1:colcon.colcon_core.package_discovery:discover_packages(colcon_meta) check parameters
[1.074s] Level 1:colcon.colcon_core.package_discovery:discover_packages(recursive) check parameters
[1.074s] Level 1:colcon.colcon_core.package_discovery:discover_packages(ignore) check parameters
[1.074s] Level 1:colcon.colcon_core.package_discovery:discover_packages(path) check parameters
[1.074s] Level 1:colcon.colcon_core.package_discovery:discover_packages(colcon_meta) discover
[1.075s] Level 1:colcon.colcon_core.package_discovery:discover_packages(recursive) discover
[1.075s] INFO:colcon.colcon_core.package_discovery:Crawling recursively for packages in '/home/raspberry/boat_ws'
[1.075s] Level 1:colcon.colcon_core.package_identification:_identify(.) by extensions ['ignore', 'ignore_ament_install']
[1.076s] Level 1:colcon.colcon_core.package_identification:_identify(.) by extension 'ignore'
[1.076s] Level 1:colcon.colcon_core.package_identification:_identify(.) by extension 'ignore_ament_install'
[1.076s] Level 1:colcon.colcon_core.package_identification:_identify(.) by extensions ['colcon_pkg']
[1.076s] Level 1:colcon.colcon_core.package_identification:_identify(.) by extension 'colcon_pkg'
[1.077s] Level 1:colcon.colcon_core.package_identification:_identify(.) by extensions ['colcon_meta']
[1.077s] Level 1:colcon.colcon_core.package_identification:_identify(.) by extension 'colcon_meta'
[1.077s] Level 1:colcon.colcon_core.package_identification:_identify(.) by extensions ['ros']
[1.077s] Level 1:colcon.colcon_core.package_identification:_identify(.) by extension 'ros'
[1.123s] Level 1:colcon.colcon_core.package_identification:_identify(.) by extensions ['cmake', 'python']
[1.123s] Level 1:colcon.colcon_core.package_identification:_identify(.) by extension 'cmake'
[1.123s] Level 1:colcon.colcon_core.package_identification:_identify(.) by extension 'python'
[1.123s] Level 1:colcon.colcon_core.package_identification:_identify(.) by extensions ['python_setup_py']
[1.124s] Level 1:colcon.colcon_core.package_identification:_identify(.) by extension 'python_setup_py'
[1.124s] Level 1:colcon.colcon_core.package_identification:_identify(build) by extensions ['ignore', 'ignore_ament_install']
[1.125s] Level 1:colcon.colcon_core.package_identification:_identify(build) by extension 'ignore'
[1.125s] Level 1:colcon.colcon_core.package_identification:_identify(build) ignored
[1.125s] Level 1:colcon.colcon_core.package_identification:_identify(install) by extensions ['ignore', 'ignore_ament_install']
[1.126s] Level 1:colcon.colcon_core.package_identification:_identify(install) by extension 'ignore'
[1.126s] Level 1:colcon.colcon_core.package_identification:_identify(install) ignored
[1.127s] Level 1:colcon.colcon_core.package_identification:_identify(log) by extensions ['ignore', 'ignore_ament_install']
[1.127s] Level 1:colcon.colcon_core.package_identification:_identify(log) by extension 'ignore'
[1.127s] Level 1:colcon.colcon_core.package_identification:_identify(log) ignored
[1.128s] Level 1:colcon.colcon_core.package_identification:_identify(src) by extensions ['ignore', 'ignore_ament_install']
[1.128s] Level 1:colcon.colcon_core.package_identification:_identify(src) by extension 'ignore'
[1.128s] Level 1:colcon.colcon_core.package_identification:_identify(src) by extension 'ignore_ament_install'
[1.129s] Level 1:colcon.colcon_core.package_identification:_identify(src) by extensions ['colcon_pkg']
[1.129s] Level 1:colcon.colcon_core.package_identification:_identify(src) by extension 'colcon_pkg'
[1.129s] Level 1:colcon.colcon_core.package_identification:_identify(src) by extensions ['colcon_meta']
[1.129s] Level 1:colcon.colcon_core.package_identification:_identify(src) by extension 'colcon_meta'
[1.129s] Level 1:colcon.colcon_core.package_identification:_identify(src) by extensions ['ros']
[1.129s] Level 1:colcon.colcon_core.package_identification:_identify(src) by extension 'ros'
[1.130s] Level 1:colcon.colcon_core.package_identification:_identify(src) by extensions ['cmake', 'python']
[1.130s] Level 1:colcon.colcon_core.package_identification:_identify(src) by extension 'cmake'
[1.130s] Level 1:colcon.colcon_core.package_identification:_identify(src) by extension 'python'
[1.130s] Level 1:colcon.colcon_core.package_identification:_identify(src) by extensions ['python_setup_py']
[1.130s] Level 1:colcon.colcon_core.package_identification:_identify(src) by extension 'python_setup_py'
[1.131s] Level 1:colcon.colcon_core.package_identification:_identify(src/my_boat_bringup) by extensions ['ignore', 'ignore_ament_install']
[1.131s] Level 1:colcon.colcon_core.package_identification:_identify(src/my_boat_bringup) by extension 'ignore'
[1.131s] Level 1:colcon.colcon_core.package_identification:_identify(src/my_boat_bringup) by extension 'ignore_ament_install'
[1.132s] Level 1:colcon.colcon_core.package_identification:_identify(src/my_boat_bringup) by extensions ['colcon_pkg']
[1.132s] Level 1:colcon.colcon_core.package_identification:_identify(src/my_boat_bringup) by extension 'colcon_pkg'
[1.132s] Level 1:colcon.colcon_core.package_identification:_identify(src/my_boat_bringup) by extensions ['colcon_meta']
[1.132s] Level 1:colcon.colcon_core.package_identification:_identify(src/my_boat_bringup) by extension 'colcon_meta'
[1.132s] Level 1:colcon.colcon_core.package_identification:_identify(src/my_boat_bringup) by extensions ['ros']
[1.132s] Level 1:colcon.colcon_core.package_identification:_identify(src/my_boat_bringup) by extension 'ros'
[1.142s] DEBUG:colcon.colcon_core.package_identification:Package 'src/my_boat_bringup' with type 'ros.ament_cmake' and name 'my_boat_bringup'
[1.142s] Level 1:colcon.colcon_core.package_identification:_identify(src/my_boat_driver) by extensions ['ignore', 'ignore_ament_install']
[1.143s] Level 1:colcon.colcon_core.package_identification:_identify(src/my_boat_driver) by extension 'ignore'
[1.143s] Level 1:colcon.colcon_core.package_identification:_identify(src/my_boat_driver) by extension 'ignore_ament_install'
[1.144s] Level 1:colcon.colcon_core.package_identification:_identify(src/my_boat_driver) by extensions ['colcon_pkg']
[1.144s] Level 1:colcon.colcon_core.package_identification:_identify(src/my_boat_driver) by extension 'colcon_pkg'
[1.144s] Level 1:colcon.colcon_core.package_identification:_identify(src/my_boat_driver) by extensions ['colcon_meta']
[1.144s] Level 1:colcon.colcon_core.package_identification:_identify(src/my_boat_driver) by extension 'colcon_meta'
[1.144s] Level 1:colcon.colcon_core.package_identification:_identify(src/my_boat_driver) by extensions ['ros']
[1.145s] Level 1:colcon.colcon_core.package_identification:_identify(src/my_boat_driver) by extension 'ros'
[1.147s] DEBUG:colcon.colcon_core.package_identification:Package 'src/my_boat_driver' with type 'ros.ament_python' and name 'my_boat_driver'
[1.148s] Level 1:colcon.colcon_core.package_identification:_identify(src/my_boat_teleop) by extensions ['ignore', 'ignore_ament_install']
[1.148s] Level 1:colcon.colcon_core.package_identification:_identify(src/my_boat_teleop) by extension 'ignore'
[1.149s] Level 1:colcon.colcon_core.package_identification:_identify(src/my_boat_teleop) by extension 'ignore_ament_install'
[1.149s] Level 1:colcon.colcon_core.package_identification:_identify(src/my_boat_teleop) by extensions ['colcon_pkg']
[1.149s] Level 1:colcon.colcon_core.package_identification:_identify(src/my_boat_teleop) by extension 'colcon_pkg'
[1.149s] Level 1:colcon.colcon_core.package_identification:_identify(src/my_boat_teleop) by extensions ['colcon_meta']
[1.150s] Level 1:colcon.colcon_core.package_identification:_identify(src/my_boat_teleop) by extension 'colcon_meta'
[1.150s] Level 1:colcon.colcon_core.package_identification:_identify(src/my_boat_teleop) by extensions ['ros']
[1.150s] Level 1:colcon.colcon_core.package_identification:_identify(src/my_boat_teleop) by extension 'ros'
[1.158s] DEBUG:colcon.colcon_core.package_identification:Package 'src/my_boat_teleop' with type 'ros.ament_python' and name 'my_boat_teleop'
[1.159s] Level 1:colcon.colcon_core.package_discovery:discover_packages(recursive) using defaults
[1.159s] Level 1:colcon.colcon_core.package_discovery:discover_packages(ignore) discover
[1.159s] Level 1:colcon.colcon_core.package_discovery:discover_packages(ignore) using defaults
[1.159s] Level 1:colcon.colcon_core.package_discovery:discover_packages(path) discover
[1.159s] Level 1:colcon.colcon_core.package_discovery:discover_packages(path) using defaults
[1.233s] Level 1:colcon.colcon_core.package_discovery:discover_packages(prefix_path) check parameters
[1.234s] Level 1:colcon.colcon_core.package_discovery:discover_packages(prefix_path) discover
[1.238s] Level 1:colcon.colcon_core.package_discovery:discover_packages(prefix_path) using defaults
[1.242s] Level 5:colcon.colcon_core.verb:set package 'my_boat_bringup' build argument 'cmake_args' from command line to 'None'
[1.243s] Level 5:colcon.colcon_core.verb:set package 'my_boat_bringup' build argument 'cmake_target' from command line to 'None'
[1.243s] Level 5:colcon.colcon_core.verb:set package 'my_boat_bringup' build argument 'cmake_target_skip_unavailable' from command line to 'False'
[1.243s] Level 5:colcon.colcon_core.verb:set package 'my_boat_bringup' build argument 'cmake_clean_cache' from command line to 'False'
[1.243s] Level 5:colcon.colcon_core.verb:set package 'my_boat_bringup' build argument 'cmake_clean_first' from command line to 'False'
[1.243s] Level 5:colcon.colcon_core.verb:set package 'my_boat_bringup' build argument 'cmake_force_configure' from command line to 'False'
[1.243s] Level 5:colcon.colcon_core.verb:set package 'my_boat_bringup' build argument 'ament_cmake_args' from command line to 'None'
[1.243s] Level 5:colcon.colcon_core.verb:set package 'my_boat_bringup' build argument 'catkin_cmake_args' from command line to 'None'
[1.243s] Level 5:colcon.colcon_core.verb:set package 'my_boat_bringup' build argument 'catkin_skip_building_tests' from command line to 'False'
[1.244s] DEBUG:colcon.colcon_core.verb:Building package 'my_boat_bringup' with the following arguments: {'ament_cmake_args': None, 'build_base': '/home/raspberry/boat_ws/build/my_boat_bringup', 'catkin_cmake_args': None, 'catkin_skip_building_tests': False, 'cmake_args': None, 'cmake_clean_cache': False, 'cmake_clean_first': False, 'cmake_force_configure': False, 'cmake_target': None, 'cmake_target_skip_unavailable': False, 'install_base': '/home/raspberry/boat_ws/install/my_boat_bringup', 'merge_install': False, 'path': '/home/raspberry/boat_ws/src/my_boat_bringup', 'symlink_install': False, 'test_result_base': None}
[1.245s] Level 5:colcon.colcon_core.verb:set package 'my_boat_driver' build argument 'cmake_args' from command line to 'None'
[1.245s] Level 5:colcon.colcon_core.verb:set package 'my_boat_driver' build argument 'cmake_target' from command line to 'None'
[1.246s] Level 5:colcon.colcon_core.verb:set package 'my_boat_driver' build argument 'cmake_target_skip_unavailable' from command line to 'False'
[1.246s] Level 5:colcon.colcon_core.verb:set package 'my_boat_driver' build argument 'cmake_clean_cache' from command line to 'False'
[1.246s] Level 5:colcon.colcon_core.verb:set package 'my_boat_driver' build argument 'cmake_clean_first' from command line to 'False'
[1.246s] Level 5:colcon.colcon_core.verb:set package 'my_boat_driver' build argument 'cmake_force_configure' from command line to 'False'
[1.246s] Level 5:colcon.colcon_core.verb:set package 'my_boat_driver' build argument 'ament_cmake_args' from command line to 'None'
[1.246s] Level 5:colcon.colcon_core.verb:set package 'my_boat_driver' build argument 'catkin_cmake_args' from command line to 'None'
[1.246s] Level 5:colcon.colcon_core.verb:set package 'my_boat_driver' build argument 'catkin_skip_building_tests' from command line to 'False'
[1.246s] DEBUG:colcon.colcon_core.verb:Building package 'my_boat_driver' with the following arguments: {'ament_cmake_args': None, 'build_base': '/home/raspberry/boat_ws/build/my_boat_driver', 'catkin_cmake_args': None, 'catkin_skip_building_tests': False, 'cmake_args': None, 'cmake_clean_cache': False, 'cmake_clean_first': False, 'cmake_force_configure': False, 'cmake_target': None, 'cmake_target_skip_unavailable': False, 'install_base': '/home/raspberry/boat_ws/install/my_boat_driver', 'merge_install': False, 'path': '/home/raspberry/boat_ws/src/my_boat_driver', 'symlink_install': False, 'test_result_base': None}
[1.248s] Level 5:colcon.colcon_core.verb:set package 'my_boat_teleop' build argument 'cmake_args' from command line to 'None'
[1.248s] Level 5:colcon.colcon_core.verb:set package 'my_boat_teleop' build argument 'cmake_target' from command line to 'None'
[1.248s] Level 5:colcon.colcon_core.verb:set package 'my_boat_teleop' build argument 'cmake_target_skip_unavailable' from command line to 'False'
[1.248s] Level 5:colcon.colcon_core.verb:set package 'my_boat_teleop' build argument 'cmake_clean_cache' from command line to 'False'
[1.248s] Level 5:colcon.colcon_core.verb:set package 'my_boat_teleop' build argument 'cmake_clean_first' from command line to 'False'
[1.248s] Level 5:colcon.colcon_core.verb:set package 'my_boat_teleop' build argument 'cmake_force_configure' from command line to 'False'
[1.248s] Level 5:colcon.colcon_core.verb:set package 'my_boat_teleop' build argument 'ament_cmake_args' from command line to 'None'
[1.248s] Level 5:colcon.colcon_core.verb:set package 'my_boat_teleop' build argument 'catkin_cmake_args' from command line to 'None'
[1.249s] Level 5:colcon.colcon_core.verb:set package 'my_boat_teleop' build argument 'catkin_skip_building_tests' from command line to 'False'
[1.249s] DEBUG:colcon.colcon_core.verb:Building package 'my_boat_teleop' with the following arguments: {'ament_cmake_args': None, 'build_base': '/home/raspberry/boat_ws/build/my_boat_teleop', 'catkin_cmake_args': None, 'catkin_skip_building_tests': False, 'cmake_args': None, 'cmake_clean_cache': False, 'cmake_clean_first': False, 'cmake_force_configure': False, 'cmake_target': None, 'cmake_target_skip_unavailable': False, 'install_base': '/home/raspberry/boat_ws/install/my_boat_teleop', 'merge_install': False, 'path': '/home/raspberry/boat_ws/src/my_boat_teleop', 'symlink_install': False, 'test_result_base': None}
[1.249s] INFO:colcon.colcon_core.executor:Executing jobs using 'parallel' executor
[1.252s] DEBUG:colcon.colcon_parallel_executor.executor.parallel:run_until_complete
[1.254s] INFO:colcon.colcon_ros.task.ament_cmake.build:Building ROS package in '/home/raspberry/boat_ws/src/my_boat_bringup' with build type 'ament_cmake'
[1.254s] INFO:colcon.colcon_cmake.task.cmake.build:Building CMake package in '/home/raspberry/boat_ws/src/my_boat_bringup'
[1.263s] INFO:colcon.colcon_core.plugin_system:Skipping extension 'colcon_core.shell.bat': Not used on non-Windows systems
[1.264s] INFO:colcon.colcon_core.shell:Skip shell extension 'powershell' for command environment: Not usable outside of PowerShell
[1.265s] DEBUG:colcon.colcon_core.shell:Skip shell extension 'dsv' for command environment
[1.271s] INFO:colcon.colcon_ros.task.ament_python.build:Building ROS package in '/home/raspberry/boat_ws/src/my_boat_driver' with build type 'ament_python'
[1.272s] Level 1:colcon.colcon_core.shell:create_environment_hook('my_boat_driver', 'ament_prefix_path')
[1.273s] INFO:colcon.colcon_core.shell:Creating environment hook '/home/raspberry/boat_ws/install/my_boat_driver/share/my_boat_driver/hook/ament_prefix_path.ps1'
[1.276s] INFO:colcon.colcon_core.shell:Creating environment descriptor '/home/raspberry/boat_ws/install/my_boat_driver/share/my_boat_driver/hook/ament_prefix_path.dsv'
[1.279s] INFO:colcon.colcon_core.shell:Creating environment hook '/home/raspberry/boat_ws/install/my_boat_driver/share/my_boat_driver/hook/ament_prefix_path.sh'
[1.283s] INFO:colcon.colcon_core.shell:Skip shell extension 'powershell' for command environment: Not usable outside of PowerShell
[1.284s] DEBUG:colcon.colcon_core.shell:Skip shell extension 'dsv' for command environment
[1.289s] INFO:colcon.colcon_ros.task.ament_python.build:Building ROS package in '/home/raspberry/boat_ws/src/my_boat_teleop' with build type 'ament_python'
[1.290s] Level 1:colcon.colcon_core.shell:create_environment_hook('my_boat_teleop', 'ament_prefix_path')
[1.291s] INFO:colcon.colcon_core.shell:Creating environment hook '/home/raspberry/boat_ws/install/my_boat_teleop/share/my_boat_teleop/hook/ament_prefix_path.ps1'
[1.294s] INFO:colcon.colcon_core.shell:Creating environment descriptor '/home/raspberry/boat_ws/install/my_boat_teleop/share/my_boat_teleop/hook/ament_prefix_path.dsv'
[1.296s] INFO:colcon.colcon_core.shell:Creating environment hook '/home/raspberry/boat_ws/install/my_boat_teleop/share/my_boat_teleop/hook/ament_prefix_path.sh'
[1.300s] INFO:colcon.colcon_core.shell:Skip shell extension 'powershell' for command environment: Not usable outside of PowerShell
[1.301s] DEBUG:colcon.colcon_core.shell:Skip shell extension 'dsv' for command environment
[1.329s] DEBUG:colcon.colcon_core.event_handler.log_command:Invoking command in '/home/raspberry/boat_ws/build/my_boat_bringup': /usr/bin/cmake --build /home/raspberry/boat_ws/build/my_boat_bringup -- -j4 -l4
[2.343s] INFO:colcon.colcon_core.task.python.build:Building Python package in '/home/raspberry/boat_ws/src/my_boat_driver'
[2.344s] INFO:colcon.colcon_core.shell:Skip shell extension 'powershell' for command environment: Not usable outside of PowerShell
[2.345s] DEBUG:colcon.colcon_core.shell:Skip shell extension 'dsv' for command environment
[3.326s] INFO:colcon.colcon_core.task.python.build:Building Python package in '/home/raspberry/boat_ws/src/my_boat_teleop'
[3.327s] INFO:colcon.colcon_core.shell:Skip shell extension 'powershell' for command environment: Not usable outside of PowerShell
[3.327s] DEBUG:colcon.colcon_core.shell:Skip shell extension 'dsv' for command environment
[3.335s] DEBUG:colcon.colcon_core.event_handler.log_command:Invoked command in '/home/raspberry/boat_ws/build/my_boat_bringup' returned '0': /usr/bin/cmake --build /home/raspberry/boat_ws/build/my_boat_bringup -- -j4 -l4
[3.373s] DEBUG:colcon.colcon_core.event_handler.log_command:Invoking command in '/home/raspberry/boat_ws/build/my_boat_bringup': /usr/bin/cmake --install /home/raspberry/boat_ws/build/my_boat_bringup
[3.422s] Level 1:colcon.colcon_core.environment:create_environment_scripts_only(my_boat_bringup)
[3.423s] DEBUG:colcon.colcon_core.event_handler.log_command:Invoked command in '/home/raspberry/boat_ws/build/my_boat_bringup' returned '0': /usr/bin/cmake --install /home/raspberry/boat_ws/build/my_boat_bringup
[3.439s] Level 1:colcon.colcon_core.environment:checking '/home/raspberry/boat_ws/install/my_boat_bringup' for CMake module files
[3.442s] Level 1:colcon.colcon_core.environment:checking '/home/raspberry/boat_ws/install/my_boat_bringup' for CMake config files
[3.443s] Level 1:colcon.colcon_core.shell:create_environment_hook('my_boat_bringup', 'cmake_prefix_path')
[3.444s] INFO:colcon.colcon_core.shell:Creating environment hook '/home/raspberry/boat_ws/install/my_boat_bringup/share/my_boat_bringup/hook/cmake_prefix_path.ps1'
[3.447s] INFO:colcon.colcon_core.shell:Creating environment descriptor '/home/raspberry/boat_ws/install/my_boat_bringup/share/my_boat_bringup/hook/cmake_prefix_path.dsv'
[3.450s] INFO:colcon.colcon_core.shell:Creating environment hook '/home/raspberry/boat_ws/install/my_boat_bringup/share/my_boat_bringup/hook/cmake_prefix_path.sh'
[3.454s] Level 1:colcon.colcon_core.environment:checking '/home/raspberry/boat_ws/install/my_boat_bringup/bin'
[3.455s] Level 1:colcon.colcon_core.environment:checking '/home/raspberry/boat_ws/install/my_boat_bringup/lib/pkgconfig/my_boat_bringup.pc'
[3.457s] Level 1:colcon.colcon_core.environment:checking '/home/raspberry/boat_ws/install/my_boat_bringup/lib/python3.10/site-packages'
[3.459s] Level 1:colcon.colcon_core.environment:checking '/home/raspberry/boat_ws/install/my_boat_bringup/bin'
[3.460s] INFO:colcon.colcon_core.shell:Creating package script '/home/raspberry/boat_ws/install/my_boat_bringup/share/my_boat_bringup/package.ps1'
[3.464s] INFO:colcon.colcon_core.shell:Creating package descriptor '/home/raspberry/boat_ws/install/my_boat_bringup/share/my_boat_bringup/package.dsv'
[3.468s] INFO:colcon.colcon_core.shell:Creating package script '/home/raspberry/boat_ws/install/my_boat_bringup/share/my_boat_bringup/package.sh'
[3.473s] INFO:colcon.colcon_core.shell:Creating package script '/home/raspberry/boat_ws/install/my_boat_bringup/share/my_boat_bringup/package.bash'
[3.479s] INFO:colcon.colcon_core.shell:Creating package script '/home/raspberry/boat_ws/install/my_boat_bringup/share/my_boat_bringup/package.zsh'
[3.484s] Level 1:colcon.colcon_core.environment:create_file_with_runtime_dependencies(/home/raspberry/boat_ws/install/my_boat_bringup/share/colcon-core/packages/my_boat_bringup)
[3.486s] Level 1:colcon.colcon_core.environment:create_environment_scripts_only(my_boat_bringup)
[3.488s] Level 1:colcon.colcon_core.environment:checking '/home/raspberry/boat_ws/install/my_boat_bringup' for CMake module files
[3.491s] Level 1:colcon.colcon_core.environment:checking '/home/raspberry/boat_ws/install/my_boat_bringup' for CMake config files
[3.492s] Level 1:colcon.colcon_core.shell:create_environment_hook('my_boat_bringup', 'cmake_prefix_path')
[3.493s] INFO:colcon.colcon_core.shell:Creating environment hook '/home/raspberry/boat_ws/install/my_boat_bringup/share/my_boat_bringup/hook/cmake_prefix_path.ps1'
[3.495s] INFO:colcon.colcon_core.shell:Creating environment descriptor '/home/raspberry/boat_ws/install/my_boat_bringup/share/my_boat_bringup/hook/cmake_prefix_path.dsv'
[3.498s] INFO:colcon.colcon_core.shell:Creating environment hook '/home/raspberry/boat_ws/install/my_boat_bringup/share/my_boat_bringup/hook/cmake_prefix_path.sh'
[3.501s] Level 1:colcon.colcon_core.environment:checking '/home/raspberry/boat_ws/install/my_boat_bringup/bin'
[3.502s] Level 1:colcon.colcon_core.environment:checking '/home/raspberry/boat_ws/install/my_boat_bringup/lib/pkgconfig/my_boat_bringup.pc'
[3.503s] Level 1:colcon.colcon_core.environment:checking '/home/raspberry/boat_ws/install/my_boat_bringup/lib/python3.10/site-packages'
[3.505s] Level 1:colcon.colcon_core.environment:checking '/home/raspberry/boat_ws/install/my_boat_bringup/bin'
[3.506s] INFO:colcon.colcon_core.shell:Creating package script '/home/raspberry/boat_ws/install/my_boat_bringup/share/my_boat_bringup/package.ps1'
[3.509s] INFO:colcon.colcon_core.shell:Creating package descriptor '/home/raspberry/boat_ws/install/my_boat_bringup/share/my_boat_bringup/package.dsv'
[3.512s] INFO:colcon.colcon_core.shell:Creating package script '/home/raspberry/boat_ws/install/my_boat_bringup/share/my_boat_bringup/package.sh'
[3.515s] INFO:colcon.colcon_core.shell:Creating package script '/home/raspberry/boat_ws/install/my_boat_bringup/share/my_boat_bringup/package.bash'
[3.517s] INFO:colcon.colcon_core.shell:Creating package script '/home/raspberry/boat_ws/install/my_boat_bringup/share/my_boat_bringup/package.zsh'
[3.520s] Level 1:colcon.colcon_core.environment:create_file_with_runtime_dependencies(/home/raspberry/boat_ws/install/my_boat_bringup/share/colcon-core/packages/my_boat_bringup)
[4.989s] DEBUG:colcon.colcon_core.event_handler.log_command:Invoking command in '/home/raspberry/boat_ws/src/my_boat_driver': PYTHONPATH=/home/raspberry/boat_ws/build/my_boat_driver/prefix_override:/usr/lib/python3/dist-packages/colcon_core/task/python/colcon_distutils_commands:/home/raspberry/boat_ws/install/my_boat_driver/lib/python3.10/site-packages: /usr/bin/python3 -W ignore:setup.py install is deprecated -W ignore:easy_install command is deprecated setup.py egg_info --egg-base ../../build/my_boat_driver build --build-base /home/raspberry/boat_ws/build/my_boat_driver/build install --record /home/raspberry/boat_ws/build/my_boat_driver/install.log --single-version-externally-managed install_data
[5.109s] DEBUG:colcon.colcon_core.event_handler.log_command:Invoking command in '/home/raspberry/boat_ws/src/my_boat_teleop': PYTHONPATH=/home/raspberry/boat_ws/build/my_boat_teleop/prefix_override:/usr/lib/python3/dist-packages/colcon_core/task/python/colcon_distutils_commands:/home/raspberry/boat_ws/install/my_boat_teleop/lib/python3.10/site-packages: /usr/bin/python3 -W ignore:setup.py install is deprecated -W ignore:easy_install command is deprecated setup.py egg_info --egg-base ../../build/my_boat_teleop build --build-base /home/raspberry/boat_ws/build/my_boat_teleop/build install --record /home/raspberry/boat_ws/build/my_boat_teleop/install.log --single-version-externally-managed install_data
[6.337s] Level 1:colcon.colcon_core.environment:checking '/home/raspberry/boat_ws/install/my_boat_driver' for CMake module files
[6.340s] DEBUG:colcon.colcon_core.event_handler.log_command:Invoked command in '/home/raspberry/boat_ws/src/my_boat_driver' returned '0': PYTHONPATH=/home/raspberry/boat_ws/build/my_boat_driver/prefix_override:/usr/lib/python3/dist-packages/colcon_core/task/python/colcon_distutils_commands:/home/raspberry/boat_ws/install/my_boat_driver/lib/python3.10/site-packages: /usr/bin/python3 -W ignore:setup.py install is deprecated -W ignore:easy_install command is deprecated setup.py egg_info --egg-base ../../build/my_boat_driver build --build-base /home/raspberry/boat_ws/build/my_boat_driver/build install --record /home/raspberry/boat_ws/build/my_boat_driver/install.log --single-version-externally-managed install_data
[6.342s] Level 1:colcon.colcon_core.environment:checking '/home/raspberry/boat_ws/install/my_boat_driver' for CMake config files
[6.346s] Level 1:colcon.colcon_core.environment:checking '/home/raspberry/boat_ws/install/my_boat_driver/lib'
[6.347s] Level 1:colcon.colcon_core.environment:checking '/home/raspberry/boat_ws/install/my_boat_driver/bin'
[6.347s] Level 1:colcon.colcon_core.environment:checking '/home/raspberry/boat_ws/install/my_boat_driver/lib/pkgconfig/my_boat_driver.pc'
[6.348s] Level 1:colcon.colcon_core.environment:checking '/home/raspberry/boat_ws/install/my_boat_driver/lib/python3.10/site-packages'
[6.349s] Level 1:colcon.colcon_core.shell:create_environment_hook('my_boat_driver', 'pythonpath')
[6.350s] INFO:colcon.colcon_core.shell:Creating environment hook '/home/raspberry/boat_ws/install/my_boat_driver/share/my_boat_driver/hook/pythonpath.ps1'
[6.353s] INFO:colcon.colcon_core.shell:Creating environment descriptor '/home/raspberry/boat_ws/install/my_boat_driver/share/my_boat_driver/hook/pythonpath.dsv'
[6.356s] INFO:colcon.colcon_core.shell:Creating environment hook '/home/raspberry/boat_ws/install/my_boat_driver/share/my_boat_driver/hook/pythonpath.sh'
[6.361s] Level 1:colcon.colcon_core.environment:checking '/home/raspberry/boat_ws/install/my_boat_driver/bin'
[6.361s] Level 1:colcon.colcon_core.environment:create_environment_scripts_only(my_boat_driver)
[6.363s] INFO:colcon.colcon_core.shell:Creating package script '/home/raspberry/boat_ws/install/my_boat_driver/share/my_boat_driver/package.ps1'
[6.365s] INFO:colcon.colcon_core.shell:Creating package descriptor '/home/raspberry/boat_ws/install/my_boat_driver/share/my_boat_driver/package.dsv'
[6.368s] INFO:colcon.colcon_core.shell:Creating package script '/home/raspberry/boat_ws/install/my_boat_driver/share/my_boat_driver/package.sh'
[6.371s] INFO:colcon.colcon_core.shell:Creating package script '/home/raspberry/boat_ws/install/my_boat_driver/share/my_boat_driver/package.bash'
[6.373s] INFO:colcon.colcon_core.shell:Creating package script '/home/raspberry/boat_ws/install/my_boat_driver/share/my_boat_driver/package.zsh'
[6.375s] Level 1:colcon.colcon_core.environment:create_file_with_runtime_dependencies(/home/raspberry/boat_ws/install/my_boat_driver/share/colcon-core/packages/my_boat_driver)
[6.507s] Level 1:colcon.colcon_core.environment:checking '/home/raspberry/boat_ws/install/my_boat_teleop' for CMake module files
[6.508s] DEBUG:colcon.colcon_core.event_handler.log_command:Invoked command in '/home/raspberry/boat_ws/src/my_boat_teleop' returned '0': PYTHONPATH=/home/raspberry/boat_ws/build/my_boat_teleop/prefix_override:/usr/lib/python3/dist-packages/colcon_core/task/python/colcon_distutils_commands:/home/raspberry/boat_ws/install/my_boat_teleop/lib/python3.10/site-packages: /usr/bin/python3 -W ignore:setup.py install is deprecated -W ignore:easy_install command is deprecated setup.py egg_info --egg-base ../../build/my_boat_teleop build --build-base /home/raspberry/boat_ws/build/my_boat_teleop/build install --record /home/raspberry/boat_ws/build/my_boat_teleop/install.log --single-version-externally-managed install_data
[6.510s] Level 1:colcon.colcon_core.environment:checking '/home/raspberry/boat_ws/install/my_boat_teleop' for CMake config files
[6.514s] Level 1:colcon.colcon_core.environment:checking '/home/raspberry/boat_ws/install/my_boat_teleop/lib'
[6.515s] Level 1:colcon.colcon_core.environment:checking '/home/raspberry/boat_ws/install/my_boat_teleop/bin'
[6.515s] Level 1:colcon.colcon_core.environment:checking '/home/raspberry/boat_ws/install/my_boat_teleop/lib/pkgconfig/my_boat_teleop.pc'
[6.517s] Level 1:colcon.colcon_core.environment:checking '/home/raspberry/boat_ws/install/my_boat_teleop/lib/python3.10/site-packages'
[6.517s] Level 1:colcon.colcon_core.shell:create_environment_hook('my_boat_teleop', 'pythonpath')
[6.518s] INFO:colcon.colcon_core.shell:Creating environment hook '/home/raspberry/boat_ws/install/my_boat_teleop/share/my_boat_teleop/hook/pythonpath.ps1'
[6.521s] INFO:colcon.colcon_core.shell:Creating environment descriptor '/home/raspberry/boat_ws/install/my_boat_teleop/share/my_boat_teleop/hook/pythonpath.dsv'
[6.523s] INFO:colcon.colcon_core.shell:Creating environment hook '/home/raspberry/boat_ws/install/my_boat_teleop/share/my_boat_teleop/hook/pythonpath.sh'
[6.526s] Level 1:colcon.colcon_core.environment:checking '/home/raspberry/boat_ws/install/my_boat_teleop/bin'
[6.527s] Level 1:colcon.colcon_core.environment:create_environment_scripts_only(my_boat_teleop)
[6.528s] INFO:colcon.colcon_core.shell:Creating package script '/home/raspberry/boat_ws/install/my_boat_teleop/share/my_boat_teleop/package.ps1'
[6.530s] INFO:colcon.colcon_core.shell:Creating package descriptor '/home/raspberry/boat_ws/install/my_boat_teleop/share/my_boat_teleop/package.dsv'
[6.533s] INFO:colcon.colcon_core.shell:Creating package script '/home/raspberry/boat_ws/install/my_boat_teleop/share/my_boat_teleop/package.sh'
[6.535s] INFO:colcon.colcon_core.shell:Creating package script '/home/raspberry/boat_ws/install/my_boat_teleop/share/my_boat_teleop/package.bash'
[6.537s] INFO:colcon.colcon_core.shell:Creating package script '/home/raspberry/boat_ws/install/my_boat_teleop/share/my_boat_teleop/package.zsh'
[6.540s] Level 1:colcon.colcon_core.environment:create_file_with_runtime_dependencies(/home/raspberry/boat_ws/install/my_boat_teleop/share/colcon-core/packages/my_boat_teleop)
[6.542s] DEBUG:colcon.colcon_parallel_executor.executor.parallel:closing loop
[6.543s] DEBUG:colcon.colcon_parallel_executor.executor.parallel:loop closed
[6.544s] DEBUG:colcon.colcon_parallel_executor.executor.parallel:run_until_complete finished with '0'
[6.546s] DEBUG:colcon.colcon_core.event_reactor:joining thread
[6.619s] INFO:colcon.colcon_core.plugin_system:Skipping extension 'colcon_notification.desktop_notification.notify_send': Could not find 'notify-send'
[6.620s] INFO:colcon.colcon_core.plugin_system:Skipping extension 'colcon_notification.desktop_notification.terminal_notifier': Not used on non-Darwin systems
[6.620s] INFO:colcon.colcon_core.plugin_system:Skipping extension 'colcon_notification.desktop_notification.win32': Not used on non-Windows systems
[6.621s] INFO:colcon.colcon_notification.desktop_notification:Sending desktop notification using 'notify2'
[6.624s] DEBUG:colcon.colcon_notification.desktop_notification.notify2:Failed to initialize notify2: org.freedesktop.DBus.Error.ServiceUnknown: The name org.freedesktop.Notifications was not provided by any .service files
[6.624s] DEBUG:colcon.colcon_core.event_reactor:joined thread
[6.626s] INFO:colcon.colcon_core.shell:Creating prefix script '/home/raspberry/boat_ws/install/local_setup.ps1'
[6.630s] INFO:colcon.colcon_core.shell:Creating prefix util module '/home/raspberry/boat_ws/install/_local_setup_util_ps1.py'
[6.639s] INFO:colcon.colcon_core.shell:Creating prefix chain script '/home/raspberry/boat_ws/install/setup.ps1'
[6.644s] INFO:colcon.colcon_core.shell:Creating prefix script '/home/raspberry/boat_ws/install/local_setup.sh'
[6.647s] INFO:colcon.colcon_core.shell:Creating prefix util module '/home/raspberry/boat_ws/install/_local_setup_util_sh.py'
[6.650s] INFO:colcon.colcon_core.shell:Creating prefix chain script '/home/raspberry/boat_ws/install/setup.sh'
[6.655s] INFO:colcon.colcon_core.shell:Creating prefix script '/home/raspberry/boat_ws/install/local_setup.bash'
[6.659s] INFO:colcon.colcon_core.shell:Creating prefix chain script '/home/raspberry/boat_ws/install/setup.bash'
[6.663s] INFO:colcon.colcon_core.shell:Creating prefix script '/home/raspberry/boat_ws/install/local_setup.zsh'
[6.667s] INFO:colcon.colcon_core.shell:Creating prefix chain script '/home/raspberry/boat_ws/install/setup.zsh'
