[0.108s] Invoking command in '/home/raspberry/boat_ws/build/my_boat_bringup': CMAKE_PREFIX_PATH=${CMAKE_PREFIX_PATH}:/home/raspberry/boat_ws/install/my_boat_teleop:/home/raspberry/boat_ws/install/my_boat_driver:/opt/ros/humble /usr/bin/cmake --build /home/raspberry/boat_ws/build/my_boat_bringup -- -j4 -l4
[2.696s] Invoked command in '/home/raspberry/boat_ws/build/my_boat_bringup' returned '0': CMAKE_PREFIX_PATH=${CMAKE_PREFIX_PATH}:/home/raspberry/boat_ws/install/my_boat_teleop:/home/raspberry/boat_ws/install/my_boat_driver:/opt/ros/humble /usr/bin/cmake --build /home/raspberry/boat_ws/build/my_boat_bringup -- -j4 -l4
[2.737s] Invoking command in '/home/raspberry/boat_ws/build/my_boat_bringup': CMAKE_PREFIX_PATH=${CMAKE_PREFIX_PATH}:/home/raspberry/boat_ws/install/my_boat_teleop:/home/raspberry/boat_ws/install/my_boat_driver:/opt/ros/humble /usr/bin/cmake --install /home/raspberry/boat_ws/build/my_boat_bringup
[2.772s] -- Install configuration: ""
[2.773s] -- Up-to-date: /home/raspberry/boat_ws/install/my_boat_bringup/share/my_boat_bringup/launch
[2.774s] -- Up-to-date: /home/raspberry/boat_ws/install/my_boat_bringup/share/my_boat_bringup/launch/bringup.launch.py
[2.774s] -- Up-to-date: /home/raspberry/boat_ws/install/my_boat_bringup/share/ament_index/resource_index/package_run_dependencies/my_boat_bringup
[2.775s] -- Up-to-date: /home/raspberry/boat_ws/install/my_boat_bringup/share/ament_index/resource_index/parent_prefix_path/my_boat_bringup
[2.776s] -- Up-to-date: /home/raspberry/boat_ws/install/my_boat_bringup/share/my_boat_bringup/environment/ament_prefix_path.sh
[2.777s] -- Up-to-date: /home/raspberry/boat_ws/install/my_boat_bringup/share/my_boat_bringup/environment/ament_prefix_path.dsv
[2.777s] -- Up-to-date: /home/raspberry/boat_ws/install/my_boat_bringup/share/my_boat_bringup/environment/path.sh
[2.778s] -- Up-to-date: /home/raspberry/boat_ws/install/my_boat_bringup/share/my_boat_bringup/environment/path.dsv
[2.779s] -- Up-to-date: /home/raspberry/boat_ws/install/my_boat_bringup/share/my_boat_bringup/local_setup.bash
[2.789s] -- Up-to-date: /home/raspberry/boat_ws/install/my_boat_bringup/share/my_boat_bringup/local_setup.sh
[2.790s] -- Up-to-date: /home/raspberry/boat_ws/install/my_boat_bringup/share/my_boat_bringup/local_setup.zsh
[2.791s] -- Up-to-date: /home/raspberry/boat_ws/install/my_boat_bringup/share/my_boat_bringup/local_setup.dsv
[2.792s] -- Installing: /home/raspberry/boat_ws/install/my_boat_bringup/share/my_boat_bringup/package.dsv
[2.792s] -- Up-to-date: /home/raspberry/boat_ws/install/my_boat_bringup/share/ament_index/resource_index/packages/my_boat_bringup
[2.793s] -- Up-to-date: /home/raspberry/boat_ws/install/my_boat_bringup/share/my_boat_bringup/cmake/my_boat_bringupConfig.cmake
[2.793s] -- Up-to-date: /home/raspberry/boat_ws/install/my_boat_bringup/share/my_boat_bringup/cmake/my_boat_bringupConfig-version.cmake
[2.793s] -- Up-to-date: /home/raspberry/boat_ws/install/my_boat_bringup/share/my_boat_bringup/package.xml
[2.799s] Invoked command in '/home/raspberry/boat_ws/build/my_boat_bringup' returned '0': CMAKE_PREFIX_PATH=${CMAKE_PREFIX_PATH}:/home/raspberry/boat_ws/install/my_boat_teleop:/home/raspberry/boat_ws/install/my_boat_driver:/opt/ros/humble /usr/bin/cmake --install /home/raspberry/boat_ws/build/my_boat_bringup
