[3.842s] Invoking command in '/home/raspberry/boat_ws/src/my_boat_driver': PYTHONPATH=/home/raspberry/boat_ws/build/my_boat_driver/prefix_override:/usr/lib/python3/dist-packages/colcon_core/task/python/colcon_distutils_commands:/home/raspberry/boat_ws/install/my_boat_driver/lib/python3.10/site-packages: /usr/bin/python3 -W ignore:setup.py install is deprecated -W ignore:easy_install command is deprecated setup.py egg_info --egg-base ../../build/my_boat_driver build --build-base /home/raspberry/boat_ws/build/my_boat_driver/build install --record /home/raspberry/boat_ws/build/my_boat_driver/install.log --single-version-externally-managed install_data
[4.870s] running egg_info
[4.873s] writing ../../build/my_boat_driver/my_boat_driver.egg-info/PKG-INFO
[4.874s] writing dependency_links to ../../build/my_boat_driver/my_boat_driver.egg-info/dependency_links.txt
[4.875s] writing entry points to ../../build/my_boat_driver/my_boat_driver.egg-info/entry_points.txt
[4.878s] writing requirements to ../../build/my_boat_driver/my_boat_driver.egg-info/requires.txt
[4.878s] writing top-level names to ../../build/my_boat_driver/my_boat_driver.egg-info/top_level.txt
[4.885s] reading manifest file '../../build/my_boat_driver/my_boat_driver.egg-info/SOURCES.txt'
[4.887s] adding license file 'LICENSE'
[4.890s] writing manifest file '../../build/my_boat_driver/my_boat_driver.egg-info/SOURCES.txt'
[4.890s] running build
[4.891s] running build_py
[4.892s] copying my_boat_driver/test.py -> /home/raspberry/boat_ws/build/my_boat_driver/build/lib/my_boat_driver
[4.894s] running install
[4.895s] running install_lib
[4.899s] copying /home/raspberry/boat_ws/build/my_boat_driver/build/lib/my_boat_driver/test.py -> /home/raspberry/boat_ws/install/my_boat_driver/lib/python3.10/site-packages/my_boat_driver
[4.902s] byte-compiling /home/raspberry/boat_ws/install/my_boat_driver/lib/python3.10/site-packages/my_boat_driver/test.py to test.cpython-310.pyc
[4.905s] running install_data
[4.906s] running install_egg_info
[4.913s] removing '/home/raspberry/boat_ws/install/my_boat_driver/lib/python3.10/site-packages/my_boat_driver-0.0.0-py3.10.egg-info' (and everything under it)
[4.916s] Copying ../../build/my_boat_driver/my_boat_driver.egg-info to /home/raspberry/boat_ws/install/my_boat_driver/lib/python3.10/site-packages/my_boat_driver-0.0.0-py3.10.egg-info
[4.925s] running install_scripts
[5.014s] Installing motor_driver_node script to /home/raspberry/boat_ws/install/my_boat_driver/lib/my_boat_driver
[5.015s] Installing motor_driver_test script to /home/raspberry/boat_ws/install/my_boat_driver/lib/my_boat_driver
[5.017s] writing list of installed files to '/home/raspberry/boat_ws/build/my_boat_driver/install.log'
[5.190s] Invoked command in '/home/raspberry/boat_ws/src/my_boat_driver' returned '0': PYTHONPATH=/home/raspberry/boat_ws/build/my_boat_driver/prefix_override:/usr/lib/python3/dist-packages/colcon_core/task/python/colcon_distutils_commands:/home/raspberry/boat_ws/install/my_boat_driver/lib/python3.10/site-packages: /usr/bin/python3 -W ignore:setup.py install is deprecated -W ignore:easy_install command is deprecated setup.py egg_info --egg-base ../../build/my_boat_driver build --build-base /home/raspberry/boat_ws/build/my_boat_driver/build install --record /home/raspberry/boat_ws/build/my_boat_driver/install.log --single-version-externally-managed install_data
