[5.112s] Invoking command in '/home/raspberry/boat_ws/src/my_boat_teleop': PYTHONPATH=/home/raspberry/boat_ws/build/my_boat_teleop/prefix_override:/usr/lib/python3/dist-packages/colcon_core/task/python/colcon_distutils_commands:/home/raspberry/boat_ws/install/my_boat_teleop/lib/python3.10/site-packages:${PYTHONPATH} /usr/bin/python3 -W ignore:setup.py install is deprecated -W ignore:easy_install command is deprecated setup.py egg_info --egg-base ../../build/my_boat_teleop build --build-base /home/raspberry/boat_ws/build/my_boat_teleop/build install --record /home/raspberry/boat_ws/build/my_boat_teleop/install.log --single-version-externally-managed install_data
[6.526s] running egg_info
[6.532s] writing ../../build/my_boat_teleop/my_boat_teleop.egg-info/PKG-INFO
[6.534s] writing dependency_links to ../../build/my_boat_teleop/my_boat_teleop.egg-info/dependency_links.txt
[6.536s] writing entry points to ../../build/my_boat_teleop/my_boat_teleop.egg-info/entry_points.txt
[6.537s] writing requirements to ../../build/my_boat_teleop/my_boat_teleop.egg-info/requires.txt
[6.540s] writing top-level names to ../../build/my_boat_teleop/my_boat_teleop.egg-info/top_level.txt
[6.549s] reading manifest file '../../build/my_boat_teleop/my_boat_teleop.egg-info/SOURCES.txt'
[6.550s] adding license file 'LICENSE'
[6.554s] writing manifest file '../../build/my_boat_teleop/my_boat_teleop.egg-info/SOURCES.txt'
[6.555s] running build
[6.556s] running build_py
[6.557s] running install
[6.559s] running install_lib
[6.563s] running install_data
[6.565s] running install_egg_info
[6.578s] removing '/home/raspberry/boat_ws/install/my_boat_teleop/lib/python3.10/site-packages/my_boat_teleop-0.0.0-py3.10.egg-info' (and everything under it)
[6.580s] Copying ../../build/my_boat_teleop/my_boat_teleop.egg-info to /home/raspberry/boat_ws/install/my_boat_teleop/lib/python3.10/site-packages/my_boat_teleop-0.0.0-py3.10.egg-info
[6.588s] running install_scripts
[6.671s] Installing teleop_keyboard_node script to /home/raspberry/boat_ws/install/my_boat_teleop/lib/my_boat_teleop
[6.672s] writing list of installed files to '/home/raspberry/boat_ws/build/my_boat_teleop/install.log'
[6.795s] Invoked command in '/home/raspberry/boat_ws/src/my_boat_teleop' returned '0': PYTHONPATH=/home/raspberry/boat_ws/build/my_boat_teleop/prefix_override:/usr/lib/python3/dist-packages/colcon_core/task/python/colcon_distutils_commands:/home/raspberry/boat_ws/install/my_boat_teleop/lib/python3.10/site-packages:${PYTHONPATH} /usr/bin/python3 -W ignore:setup.py install is deprecated -W ignore:easy_install command is deprecated setup.py egg_info --egg-base ../../build/my_boat_teleop build --build-base /home/raspberry/boat_ws/build/my_boat_teleop/build install --record /home/raspberry/boat_ws/build/my_boat_teleop/install.log --single-version-externally-managed install_data
