[0.100s] Invoking command in '/home/raspberry/boat_ws/build/my_boat_bringup': CMAKE_PREFIX_PATH=/opt/ros/humble /usr/bin/cmake --build /home/raspberry/boat_ws/build/my_boat_bringup -- -j4 -l4
[1.611s] -- Found ament_cmake: 1.3.12 (/opt/ros/humble/share/ament_cmake/cmake)
[1.612s] -- Found ament_lint_auto: 0.12.14 (/opt/ros/humble/share/ament_lint_auto/cmake)
[1.613s] -- Added test 'flake8' to check Python code syntax and style conventions
[1.613s] -- Added test 'lint_cmake' to check CMake code style
[1.617s] -- Added test 'pep257' to check Python code against some of the docstring style conventions in PEP 257
[1.618s] -- Added test 'xmllint' to check XML markup files
[1.618s] -- Configuring done
[1.619s] -- Generating done
[1.619s] -- Build files have been written to: /home/raspberry/boat_ws/build/my_boat_bringup
[2.820s] Invoked command in '/home/raspberry/boat_ws/build/my_boat_bringup' returned '0': CMAKE_PREFIX_PATH=/opt/ros/humble /usr/bin/cmake --build /home/raspberry/boat_ws/build/my_boat_bringup -- -j4 -l4
[2.861s] Invoking command in '/home/raspberry/boat_ws/build/my_boat_bringup': CMAKE_PREFIX_PATH=/opt/ros/humble /usr/bin/cmake --install /home/raspberry/boat_ws/build/my_boat_bringup
[2.891s] -- Install configuration: ""
[2.892s] -- Installing: /home/raspberry/boat_ws/install/my_boat_bringup/share/my_boat_bringup/launch
[2.892s] -- Installing: /home/raspberry/boat_ws/install/my_boat_bringup/share/my_boat_bringup/launch/bringup.launch.py
[2.894s] -- Up-to-date: /home/raspberry/boat_ws/install/my_boat_bringup/share/ament_index/resource_index/package_run_dependencies/my_boat_bringup
[2.894s] -- Up-to-date: /home/raspberry/boat_ws/install/my_boat_bringup/share/ament_index/resource_index/parent_prefix_path/my_boat_bringup
[2.895s] -- Up-to-date: /home/raspberry/boat_ws/install/my_boat_bringup/share/my_boat_bringup/environment/ament_prefix_path.sh
[2.896s] -- Installing: /home/raspberry/boat_ws/install/my_boat_bringup/share/my_boat_bringup/environment/ament_prefix_path.dsv
[2.897s] -- Up-to-date: /home/raspberry/boat_ws/install/my_boat_bringup/share/my_boat_bringup/environment/path.sh
[2.898s] -- Installing: /home/raspberry/boat_ws/install/my_boat_bringup/share/my_boat_bringup/environment/path.dsv
[2.899s] -- Up-to-date: /home/raspberry/boat_ws/install/my_boat_bringup/share/my_boat_bringup/local_setup.bash
[2.900s] -- Up-to-date: /home/raspberry/boat_ws/install/my_boat_bringup/share/my_boat_bringup/local_setup.sh
[2.901s] -- Up-to-date: /home/raspberry/boat_ws/install/my_boat_bringup/share/my_boat_bringup/local_setup.zsh
[2.901s] -- Installing: /home/raspberry/boat_ws/install/my_boat_bringup/share/my_boat_bringup/local_setup.dsv
[2.902s] -- Installing: /home/raspberry/boat_ws/install/my_boat_bringup/share/my_boat_bringup/package.dsv
[2.904s] -- Up-to-date: /home/raspberry/boat_ws/install/my_boat_bringup/share/ament_index/resource_index/packages/my_boat_bringup
[2.906s] -- Up-to-date: /home/raspberry/boat_ws/install/my_boat_bringup/share/my_boat_bringup/cmake/my_boat_bringupConfig.cmake
[2.906s] -- Up-to-date: /home/raspberry/boat_ws/install/my_boat_bringup/share/my_boat_bringup/cmake/my_boat_bringupConfig-version.cmake
[2.907s] -- Up-to-date: /home/raspberry/boat_ws/install/my_boat_bringup/share/my_boat_bringup/package.xml
[2.920s] Invoked command in '/home/raspberry/boat_ws/build/my_boat_bringup' returned '0': CMAKE_PREFIX_PATH=/opt/ros/humble /usr/bin/cmake --install /home/raspberry/boat_ws/build/my_boat_bringup
