[0.425s] DEBUG:colcon:Command line arguments: ['/usr/bin/colcon', 'build']
[0.426s] DEBUG:colcon:Parsed command line arguments: Namespace(log_base=None, log_level=None, verb_name='build', build_base='build', install_base='install', merge_install=False, symlink_install=False, test_result_base=None, continue_on_error=False, executor='parallel', parallel_workers=4, event_handlers=None, ignore_user_meta=False, metas=['./colcon.meta'], base_paths=['.'], packages_ignore=None, packages_ignore_regex=None, paths=None, packages_up_to=None, packages_up_to_regex=None, packages_above=None, packages_above_and_dependencies=None, packages_above_depth=None, packages_select_by_dep=None, packages_skip_by_dep=None, packages_skip_up_to=None, packages_select_build_failed=False, packages_skip_build_finished=False, packages_select_test_failures=False, packages_skip_test_passed=False, packages_select=None, packages_skip=None, packages_select_regex=None, packages_skip_regex=None, packages_start=None, packages_end=None, allow_overriding=[], cmake_args=None, cmake_target=None, cmake_target_skip_unavailable=False, cmake_clean_cache=False, cmake_clean_first=False, cmake_force_configure=False, ament_cmake_args=None, catkin_cmake_args=None, catkin_skip_building_tests=False, mixin_files=None, mixin=None, verb_parser=<colcon_mixin.mixin.mixin_argument.MixinArgumentDecorator object at 0xffff9133ca30>, verb_extension=<colcon_core.verb.build.BuildVerb object at 0xffff914659c0>, main=<bound method BuildVerb.main of <colcon_core.verb.build.BuildVerb object at 0xffff914659c0>>, mixin_verb=('build',))
[1.055s] Level 1:colcon.colcon_core.package_discovery:discover_packages(colcon_meta) check parameters
[1.055s] Level 1:colcon.colcon_core.package_discovery:discover_packages(recursive) check parameters
[1.056s] Level 1:colcon.colcon_core.package_discovery:discover_packages(ignore) check parameters
[1.056s] Level 1:colcon.colcon_core.package_discovery:discover_packages(path) check parameters
[1.056s] Level 1:colcon.colcon_core.package_discovery:discover_packages(colcon_meta) discover
[1.056s] Level 1:colcon.colcon_core.package_discovery:discover_packages(recursive) discover
[1.056s] INFO:colcon.colcon_core.package_discovery:Crawling recursively for packages in '/home/raspberry/boat_ws'
[1.057s] Level 1:colcon.colcon_core.package_identification:_identify(.) by extensions ['ignore', 'ignore_ament_install']
[1.057s] Level 1:colcon.colcon_core.package_identification:_identify(.) by extension 'ignore'
[1.057s] Level 1:colcon.colcon_core.package_identification:_identify(.) by extension 'ignore_ament_install'
[1.058s] Level 1:colcon.colcon_core.package_identification:_identify(.) by extensions ['colcon_pkg']
[1.058s] Level 1:colcon.colcon_core.package_identification:_identify(.) by extension 'colcon_pkg'
[1.058s] Level 1:colcon.colcon_core.package_identification:_identify(.) by extensions ['colcon_meta']
[1.058s] Level 1:colcon.colcon_core.package_identification:_identify(.) by extension 'colcon_meta'
[1.058s] Level 1:colcon.colcon_core.package_identification:_identify(.) by extensions ['ros']
[1.058s] Level 1:colcon.colcon_core.package_identification:_identify(.) by extension 'ros'
[1.101s] Level 1:colcon.colcon_core.package_identification:_identify(.) by extensions ['cmake', 'python']
[1.102s] Level 1:colcon.colcon_core.package_identification:_identify(.) by extension 'cmake'
[1.102s] Level 1:colcon.colcon_core.package_identification:_identify(.) by extension 'python'
[1.102s] Level 1:colcon.colcon_core.package_identification:_identify(.) by extensions ['python_setup_py']
[1.102s] Level 1:colcon.colcon_core.package_identification:_identify(.) by extension 'python_setup_py'
[1.103s] Level 1:colcon.colcon_core.package_identification:_identify(build) by extensions ['ignore', 'ignore_ament_install']
[1.103s] Level 1:colcon.colcon_core.package_identification:_identify(build) by extension 'ignore'
[1.104s] Level 1:colcon.colcon_core.package_identification:_identify(build) ignored
[1.104s] Level 1:colcon.colcon_core.package_identification:_identify(install) by extensions ['ignore', 'ignore_ament_install']
[1.105s] Level 1:colcon.colcon_core.package_identification:_identify(install) by extension 'ignore'
[1.105s] Level 1:colcon.colcon_core.package_identification:_identify(install) ignored
[1.106s] Level 1:colcon.colcon_core.package_identification:_identify(log) by extensions ['ignore', 'ignore_ament_install']
[1.106s] Level 1:colcon.colcon_core.package_identification:_identify(log) by extension 'ignore'
[1.106s] Level 1:colcon.colcon_core.package_identification:_identify(log) ignored
[1.107s] Level 1:colcon.colcon_core.package_identification:_identify(src) by extensions ['ignore', 'ignore_ament_install']
[1.107s] Level 1:colcon.colcon_core.package_identification:_identify(src) by extension 'ignore'
[1.107s] Level 1:colcon.colcon_core.package_identification:_identify(src) by extension 'ignore_ament_install'
[1.107s] Level 1:colcon.colcon_core.package_identification:_identify(src) by extensions ['colcon_pkg']
[1.107s] Level 1:colcon.colcon_core.package_identification:_identify(src) by extension 'colcon_pkg'
[1.108s] Level 1:colcon.colcon_core.package_identification:_identify(src) by extensions ['colcon_meta']
[1.108s] Level 1:colcon.colcon_core.package_identification:_identify(src) by extension 'colcon_meta'
[1.108s] Level 1:colcon.colcon_core.package_identification:_identify(src) by extensions ['ros']
[1.108s] Level 1:colcon.colcon_core.package_identification:_identify(src) by extension 'ros'
[1.108s] Level 1:colcon.colcon_core.package_identification:_identify(src) by extensions ['cmake', 'python']
[1.109s] Level 1:colcon.colcon_core.package_identification:_identify(src) by extension 'cmake'
[1.109s] Level 1:colcon.colcon_core.package_identification:_identify(src) by extension 'python'
[1.109s] Level 1:colcon.colcon_core.package_identification:_identify(src) by extensions ['python_setup_py']
[1.109s] Level 1:colcon.colcon_core.package_identification:_identify(src) by extension 'python_setup_py'
[1.110s] Level 1:colcon.colcon_core.package_identification:_identify(src/my_boat_bringup) by extensions ['ignore', 'ignore_ament_install']
[1.110s] Level 1:colcon.colcon_core.package_identification:_identify(src/my_boat_bringup) by extension 'ignore'
[1.110s] Level 1:colcon.colcon_core.package_identification:_identify(src/my_boat_bringup) by extension 'ignore_ament_install'
[1.110s] Level 1:colcon.colcon_core.package_identification:_identify(src/my_boat_bringup) by extensions ['colcon_pkg']
[1.111s] Level 1:colcon.colcon_core.package_identification:_identify(src/my_boat_bringup) by extension 'colcon_pkg'
[1.111s] Level 1:colcon.colcon_core.package_identification:_identify(src/my_boat_bringup) by extensions ['colcon_meta']
[1.111s] Level 1:colcon.colcon_core.package_identification:_identify(src/my_boat_bringup) by extension 'colcon_meta'
[1.111s] Level 1:colcon.colcon_core.package_identification:_identify(src/my_boat_bringup) by extensions ['ros']
[1.111s] Level 1:colcon.colcon_core.package_identification:_identify(src/my_boat_bringup) by extension 'ros'
[1.119s] DEBUG:colcon.colcon_core.package_identification:Package 'src/my_boat_bringup' with type 'ros.ament_cmake' and name 'my_boat_bringup'
[1.120s] Level 1:colcon.colcon_core.package_identification:_identify(src/my_boat_driver) by extensions ['ignore', 'ignore_ament_install']
[1.120s] Level 1:colcon.colcon_core.package_identification:_identify(src/my_boat_driver) by extension 'ignore'
[1.121s] Level 1:colcon.colcon_core.package_identification:_identify(src/my_boat_driver) by extension 'ignore_ament_install'
[1.121s] Level 1:colcon.colcon_core.package_identification:_identify(src/my_boat_driver) by extensions ['colcon_pkg']
[1.121s] Level 1:colcon.colcon_core.package_identification:_identify(src/my_boat_driver) by extension 'colcon_pkg'
[1.121s] Level 1:colcon.colcon_core.package_identification:_identify(src/my_boat_driver) by extensions ['colcon_meta']
[1.121s] Level 1:colcon.colcon_core.package_identification:_identify(src/my_boat_driver) by extension 'colcon_meta'
[1.122s] Level 1:colcon.colcon_core.package_identification:_identify(src/my_boat_driver) by extensions ['ros']
[1.122s] Level 1:colcon.colcon_core.package_identification:_identify(src/my_boat_driver) by extension 'ros'
[1.124s] DEBUG:colcon.colcon_core.package_identification:Package 'src/my_boat_driver' with type 'ros.ament_python' and name 'my_boat_driver'
[1.125s] Level 1:colcon.colcon_core.package_identification:_identify(src/my_boat_teleop) by extensions ['ignore', 'ignore_ament_install']
[1.125s] Level 1:colcon.colcon_core.package_identification:_identify(src/my_boat_teleop) by extension 'ignore'
[1.126s] Level 1:colcon.colcon_core.package_identification:_identify(src/my_boat_teleop) by extension 'ignore_ament_install'
[1.126s] Level 1:colcon.colcon_core.package_identification:_identify(src/my_boat_teleop) by extensions ['colcon_pkg']
[1.126s] Level 1:colcon.colcon_core.package_identification:_identify(src/my_boat_teleop) by extension 'colcon_pkg'
[1.126s] Level 1:colcon.colcon_core.package_identification:_identify(src/my_boat_teleop) by extensions ['colcon_meta']
[1.126s] Level 1:colcon.colcon_core.package_identification:_identify(src/my_boat_teleop) by extension 'colcon_meta'
[1.127s] Level 1:colcon.colcon_core.package_identification:_identify(src/my_boat_teleop) by extensions ['ros']
[1.127s] Level 1:colcon.colcon_core.package_identification:_identify(src/my_boat_teleop) by extension 'ros'
[1.135s] DEBUG:colcon.colcon_core.package_identification:Package 'src/my_boat_teleop' with type 'ros.ament_python' and name 'my_boat_teleop'
[1.135s] Level 1:colcon.colcon_core.package_discovery:discover_packages(recursive) using defaults
[1.135s] Level 1:colcon.colcon_core.package_discovery:discover_packages(ignore) discover
[1.135s] Level 1:colcon.colcon_core.package_discovery:discover_packages(ignore) using defaults
[1.135s] Level 1:colcon.colcon_core.package_discovery:discover_packages(path) discover
[1.136s] Level 1:colcon.colcon_core.package_discovery:discover_packages(path) using defaults
[1.209s] Level 1:colcon.colcon_core.package_discovery:discover_packages(prefix_path) check parameters
[1.209s] Level 1:colcon.colcon_core.package_discovery:discover_packages(prefix_path) discover
[1.215s] Level 1:colcon.colcon_core.package_discovery:discover_packages(prefix_path) using defaults
[1.220s] Level 5:colcon.colcon_core.verb:set package 'my_boat_bringup' build argument 'cmake_args' from command line to 'None'
[1.220s] Level 5:colcon.colcon_core.verb:set package 'my_boat_bringup' build argument 'cmake_target' from command line to 'None'
[1.220s] Level 5:colcon.colcon_core.verb:set package 'my_boat_bringup' build argument 'cmake_target_skip_unavailable' from command line to 'False'
[1.220s] Level 5:colcon.colcon_core.verb:set package 'my_boat_bringup' build argument 'cmake_clean_cache' from command line to 'False'
[1.221s] Level 5:colcon.colcon_core.verb:set package 'my_boat_bringup' build argument 'cmake_clean_first' from command line to 'False'
[1.221s] Level 5:colcon.colcon_core.verb:set package 'my_boat_bringup' build argument 'cmake_force_configure' from command line to 'False'
[1.221s] Level 5:colcon.colcon_core.verb:set package 'my_boat_bringup' build argument 'ament_cmake_args' from command line to 'None'
[1.221s] Level 5:colcon.colcon_core.verb:set package 'my_boat_bringup' build argument 'catkin_cmake_args' from command line to 'None'
[1.221s] Level 5:colcon.colcon_core.verb:set package 'my_boat_bringup' build argument 'catkin_skip_building_tests' from command line to 'False'
[1.221s] DEBUG:colcon.colcon_core.verb:Building package 'my_boat_bringup' with the following arguments: {'ament_cmake_args': None, 'build_base': '/home/raspberry/boat_ws/build/my_boat_bringup', 'catkin_cmake_args': None, 'catkin_skip_building_tests': False, 'cmake_args': None, 'cmake_clean_cache': False, 'cmake_clean_first': False, 'cmake_force_configure': False, 'cmake_target': None, 'cmake_target_skip_unavailable': False, 'install_base': '/home/raspberry/boat_ws/install/my_boat_bringup', 'merge_install': False, 'path': '/home/raspberry/boat_ws/src/my_boat_bringup', 'symlink_install': False, 'test_result_base': None}
[1.223s] Level 5:colcon.colcon_core.verb:set package 'my_boat_driver' build argument 'cmake_args' from command line to 'None'
[1.223s] Level 5:colcon.colcon_core.verb:set package 'my_boat_driver' build argument 'cmake_target' from command line to 'None'
[1.223s] Level 5:colcon.colcon_core.verb:set package 'my_boat_driver' build argument 'cmake_target_skip_unavailable' from command line to 'False'
[1.223s] Level 5:colcon.colcon_core.verb:set package 'my_boat_driver' build argument 'cmake_clean_cache' from command line to 'False'
[1.223s] Level 5:colcon.colcon_core.verb:set package 'my_boat_driver' build argument 'cmake_clean_first' from command line to 'False'
[1.223s] Level 5:colcon.colcon_core.verb:set package 'my_boat_driver' build argument 'cmake_force_configure' from command line to 'False'
[1.224s] Level 5:colcon.colcon_core.verb:set package 'my_boat_driver' build argument 'ament_cmake_args' from command line to 'None'
[1.224s] Level 5:colcon.colcon_core.verb:set package 'my_boat_driver' build argument 'catkin_cmake_args' from command line to 'None'
[1.224s] Level 5:colcon.colcon_core.verb:set package 'my_boat_driver' build argument 'catkin_skip_building_tests' from command line to 'False'
[1.224s] DEBUG:colcon.colcon_core.verb:Building package 'my_boat_driver' with the following arguments: {'ament_cmake_args': None, 'build_base': '/home/raspberry/boat_ws/build/my_boat_driver', 'catkin_cmake_args': None, 'catkin_skip_building_tests': False, 'cmake_args': None, 'cmake_clean_cache': False, 'cmake_clean_first': False, 'cmake_force_configure': False, 'cmake_target': None, 'cmake_target_skip_unavailable': False, 'install_base': '/home/raspberry/boat_ws/install/my_boat_driver', 'merge_install': False, 'path': '/home/raspberry/boat_ws/src/my_boat_driver', 'symlink_install': False, 'test_result_base': None}
[1.225s] Level 5:colcon.colcon_core.verb:set package 'my_boat_teleop' build argument 'cmake_args' from command line to 'None'
[1.226s] Level 5:colcon.colcon_core.verb:set package 'my_boat_teleop' build argument 'cmake_target' from command line to 'None'
[1.226s] Level 5:colcon.colcon_core.verb:set package 'my_boat_teleop' build argument 'cmake_target_skip_unavailable' from command line to 'False'
[1.226s] Level 5:colcon.colcon_core.verb:set package 'my_boat_teleop' build argument 'cmake_clean_cache' from command line to 'False'
[1.226s] Level 5:colcon.colcon_core.verb:set package 'my_boat_teleop' build argument 'cmake_clean_first' from command line to 'False'
[1.226s] Level 5:colcon.colcon_core.verb:set package 'my_boat_teleop' build argument 'cmake_force_configure' from command line to 'False'
[1.226s] Level 5:colcon.colcon_core.verb:set package 'my_boat_teleop' build argument 'ament_cmake_args' from command line to 'None'
[1.226s] Level 5:colcon.colcon_core.verb:set package 'my_boat_teleop' build argument 'catkin_cmake_args' from command line to 'None'
[1.226s] Level 5:colcon.colcon_core.verb:set package 'my_boat_teleop' build argument 'catkin_skip_building_tests' from command line to 'False'
[1.226s] DEBUG:colcon.colcon_core.verb:Building package 'my_boat_teleop' with the following arguments: {'ament_cmake_args': None, 'build_base': '/home/raspberry/boat_ws/build/my_boat_teleop', 'catkin_cmake_args': None, 'catkin_skip_building_tests': False, 'cmake_args': None, 'cmake_clean_cache': False, 'cmake_clean_first': False, 'cmake_force_configure': False, 'cmake_target': None, 'cmake_target_skip_unavailable': False, 'install_base': '/home/raspberry/boat_ws/install/my_boat_teleop', 'merge_install': False, 'path': '/home/raspberry/boat_ws/src/my_boat_teleop', 'symlink_install': False, 'test_result_base': None}
[1.227s] INFO:colcon.colcon_core.executor:Executing jobs using 'parallel' executor
[1.230s] DEBUG:colcon.colcon_parallel_executor.executor.parallel:run_until_complete
[1.231s] INFO:colcon.colcon_ros.task.ament_cmake.build:Building ROS package in '/home/raspberry/boat_ws/src/my_boat_bringup' with build type 'ament_cmake'
[1.232s] INFO:colcon.colcon_cmake.task.cmake.build:Building CMake package in '/home/raspberry/boat_ws/src/my_boat_bringup'
[1.241s] INFO:colcon.colcon_core.plugin_system:Skipping extension 'colcon_core.shell.bat': Not used on non-Windows systems
[1.243s] INFO:colcon.colcon_core.shell:Skip shell extension 'powershell' for command environment: Not usable outside of PowerShell
[1.243s] DEBUG:colcon.colcon_core.shell:Skip shell extension 'dsv' for command environment
[1.249s] INFO:colcon.colcon_ros.task.ament_python.build:Building ROS package in '/home/raspberry/boat_ws/src/my_boat_driver' with build type 'ament_python'
[1.250s] Level 1:colcon.colcon_core.shell:create_environment_hook('my_boat_driver', 'ament_prefix_path')
[1.251s] INFO:colcon.colcon_core.shell:Creating environment hook '/home/raspberry/boat_ws/install/my_boat_driver/share/my_boat_driver/hook/ament_prefix_path.ps1'
[1.255s] INFO:colcon.colcon_core.shell:Creating environment descriptor '/home/raspberry/boat_ws/install/my_boat_driver/share/my_boat_driver/hook/ament_prefix_path.dsv'
[1.257s] INFO:colcon.colcon_core.shell:Creating environment hook '/home/raspberry/boat_ws/install/my_boat_driver/share/my_boat_driver/hook/ament_prefix_path.sh'
[1.261s] INFO:colcon.colcon_core.shell:Skip shell extension 'powershell' for command environment: Not usable outside of PowerShell
[1.262s] DEBUG:colcon.colcon_core.shell:Skip shell extension 'dsv' for command environment
[1.268s] INFO:colcon.colcon_ros.task.ament_python.build:Building ROS package in '/home/raspberry/boat_ws/src/my_boat_teleop' with build type 'ament_python'
[1.269s] Level 1:colcon.colcon_core.shell:create_environment_hook('my_boat_teleop', 'ament_prefix_path')
[1.271s] INFO:colcon.colcon_core.shell:Creating environment hook '/home/raspberry/boat_ws/install/my_boat_teleop/share/my_boat_teleop/hook/ament_prefix_path.ps1'
[1.274s] INFO:colcon.colcon_core.shell:Creating environment descriptor '/home/raspberry/boat_ws/install/my_boat_teleop/share/my_boat_teleop/hook/ament_prefix_path.dsv'
[1.278s] INFO:colcon.colcon_core.shell:Creating environment hook '/home/raspberry/boat_ws/install/my_boat_teleop/share/my_boat_teleop/hook/ament_prefix_path.sh'
[1.281s] INFO:colcon.colcon_core.shell:Skip shell extension 'powershell' for command environment: Not usable outside of PowerShell
[1.281s] DEBUG:colcon.colcon_core.shell:Skip shell extension 'dsv' for command environment
[1.309s] DEBUG:colcon.colcon_core.event_handler.log_command:Invoking command in '/home/raspberry/boat_ws/build/my_boat_bringup': /usr/bin/cmake --build /home/raspberry/boat_ws/build/my_boat_bringup -- -j4 -l4
[2.287s] INFO:colcon.colcon_core.task.python.build:Building Python package in '/home/raspberry/boat_ws/src/my_boat_driver'
[2.288s] INFO:colcon.colcon_core.shell:Skip shell extension 'powershell' for command environment: Not usable outside of PowerShell
[2.289s] DEBUG:colcon.colcon_core.shell:Skip shell extension 'dsv' for command environment
[3.225s] INFO:colcon.colcon_core.task.python.build:Building Python package in '/home/raspberry/boat_ws/src/my_boat_teleop'
[3.226s] INFO:colcon.colcon_core.shell:Skip shell extension 'powershell' for command environment: Not usable outside of PowerShell
[3.226s] DEBUG:colcon.colcon_core.shell:Skip shell extension 'dsv' for command environment
[3.235s] DEBUG:colcon.colcon_core.event_handler.log_command:Invoked command in '/home/raspberry/boat_ws/build/my_boat_bringup' returned '0': /usr/bin/cmake --build /home/raspberry/boat_ws/build/my_boat_bringup -- -j4 -l4
[3.273s] DEBUG:colcon.colcon_core.event_handler.log_command:Invoking command in '/home/raspberry/boat_ws/build/my_boat_bringup': /usr/bin/cmake --install /home/raspberry/boat_ws/build/my_boat_bringup
[3.327s] Level 1:colcon.colcon_core.environment:create_environment_scripts_only(my_boat_bringup)
[3.329s] DEBUG:colcon.colcon_core.event_handler.log_command:Invoked command in '/home/raspberry/boat_ws/build/my_boat_bringup' returned '0': /usr/bin/cmake --install /home/raspberry/boat_ws/build/my_boat_bringup
[3.343s] Level 1:colcon.colcon_core.environment:checking '/home/raspberry/boat_ws/install/my_boat_bringup' for CMake module files
[3.348s] Level 1:colcon.colcon_core.environment:checking '/home/raspberry/boat_ws/install/my_boat_bringup' for CMake config files
[3.349s] Level 1:colcon.colcon_core.shell:create_environment_hook('my_boat_bringup', 'cmake_prefix_path')
[3.350s] INFO:colcon.colcon_core.shell:Creating environment hook '/home/raspberry/boat_ws/install/my_boat_bringup/share/my_boat_bringup/hook/cmake_prefix_path.ps1'
[3.355s] INFO:colcon.colcon_core.shell:Creating environment descriptor '/home/raspberry/boat_ws/install/my_boat_bringup/share/my_boat_bringup/hook/cmake_prefix_path.dsv'
[3.358s] INFO:colcon.colcon_core.shell:Creating environment hook '/home/raspberry/boat_ws/install/my_boat_bringup/share/my_boat_bringup/hook/cmake_prefix_path.sh'
[3.363s] Level 1:colcon.colcon_core.environment:checking '/home/raspberry/boat_ws/install/my_boat_bringup/bin'
[3.364s] Level 1:colcon.colcon_core.environment:checking '/home/raspberry/boat_ws/install/my_boat_bringup/lib/pkgconfig/my_boat_bringup.pc'
[3.365s] Level 1:colcon.colcon_core.environment:checking '/home/raspberry/boat_ws/install/my_boat_bringup/lib/python3.10/site-packages'
[3.367s] Level 1:colcon.colcon_core.environment:checking '/home/raspberry/boat_ws/install/my_boat_bringup/bin'
[3.369s] INFO:colcon.colcon_core.shell:Creating package script '/home/raspberry/boat_ws/install/my_boat_bringup/share/my_boat_bringup/package.ps1'
[3.373s] INFO:colcon.colcon_core.shell:Creating package descriptor '/home/raspberry/boat_ws/install/my_boat_bringup/share/my_boat_bringup/package.dsv'
[3.376s] INFO:colcon.colcon_core.shell:Creating package script '/home/raspberry/boat_ws/install/my_boat_bringup/share/my_boat_bringup/package.sh'
[3.381s] INFO:colcon.colcon_core.shell:Creating package script '/home/raspberry/boat_ws/install/my_boat_bringup/share/my_boat_bringup/package.bash'
[3.385s] INFO:colcon.colcon_core.shell:Creating package script '/home/raspberry/boat_ws/install/my_boat_bringup/share/my_boat_bringup/package.zsh'
[3.389s] Level 1:colcon.colcon_core.environment:create_file_with_runtime_dependencies(/home/raspberry/boat_ws/install/my_boat_bringup/share/colcon-core/packages/my_boat_bringup)
[3.391s] Level 1:colcon.colcon_core.environment:create_environment_scripts_only(my_boat_bringup)
[3.393s] Level 1:colcon.colcon_core.environment:checking '/home/raspberry/boat_ws/install/my_boat_bringup' for CMake module files
[3.395s] Level 1:colcon.colcon_core.environment:checking '/home/raspberry/boat_ws/install/my_boat_bringup' for CMake config files
[3.396s] Level 1:colcon.colcon_core.shell:create_environment_hook('my_boat_bringup', 'cmake_prefix_path')
[3.398s] INFO:colcon.colcon_core.shell:Creating environment hook '/home/raspberry/boat_ws/install/my_boat_bringup/share/my_boat_bringup/hook/cmake_prefix_path.ps1'
[3.400s] INFO:colcon.colcon_core.shell:Creating environment descriptor '/home/raspberry/boat_ws/install/my_boat_bringup/share/my_boat_bringup/hook/cmake_prefix_path.dsv'
[3.402s] INFO:colcon.colcon_core.shell:Creating environment hook '/home/raspberry/boat_ws/install/my_boat_bringup/share/my_boat_bringup/hook/cmake_prefix_path.sh'
[3.406s] Level 1:colcon.colcon_core.environment:checking '/home/raspberry/boat_ws/install/my_boat_bringup/bin'
[3.406s] Level 1:colcon.colcon_core.environment:checking '/home/raspberry/boat_ws/install/my_boat_bringup/lib/pkgconfig/my_boat_bringup.pc'
[3.408s] Level 1:colcon.colcon_core.environment:checking '/home/raspberry/boat_ws/install/my_boat_bringup/lib/python3.10/site-packages'
[3.410s] Level 1:colcon.colcon_core.environment:checking '/home/raspberry/boat_ws/install/my_boat_bringup/bin'
[3.411s] INFO:colcon.colcon_core.shell:Creating package script '/home/raspberry/boat_ws/install/my_boat_bringup/share/my_boat_bringup/package.ps1'
[3.414s] INFO:colcon.colcon_core.shell:Creating package descriptor '/home/raspberry/boat_ws/install/my_boat_bringup/share/my_boat_bringup/package.dsv'
[3.417s] INFO:colcon.colcon_core.shell:Creating package script '/home/raspberry/boat_ws/install/my_boat_bringup/share/my_boat_bringup/package.sh'
[3.420s] INFO:colcon.colcon_core.shell:Creating package script '/home/raspberry/boat_ws/install/my_boat_bringup/share/my_boat_bringup/package.bash'
[3.423s] INFO:colcon.colcon_core.shell:Creating package script '/home/raspberry/boat_ws/install/my_boat_bringup/share/my_boat_bringup/package.zsh'
[3.425s] Level 1:colcon.colcon_core.environment:create_file_with_runtime_dependencies(/home/raspberry/boat_ws/install/my_boat_bringup/share/colcon-core/packages/my_boat_bringup)
[5.090s] DEBUG:colcon.colcon_core.event_handler.log_command:Invoking command in '/home/raspberry/boat_ws/src/my_boat_driver': PYTHONPATH=/home/raspberry/boat_ws/build/my_boat_driver/prefix_override:/usr/lib/python3/dist-packages/colcon_core/task/python/colcon_distutils_commands:/home/raspberry/boat_ws/install/my_boat_driver/lib/python3.10/site-packages: /usr/bin/python3 -W ignore:setup.py install is deprecated -W ignore:easy_install command is deprecated setup.py egg_info --egg-base ../../build/my_boat_driver build --build-base /home/raspberry/boat_ws/build/my_boat_driver/build install --record /home/raspberry/boat_ws/build/my_boat_driver/install.log --single-version-externally-managed install_data
[5.098s] DEBUG:colcon.colcon_core.event_handler.log_command:Invoking command in '/home/raspberry/boat_ws/src/my_boat_teleop': PYTHONPATH=/home/raspberry/boat_ws/build/my_boat_teleop/prefix_override:/usr/lib/python3/dist-packages/colcon_core/task/python/colcon_distutils_commands:/home/raspberry/boat_ws/install/my_boat_teleop/lib/python3.10/site-packages: /usr/bin/python3 -W ignore:setup.py install is deprecated -W ignore:easy_install command is deprecated setup.py egg_info --egg-base ../../build/my_boat_teleop build --build-base /home/raspberry/boat_ws/build/my_boat_teleop/build install --record /home/raspberry/boat_ws/build/my_boat_teleop/install.log --single-version-externally-managed install_data
[6.437s] Level 1:colcon.colcon_core.environment:checking '/home/raspberry/boat_ws/install/my_boat_driver' for CMake module files
[6.440s] DEBUG:colcon.colcon_core.event_handler.log_command:Invoked command in '/home/raspberry/boat_ws/src/my_boat_driver' returned '0': PYTHONPATH=/home/raspberry/boat_ws/build/my_boat_driver/prefix_override:/usr/lib/python3/dist-packages/colcon_core/task/python/colcon_distutils_commands:/home/raspberry/boat_ws/install/my_boat_driver/lib/python3.10/site-packages: /usr/bin/python3 -W ignore:setup.py install is deprecated -W ignore:easy_install command is deprecated setup.py egg_info --egg-base ../../build/my_boat_driver build --build-base /home/raspberry/boat_ws/build/my_boat_driver/build install --record /home/raspberry/boat_ws/build/my_boat_driver/install.log --single-version-externally-managed install_data
[6.443s] Level 1:colcon.colcon_core.environment:checking '/home/raspberry/boat_ws/install/my_boat_driver' for CMake config files
[6.450s] Level 1:colcon.colcon_core.environment:checking '/home/raspberry/boat_ws/install/my_boat_driver/lib'
[6.451s] Level 1:colcon.colcon_core.environment:checking '/home/raspberry/boat_ws/install/my_boat_driver/bin'
[6.451s] Level 1:colcon.colcon_core.environment:checking '/home/raspberry/boat_ws/install/my_boat_driver/lib/pkgconfig/my_boat_driver.pc'
[6.453s] Level 1:colcon.colcon_core.environment:checking '/home/raspberry/boat_ws/install/my_boat_driver/lib/python3.10/site-packages'
[6.454s] Level 1:colcon.colcon_core.shell:create_environment_hook('my_boat_driver', 'pythonpath')
[6.455s] INFO:colcon.colcon_core.shell:Creating environment hook '/home/raspberry/boat_ws/install/my_boat_driver/share/my_boat_driver/hook/pythonpath.ps1'
[6.458s] INFO:colcon.colcon_core.shell:Creating environment descriptor '/home/raspberry/boat_ws/install/my_boat_driver/share/my_boat_driver/hook/pythonpath.dsv'
[6.460s] INFO:colcon.colcon_core.shell:Creating environment hook '/home/raspberry/boat_ws/install/my_boat_driver/share/my_boat_driver/hook/pythonpath.sh'
[6.464s] Level 1:colcon.colcon_core.environment:checking '/home/raspberry/boat_ws/install/my_boat_driver/bin'
[6.464s] Level 1:colcon.colcon_core.environment:create_environment_scripts_only(my_boat_driver)
[6.466s] INFO:colcon.colcon_core.shell:Creating package script '/home/raspberry/boat_ws/install/my_boat_driver/share/my_boat_driver/package.ps1'
[6.468s] INFO:colcon.colcon_core.shell:Creating package descriptor '/home/raspberry/boat_ws/install/my_boat_driver/share/my_boat_driver/package.dsv'
[6.470s] INFO:colcon.colcon_core.shell:Creating package script '/home/raspberry/boat_ws/install/my_boat_driver/share/my_boat_driver/package.sh'
[6.473s] INFO:colcon.colcon_core.shell:Creating package script '/home/raspberry/boat_ws/install/my_boat_driver/share/my_boat_driver/package.bash'
[6.475s] INFO:colcon.colcon_core.shell:Creating package script '/home/raspberry/boat_ws/install/my_boat_driver/share/my_boat_driver/package.zsh'
[6.477s] Level 1:colcon.colcon_core.environment:create_file_with_runtime_dependencies(/home/raspberry/boat_ws/install/my_boat_driver/share/colcon-core/packages/my_boat_driver)
[6.482s] Level 1:colcon.colcon_core.environment:checking '/home/raspberry/boat_ws/install/my_boat_teleop' for CMake module files
[6.485s] DEBUG:colcon.colcon_core.event_handler.log_command:Invoked command in '/home/raspberry/boat_ws/src/my_boat_teleop' returned '0': PYTHONPATH=/home/raspberry/boat_ws/build/my_boat_teleop/prefix_override:/usr/lib/python3/dist-packages/colcon_core/task/python/colcon_distutils_commands:/home/raspberry/boat_ws/install/my_boat_teleop/lib/python3.10/site-packages: /usr/bin/python3 -W ignore:setup.py install is deprecated -W ignore:easy_install command is deprecated setup.py egg_info --egg-base ../../build/my_boat_teleop build --build-base /home/raspberry/boat_ws/build/my_boat_teleop/build install --record /home/raspberry/boat_ws/build/my_boat_teleop/install.log --single-version-externally-managed install_data
[6.486s] Level 1:colcon.colcon_core.environment:checking '/home/raspberry/boat_ws/install/my_boat_teleop' for CMake config files
[6.489s] Level 1:colcon.colcon_core.environment:checking '/home/raspberry/boat_ws/install/my_boat_teleop/lib'
[6.490s] Level 1:colcon.colcon_core.environment:checking '/home/raspberry/boat_ws/install/my_boat_teleop/bin'
[6.490s] Level 1:colcon.colcon_core.environment:checking '/home/raspberry/boat_ws/install/my_boat_teleop/lib/pkgconfig/my_boat_teleop.pc'
[6.491s] Level 1:colcon.colcon_core.environment:checking '/home/raspberry/boat_ws/install/my_boat_teleop/lib/python3.10/site-packages'
[6.491s] Level 1:colcon.colcon_core.shell:create_environment_hook('my_boat_teleop', 'pythonpath')
[6.492s] INFO:colcon.colcon_core.shell:Creating environment hook '/home/raspberry/boat_ws/install/my_boat_teleop/share/my_boat_teleop/hook/pythonpath.ps1'
[6.494s] INFO:colcon.colcon_core.shell:Creating environment descriptor '/home/raspberry/boat_ws/install/my_boat_teleop/share/my_boat_teleop/hook/pythonpath.dsv'
[6.496s] INFO:colcon.colcon_core.shell:Creating environment hook '/home/raspberry/boat_ws/install/my_boat_teleop/share/my_boat_teleop/hook/pythonpath.sh'
[6.499s] Level 1:colcon.colcon_core.environment:checking '/home/raspberry/boat_ws/install/my_boat_teleop/bin'
[6.500s] Level 1:colcon.colcon_core.environment:create_environment_scripts_only(my_boat_teleop)
[6.501s] INFO:colcon.colcon_core.shell:Creating package script '/home/raspberry/boat_ws/install/my_boat_teleop/share/my_boat_teleop/package.ps1'
[6.504s] INFO:colcon.colcon_core.shell:Creating package descriptor '/home/raspberry/boat_ws/install/my_boat_teleop/share/my_boat_teleop/package.dsv'
[6.506s] INFO:colcon.colcon_core.shell:Creating package script '/home/raspberry/boat_ws/install/my_boat_teleop/share/my_boat_teleop/package.sh'
[6.509s] INFO:colcon.colcon_core.shell:Creating package script '/home/raspberry/boat_ws/install/my_boat_teleop/share/my_boat_teleop/package.bash'
[6.511s] INFO:colcon.colcon_core.shell:Creating package script '/home/raspberry/boat_ws/install/my_boat_teleop/share/my_boat_teleop/package.zsh'
[6.513s] Level 1:colcon.colcon_core.environment:create_file_with_runtime_dependencies(/home/raspberry/boat_ws/install/my_boat_teleop/share/colcon-core/packages/my_boat_teleop)
[6.514s] DEBUG:colcon.colcon_parallel_executor.executor.parallel:closing loop
[6.516s] DEBUG:colcon.colcon_parallel_executor.executor.parallel:loop closed
[6.517s] DEBUG:colcon.colcon_parallel_executor.executor.parallel:run_until_complete finished with '0'
[6.517s] DEBUG:colcon.colcon_core.event_reactor:joining thread
[6.579s] INFO:colcon.colcon_core.plugin_system:Skipping extension 'colcon_notification.desktop_notification.notify_send': Could not find 'notify-send'
[6.579s] INFO:colcon.colcon_core.plugin_system:Skipping extension 'colcon_notification.desktop_notification.terminal_notifier': Not used on non-Darwin systems
[6.580s] INFO:colcon.colcon_core.plugin_system:Skipping extension 'colcon_notification.desktop_notification.win32': Not used on non-Windows systems
[6.580s] INFO:colcon.colcon_notification.desktop_notification:Sending desktop notification using 'notify2'
[6.582s] DEBUG:colcon.colcon_notification.desktop_notification.notify2:Failed to initialize notify2: org.freedesktop.DBus.Error.ServiceUnknown: The name org.freedesktop.Notifications was not provided by any .service files
[6.583s] DEBUG:colcon.colcon_core.event_reactor:joined thread
[6.584s] INFO:colcon.colcon_core.shell:Creating prefix script '/home/raspberry/boat_ws/install/local_setup.ps1'
[6.588s] INFO:colcon.colcon_core.shell:Creating prefix util module '/home/raspberry/boat_ws/install/_local_setup_util_ps1.py'
[6.594s] INFO:colcon.colcon_core.shell:Creating prefix chain script '/home/raspberry/boat_ws/install/setup.ps1'
[6.599s] INFO:colcon.colcon_core.shell:Creating prefix script '/home/raspberry/boat_ws/install/local_setup.sh'
[6.602s] INFO:colcon.colcon_core.shell:Creating prefix util module '/home/raspberry/boat_ws/install/_local_setup_util_sh.py'
[6.604s] INFO:colcon.colcon_core.shell:Creating prefix chain script '/home/raspberry/boat_ws/install/setup.sh'
[6.608s] INFO:colcon.colcon_core.shell:Creating prefix script '/home/raspberry/boat_ws/install/local_setup.bash'
[6.610s] INFO:colcon.colcon_core.shell:Creating prefix chain script '/home/raspberry/boat_ws/install/setup.bash'
[6.614s] INFO:colcon.colcon_core.shell:Creating prefix script '/home/raspberry/boat_ws/install/local_setup.zsh'
[6.616s] INFO:colcon.colcon_core.shell:Creating prefix chain script '/home/raspberry/boat_ws/install/setup.zsh'
