[0.093s] Invoking command in '/home/raspberry/boat_ws/build/my_boat_bringup': CMAKE_PREFIX_PATH=/opt/ros/humble /usr/bin/cmake /home/raspberry/boat_ws/src/my_boat_bringup -DCMAKE_INSTALL_PREFIX=/home/raspberry/boat_ws/install/my_boat_bringup
[1.509s] -- The C compiler identification is GNU 11.4.0
[1.997s] -- The CXX compiler identification is GNU 11.4.0
[2.044s] -- Detecting C compiler ABI info
[2.401s] -- Detecting C compiler ABI info - done
[2.426s] -- Check for working C compiler: /usr/bin/cc - skipped
[2.429s] -- Detecting C compile features
[2.431s] -- Detecting C compile features - done
[2.447s] -- Detecting CXX compiler ABI info
[2.823s] -- Detecting CXX compiler ABI info - done
[2.849s] -- Check for working CXX compiler: /usr/bin/c++ - skipped
[2.850s] -- Detecting CXX compile features
[2.852s] -- Detecting CXX compile features - done
[2.878s] -- Found ament_cmake: 1.3.12 (/opt/ros/humble/share/ament_cmake/cmake)
[3.776s] -- Found Python3: /usr/bin/python3 (found version "3.10.12") found components: Interpreter 
[4.396s] -- Found ament_lint_auto: 0.12.14 (/opt/ros/humble/share/ament_lint_auto/cmake)
[4.930s] -- Added test 'lint_cmake' to check CMake code style
[4.939s] -- Added test 'xmllint' to check XML markup files
[4.947s] -- Configuring done
[4.968s] -- Generating done
[4.978s] -- Build files have been written to: /home/raspberry/boat_ws/build/my_boat_bringup
[4.993s] Invoked command in '/home/raspberry/boat_ws/build/my_boat_bringup' returned '0': CMAKE_PREFIX_PATH=/opt/ros/humble /usr/bin/cmake /home/raspberry/boat_ws/src/my_boat_bringup -DCMAKE_INSTALL_PREFIX=/home/raspberry/boat_ws/install/my_boat_bringup
[5.005s] Invoking command in '/home/raspberry/boat_ws/build/my_boat_bringup': CMAKE_PREFIX_PATH=/opt/ros/humble /usr/bin/cmake --build /home/raspberry/boat_ws/build/my_boat_bringup -- -j4 -l4
[5.162s] Invoked command in '/home/raspberry/boat_ws/build/my_boat_bringup' returned '0': CMAKE_PREFIX_PATH=/opt/ros/humble /usr/bin/cmake --build /home/raspberry/boat_ws/build/my_boat_bringup -- -j4 -l4
[5.202s] Invoking command in '/home/raspberry/boat_ws/build/my_boat_bringup': CMAKE_PREFIX_PATH=/opt/ros/humble /usr/bin/cmake --install /home/raspberry/boat_ws/build/my_boat_bringup
[5.242s] -- Install configuration: ""
[5.243s] -- Installing: /home/raspberry/boat_ws/install/my_boat_bringup/share/ament_index/resource_index/package_run_dependencies/my_boat_bringup
[5.245s] -- Installing: /home/raspberry/boat_ws/install/my_boat_bringup/share/ament_index/resource_index/parent_prefix_path/my_boat_bringup
[5.247s] -- Installing: /home/raspberry/boat_ws/install/my_boat_bringup/share/my_boat_bringup/environment/ament_prefix_path.sh
[5.248s] -- Installing: /home/raspberry/boat_ws/install/my_boat_bringup/share/my_boat_bringup/environment/ament_prefix_path.dsv
[5.250s] -- Installing: /home/raspberry/boat_ws/install/my_boat_bringup/share/my_boat_bringup/environment/path.sh
[5.251s] -- Installing: /home/raspberry/boat_ws/install/my_boat_bringup/share/my_boat_bringup/environment/path.dsv
[5.253s] -- Installing: /home/raspberry/boat_ws/install/my_boat_bringup/share/my_boat_bringup/local_setup.bash
[5.255s] -- Installing: /home/raspberry/boat_ws/install/my_boat_bringup/share/my_boat_bringup/local_setup.sh
[5.256s] -- Installing: /home/raspberry/boat_ws/install/my_boat_bringup/share/my_boat_bringup/local_setup.zsh
[5.258s] -- Installing: /home/raspberry/boat_ws/install/my_boat_bringup/share/my_boat_bringup/local_setup.dsv
[5.259s] -- Installing: /home/raspberry/boat_ws/install/my_boat_bringup/share/my_boat_bringup/package.dsv
[5.261s] -- Installing: /home/raspberry/boat_ws/install/my_boat_bringup/share/ament_index/resource_index/packages/my_boat_bringup
[5.262s] -- Installing: /home/raspberry/boat_ws/install/my_boat_bringup/share/my_boat_bringup/cmake/my_boat_bringupConfig.cmake
[5.264s] -- Installing: /home/raspberry/boat_ws/install/my_boat_bringup/share/my_boat_bringup/cmake/my_boat_bringupConfig-version.cmake
[5.265s] -- Installing: /home/raspberry/boat_ws/install/my_boat_bringup/share/my_boat_bringup/package.xml
[5.273s] Invoked command in '/home/raspberry/boat_ws/build/my_boat_bringup' returned '0': CMAKE_PREFIX_PATH=/opt/ros/humble /usr/bin/cmake --install /home/raspberry/boat_ws/build/my_boat_bringup
