[0.970s] DEBUG:colcon:Command line arguments: ['/usr/bin/colcon', 'list', '-p', '--base-paths', '/home/raspberry/boat_ws', '--log-base', '/dev/null']
[0.971s] DEBUG:colcon:Parsed command line arguments: Namespace(log_base=None, log_level=None, verb_name='list', build_base='build', ignore_user_meta=False, metas=['./colcon.meta'], base_paths=['/home/raspberry/boat_ws', '--log-base', '/dev/null'], packages_ignore=None, packages_ignore_regex=None, paths=None, packages_up_to=None, packages_up_to_regex=None, packages_above=None, packages_above_and_dependencies=None, packages_above_depth=None, packages_select_by_dep=None, packages_skip_by_dep=None, packages_skip_up_to=None, packages_select_build_failed=False, packages_skip_build_finished=False, packages_select_test_failures=False, packages_skip_test_passed=False, packages_select=None, packages_skip=None, packages_select_regex=None, packages_skip_regex=None, packages_start=None, packages_end=None, allow_overriding=[], topological_order=False, names_only=False, paths_only=True, topological_graph=False, topological_graph_dot=False, topological_graph_density=False, topological_graph_legend=False, topological_graph_dot_cluster=False, topological_graph_dot_include_skipped=False, mixin_files=None, mixin=None, verb_parser=<colcon_mixin.mixin.mixin_argument.MixinArgumentDecorator object at 0xffff96bde0e0>, verb_extension=<colcon_package_information.verb.list.ListVerb object at 0xffff96bdd000>, main=<bound method ListVerb.main of <colcon_package_information.verb.list.ListVerb object at 0xffff96bdd000>>, mixin_verb=('list',))
[3.086s] Level 1:colcon.colcon_core.package_discovery:discover_packages(colcon_meta) check parameters
[3.092s] Level 1:colcon.colcon_core.package_discovery:discover_packages(recursive) check parameters
[3.093s] Level 1:colcon.colcon_core.package_discovery:discover_packages(ignore) check parameters
[3.094s] Level 1:colcon.colcon_core.package_discovery:discover_packages(path) check parameters
[3.095s] Level 1:colcon.colcon_core.package_discovery:discover_packages(recursive) discover
[3.096s] INFO:colcon.colcon_core.package_discovery:Crawling recursively for packages in '/home/raspberry/boat_ws', '/home/raspberry/boat_ws/--log-base', '/dev/null'
[3.097s] Level 1:colcon.colcon_core.package_identification:_identify(/home/raspberry/boat_ws) by extensions ['ignore', 'ignore_ament_install']
[3.100s] Level 1:colcon.colcon_core.package_identification:_identify(/home/raspberry/boat_ws) by extension 'ignore'
[3.101s] Level 1:colcon.colcon_core.package_identification:_identify(/home/raspberry/boat_ws) by extension 'ignore_ament_install'
[3.103s] Level 1:colcon.colcon_core.package_identification:_identify(/home/raspberry/boat_ws) by extensions ['colcon_pkg']
[3.104s] Level 1:colcon.colcon_core.package_identification:_identify(/home/raspberry/boat_ws) by extension 'colcon_pkg'
[3.105s] Level 1:colcon.colcon_core.package_identification:_identify(/home/raspberry/boat_ws) by extensions ['colcon_meta']
[3.106s] Level 1:colcon.colcon_core.package_identification:_identify(/home/raspberry/boat_ws) by extension 'colcon_meta'
[3.107s] Level 1:colcon.colcon_core.package_identification:_identify(/home/raspberry/boat_ws) by extensions ['ros']
[3.108s] Level 1:colcon.colcon_core.package_identification:_identify(/home/raspberry/boat_ws) by extension 'ros'
[3.241s] Level 1:colcon.colcon_core.package_identification:_identify(/home/raspberry/boat_ws) by extensions ['cmake', 'python']
[3.242s] Level 1:colcon.colcon_core.package_identification:_identify(/home/raspberry/boat_ws) by extension 'cmake'
[3.243s] Level 1:colcon.colcon_core.package_identification:_identify(/home/raspberry/boat_ws) by extension 'python'
[3.244s] Level 1:colcon.colcon_core.package_identification:_identify(/home/raspberry/boat_ws) by extensions ['python_setup_py']
[3.245s] Level 1:colcon.colcon_core.package_identification:_identify(/home/raspberry/boat_ws) by extension 'python_setup_py'
[3.249s] Level 1:colcon.colcon_core.package_identification:_identify(/home/raspberry/boat_ws/build) by extensions ['ignore', 'ignore_ament_install']
[3.250s] Level 1:colcon.colcon_core.package_identification:_identify(/home/raspberry/boat_ws/build) by extension 'ignore'
[3.251s] Level 1:colcon.colcon_core.package_identification:_identify(/home/raspberry/boat_ws/build) ignored
[3.254s] Level 1:colcon.colcon_core.package_identification:_identify(/home/raspberry/boat_ws/install) by extensions ['ignore', 'ignore_ament_install']
[3.255s] Level 1:colcon.colcon_core.package_identification:_identify(/home/raspberry/boat_ws/install) by extension 'ignore'
[3.256s] Level 1:colcon.colcon_core.package_identification:_identify(/home/raspberry/boat_ws/install) ignored
[3.258s] Level 1:colcon.colcon_core.package_identification:_identify(/home/raspberry/boat_ws/log) by extensions ['ignore', 'ignore_ament_install']
[3.259s] Level 1:colcon.colcon_core.package_identification:_identify(/home/raspberry/boat_ws/log) by extension 'ignore'
[3.260s] Level 1:colcon.colcon_core.package_identification:_identify(/home/raspberry/boat_ws/log) ignored
[3.266s] Level 1:colcon.colcon_core.package_identification:_identify(/home/raspberry/boat_ws/src) by extensions ['ignore', 'ignore_ament_install']
[3.267s] Level 1:colcon.colcon_core.package_identification:_identify(/home/raspberry/boat_ws/src) by extension 'ignore'
[3.268s] Level 1:colcon.colcon_core.package_identification:_identify(/home/raspberry/boat_ws/src) by extension 'ignore_ament_install'
[3.269s] Level 1:colcon.colcon_core.package_identification:_identify(/home/raspberry/boat_ws/src) by extensions ['colcon_pkg']
[3.272s] Level 1:colcon.colcon_core.package_identification:_identify(/home/raspberry/boat_ws/src) by extension 'colcon_pkg'
[3.274s] Level 1:colcon.colcon_core.package_identification:_identify(/home/raspberry/boat_ws/src) by extensions ['colcon_meta']
[3.274s] Level 1:colcon.colcon_core.package_identification:_identify(/home/raspberry/boat_ws/src) by extension 'colcon_meta'
[3.276s] Level 1:colcon.colcon_core.package_identification:_identify(/home/raspberry/boat_ws/src) by extensions ['ros']
[3.277s] Level 1:colcon.colcon_core.package_identification:_identify(/home/raspberry/boat_ws/src) by extension 'ros'
[3.288s] Level 1:colcon.colcon_core.package_identification:_identify(/home/raspberry/boat_ws/src) by extensions ['cmake', 'python']
[3.289s] Level 1:colcon.colcon_core.package_identification:_identify(/home/raspberry/boat_ws/src) by extension 'cmake'
[3.290s] Level 1:colcon.colcon_core.package_identification:_identify(/home/raspberry/boat_ws/src) by extension 'python'
[3.291s] Level 1:colcon.colcon_core.package_identification:_identify(/home/raspberry/boat_ws/src) by extensions ['python_setup_py']
[3.292s] Level 1:colcon.colcon_core.package_identification:_identify(/home/raspberry/boat_ws/src) by extension 'python_setup_py'
[3.298s] Level 1:colcon.colcon_core.package_identification:_identify(/home/raspberry/boat_ws/src/my_boat_bringup) by extensions ['ignore', 'ignore_ament_install']
[3.299s] Level 1:colcon.colcon_core.package_identification:_identify(/home/raspberry/boat_ws/src/my_boat_bringup) by extension 'ignore'
[3.299s] Level 1:colcon.colcon_core.package_identification:_identify(/home/raspberry/boat_ws/src/my_boat_bringup) by extension 'ignore_ament_install'
[3.300s] Level 1:colcon.colcon_core.package_identification:_identify(/home/raspberry/boat_ws/src/my_boat_bringup) by extensions ['colcon_pkg']
[3.301s] Level 1:colcon.colcon_core.package_identification:_identify(/home/raspberry/boat_ws/src/my_boat_bringup) by extension 'colcon_pkg'
[3.301s] Level 1:colcon.colcon_core.package_identification:_identify(/home/raspberry/boat_ws/src/my_boat_bringup) by extensions ['colcon_meta']
[3.302s] Level 1:colcon.colcon_core.package_identification:_identify(/home/raspberry/boat_ws/src/my_boat_bringup) by extension 'colcon_meta'
[3.302s] Level 1:colcon.colcon_core.package_identification:_identify(/home/raspberry/boat_ws/src/my_boat_bringup) by extensions ['ros']
[3.303s] Level 1:colcon.colcon_core.package_identification:_identify(/home/raspberry/boat_ws/src/my_boat_bringup) by extension 'ros'
[3.317s] DEBUG:colcon.colcon_core.package_identification:Package '/home/raspberry/boat_ws/src/my_boat_bringup' with type 'ros.ament_cmake' and name 'my_boat_bringup'
[3.319s] Level 1:colcon.colcon_core.package_identification:_identify(/home/raspberry/boat_ws/src/my_boat_driver) by extensions ['ignore', 'ignore_ament_install']
[3.320s] Level 1:colcon.colcon_core.package_identification:_identify(/home/raspberry/boat_ws/src/my_boat_driver) by extension 'ignore'
[3.321s] Level 1:colcon.colcon_core.package_identification:_identify(/home/raspberry/boat_ws/src/my_boat_driver) by extension 'ignore_ament_install'
[3.322s] Level 1:colcon.colcon_core.package_identification:_identify(/home/raspberry/boat_ws/src/my_boat_driver) by extensions ['colcon_pkg']
[3.323s] Level 1:colcon.colcon_core.package_identification:_identify(/home/raspberry/boat_ws/src/my_boat_driver) by extension 'colcon_pkg'
[3.324s] Level 1:colcon.colcon_core.package_identification:_identify(/home/raspberry/boat_ws/src/my_boat_driver) by extensions ['colcon_meta']
[3.324s] Level 1:colcon.colcon_core.package_identification:_identify(/home/raspberry/boat_ws/src/my_boat_driver) by extension 'colcon_meta'
[3.325s] Level 1:colcon.colcon_core.package_identification:_identify(/home/raspberry/boat_ws/src/my_boat_driver) by extensions ['ros']
[3.327s] Level 1:colcon.colcon_core.package_identification:_identify(/home/raspberry/boat_ws/src/my_boat_driver) by extension 'ros'
[3.333s] DEBUG:colcon.colcon_core.package_identification:Package '/home/raspberry/boat_ws/src/my_boat_driver' with type 'ros.ament_python' and name 'my_boat_driver'
[3.334s] Level 1:colcon.colcon_core.package_identification:_identify(/home/raspberry/boat_ws/src/my_boat_teleop) by extensions ['ignore', 'ignore_ament_install']
[3.335s] Level 1:colcon.colcon_core.package_identification:_identify(/home/raspberry/boat_ws/src/my_boat_teleop) by extension 'ignore'
[3.336s] Level 1:colcon.colcon_core.package_identification:_identify(/home/raspberry/boat_ws/src/my_boat_teleop) by extension 'ignore_ament_install'
[3.337s] Level 1:colcon.colcon_core.package_identification:_identify(/home/raspberry/boat_ws/src/my_boat_teleop) by extensions ['colcon_pkg']
[3.337s] Level 1:colcon.colcon_core.package_identification:_identify(/home/raspberry/boat_ws/src/my_boat_teleop) by extension 'colcon_pkg'
[3.338s] Level 1:colcon.colcon_core.package_identification:_identify(/home/raspberry/boat_ws/src/my_boat_teleop) by extensions ['colcon_meta']
[3.339s] Level 1:colcon.colcon_core.package_identification:_identify(/home/raspberry/boat_ws/src/my_boat_teleop) by extension 'colcon_meta'
[3.339s] Level 1:colcon.colcon_core.package_identification:_identify(/home/raspberry/boat_ws/src/my_boat_teleop) by extensions ['ros']
[3.340s] Level 1:colcon.colcon_core.package_identification:_identify(/home/raspberry/boat_ws/src/my_boat_teleop) by extension 'ros'
[3.347s] DEBUG:colcon.colcon_core.package_identification:Package '/home/raspberry/boat_ws/src/my_boat_teleop' with type 'ros.ament_python' and name 'my_boat_teleop'
[3.349s] Level 1:colcon.colcon_core.package_discovery:discover_packages(recursive) using defaults
