[3.582s] Invoking command in '/home/raspberry/boat_ws/src/my_boat_teleop': PYTHONPATH=/home/raspberry/boat_ws/build/my_boat_teleop/prefix_override:/usr/lib/python3/dist-packages/colcon_core/task/python/colcon_distutils_commands:/home/raspberry/boat_ws/install/my_boat_teleop/lib/python3.10/site-packages: /usr/bin/python3 -W ignore:setup.py install is deprecated -W ignore:easy_install command is deprecated setup.py egg_info --egg-base ../../build/my_boat_teleop build --build-base /home/raspberry/boat_ws/build/my_boat_teleop/build install --record /home/raspberry/boat_ws/build/my_boat_teleop/install.log --single-version-externally-managed install_data
[4.573s] running egg_info
[4.575s] writing ../../build/my_boat_teleop/my_boat_teleop.egg-info/PKG-INFO
[4.577s] writing dependency_links to ../../build/my_boat_teleop/my_boat_teleop.egg-info/dependency_links.txt
[4.580s] writing entry points to ../../build/my_boat_teleop/my_boat_teleop.egg-info/entry_points.txt
[4.581s] writing requirements to ../../build/my_boat_teleop/my_boat_teleop.egg-info/requires.txt
[4.582s] writing top-level names to ../../build/my_boat_teleop/my_boat_teleop.egg-info/top_level.txt
[4.588s] reading manifest file '../../build/my_boat_teleop/my_boat_teleop.egg-info/SOURCES.txt'
[4.590s] adding license file 'LICENSE'
[4.593s] writing manifest file '../../build/my_boat_teleop/my_boat_teleop.egg-info/SOURCES.txt'
[4.594s] running build
[4.595s] running build_py
[4.597s] running install
[4.597s] running install_lib
[4.603s] running install_data
[4.605s] running install_egg_info
[4.612s] removing '/home/raspberry/boat_ws/install/my_boat_teleop/lib/python3.10/site-packages/my_boat_teleop-0.0.0-py3.10.egg-info' (and everything under it)
[4.613s] Copying ../../build/my_boat_teleop/my_boat_teleop.egg-info to /home/raspberry/boat_ws/install/my_boat_teleop/lib/python3.10/site-packages/my_boat_teleop-0.0.0-py3.10.egg-info
[4.621s] running install_scripts
[4.712s] Installing teleop_keyboard_node script to /home/raspberry/boat_ws/install/my_boat_teleop/lib/my_boat_teleop
[4.715s] writing list of installed files to '/home/raspberry/boat_ws/build/my_boat_teleop/install.log'
[4.914s] Invoked command in '/home/raspberry/boat_ws/src/my_boat_teleop' returned '0': PYTHONPATH=/home/raspberry/boat_ws/build/my_boat_teleop/prefix_override:/usr/lib/python3/dist-packages/colcon_core/task/python/colcon_distutils_commands:/home/raspberry/boat_ws/install/my_boat_teleop/lib/python3.10/site-packages: /usr/bin/python3 -W ignore:setup.py install is deprecated -W ignore:easy_install command is deprecated setup.py egg_info --egg-base ../../build/my_boat_teleop build --build-base /home/raspberry/boat_ws/build/my_boat_teleop/build install --record /home/raspberry/boat_ws/build/my_boat_teleop/install.log --single-version-externally-managed install_data
