[3.786s] Invoking command in '/home/raspberry/boat_ws/src/my_boat_teleop': PYTHONPATH=/home/raspberry/boat_ws/build/my_boat_teleop/prefix_override:/usr/lib/python3/dist-packages/colcon_core/task/python/colcon_distutils_commands:/home/raspberry/boat_ws/install/my_boat_teleop/lib/python3.10/site-packages: /usr/bin/python3 -W ignore:setup.py install is deprecated -W ignore:easy_install command is deprecated setup.py egg_info --egg-base ../../build/my_boat_teleop build --build-base /home/raspberry/boat_ws/build/my_boat_teleop/build install --record /home/raspberry/boat_ws/build/my_boat_teleop/install.log --single-version-externally-managed install_data
[5.027s] running egg_info
[5.031s] writing ../../build/my_boat_teleop/my_boat_teleop.egg-info/PKG-INFO
[5.033s] writing dependency_links to ../../build/my_boat_teleop/my_boat_teleop.egg-info/dependency_links.txt
[5.034s] writing entry points to ../../build/my_boat_teleop/my_boat_teleop.egg-info/entry_points.txt
[5.035s] writing requirements to ../../build/my_boat_teleop/my_boat_teleop.egg-info/requires.txt
[5.036s] writing top-level names to ../../build/my_boat_teleop/my_boat_teleop.egg-info/top_level.txt
[5.044s] reading manifest file '../../build/my_boat_teleop/my_boat_teleop.egg-info/SOURCES.txt'
[5.046s] adding license file 'LICENSE'
[5.049s] writing manifest file '../../build/my_boat_teleop/my_boat_teleop.egg-info/SOURCES.txt'
[5.050s] running build
[5.051s] running build_py
[5.052s] copying my_boat_teleop/teleop_keyboard_node.py -> /home/raspberry/boat_ws/build/my_boat_teleop/build/lib/my_boat_teleop
[5.053s] running install
[5.055s] running install_lib
[5.059s] copying /home/raspberry/boat_ws/build/my_boat_teleop/build/lib/my_boat_teleop/teleop_keyboard_node.py -> /home/raspberry/boat_ws/install/my_boat_teleop/lib/python3.10/site-packages/my_boat_teleop
[5.063s] byte-compiling /home/raspberry/boat_ws/install/my_boat_teleop/lib/python3.10/site-packages/my_boat_teleop/teleop_keyboard_node.py to teleop_keyboard_node.cpython-310.pyc
[5.066s] running install_data
[5.067s] running install_egg_info
[5.075s] removing '/home/raspberry/boat_ws/install/my_boat_teleop/lib/python3.10/site-packages/my_boat_teleop-0.0.0-py3.10.egg-info' (and everything under it)
[5.077s] Copying ../../build/my_boat_teleop/my_boat_teleop.egg-info to /home/raspberry/boat_ws/install/my_boat_teleop/lib/python3.10/site-packages/my_boat_teleop-0.0.0-py3.10.egg-info
[5.085s] running install_scripts
[5.207s] Installing teleop_keyboard_node script to /home/raspberry/boat_ws/install/my_boat_teleop/lib/my_boat_teleop
[5.209s] writing list of installed files to '/home/raspberry/boat_ws/build/my_boat_teleop/install.log'
[5.408s] Invoked command in '/home/raspberry/boat_ws/src/my_boat_teleop' returned '0': PYTHONPATH=/home/raspberry/boat_ws/build/my_boat_teleop/prefix_override:/usr/lib/python3/dist-packages/colcon_core/task/python/colcon_distutils_commands:/home/raspberry/boat_ws/install/my_boat_teleop/lib/python3.10/site-packages: /usr/bin/python3 -W ignore:setup.py install is deprecated -W ignore:easy_install command is deprecated setup.py egg_info --egg-base ../../build/my_boat_teleop build --build-base /home/raspberry/boat_ws/build/my_boat_teleop/build install --record /home/raspberry/boat_ws/build/my_boat_teleop/install.log --single-version-externally-managed install_data
