running egg_info
creating ../../build/my_boat_teleop/my_boat_teleop.egg-info
writing ../../build/my_boat_teleop/my_boat_teleop.egg-info/PKG-INFO
writing dependency_links to ../../build/my_boat_teleop/my_boat_teleop.egg-info/dependency_links.txt
writing entry points to ../../build/my_boat_teleop/my_boat_teleop.egg-info/entry_points.txt
writing requirements to ../../build/my_boat_teleop/my_boat_teleop.egg-info/requires.txt
writing top-level names to ../../build/my_boat_teleop/my_boat_teleop.egg-info/top_level.txt
writing manifest file '../../build/my_boat_teleop/my_boat_teleop.egg-info/SOURCES.txt'
reading manifest file '../../build/my_boat_teleop/my_boat_teleop.egg-info/SOURCES.txt'
adding license file 'LICENSE'
writing manifest file '../../build/my_boat_teleop/my_boat_teleop.egg-info/SOURCES.txt'
running build
running build_py
creating /home/raspberry/boat_ws/build/my_boat_teleop/build
creating /home/raspberry/boat_ws/build/my_boat_teleop/build/lib
creating /home/raspberry/boat_ws/build/my_boat_teleop/build/lib/my_boat_teleop
copying my_boat_teleop/__init__.py -> /home/raspberry/boat_ws/build/my_boat_teleop/build/lib/my_boat_teleop
running install
running install_lib
creating /home/raspberry/boat_ws/install/my_boat_teleop/lib/python3.10/site-packages/my_boat_teleop
copying /home/raspberry/boat_ws/build/my_boat_teleop/build/lib/my_boat_teleop/__init__.py -> /home/raspberry/boat_ws/install/my_boat_teleop/lib/python3.10/site-packages/my_boat_teleop
byte-compiling /home/raspberry/boat_ws/install/my_boat_teleop/lib/python3.10/site-packages/my_boat_teleop/__init__.py to __init__.cpython-310.pyc
running install_data
creating /home/raspberry/boat_ws/install/my_boat_teleop/share/ament_index
creating /home/raspberry/boat_ws/install/my_boat_teleop/share/ament_index/resource_index
creating /home/raspberry/boat_ws/install/my_boat_teleop/share/ament_index/resource_index/packages
copying resource/my_boat_teleop -> /home/raspberry/boat_ws/install/my_boat_teleop/share/ament_index/resource_index/packages
copying package.xml -> /home/raspberry/boat_ws/install/my_boat_teleop/share/my_boat_teleop
running install_egg_info
Copying ../../build/my_boat_teleop/my_boat_teleop.egg-info to /home/raspberry/boat_ws/install/my_boat_teleop/lib/python3.10/site-packages/my_boat_teleop-0.0.0-py3.10.egg-info
running install_scripts
writing list of installed files to '/home/raspberry/boat_ws/build/my_boat_teleop/install.log'
