[5.632s] Invoking command in '/home/raspberry/boat_ws/src/my_boat_teleop': PYTHONPATH=/home/raspberry/boat_ws/build/my_boat_teleop/prefix_override:/usr/lib/python3/dist-packages/colcon_core/task/python/colcon_distutils_commands:/home/raspberry/boat_ws/install/my_boat_teleop/lib/python3.10/site-packages:${PYTHONPATH} /usr/bin/python3 -W ignore:setup.py install is deprecated -W ignore:easy_install command is deprecated setup.py egg_info --egg-base ../../build/my_boat_teleop build --build-base /home/raspberry/boat_ws/build/my_boat_teleop/build install --record /home/raspberry/boat_ws/build/my_boat_teleop/install.log --single-version-externally-managed install_data
[6.903s] running egg_info
[6.905s] creating ../../build/my_boat_teleop/my_boat_teleop.egg-info
[6.906s] writing ../../build/my_boat_teleop/my_boat_teleop.egg-info/PKG-INFO
[6.907s] writing dependency_links to ../../build/my_boat_teleop/my_boat_teleop.egg-info/dependency_links.txt
[6.908s] writing entry points to ../../build/my_boat_teleop/my_boat_teleop.egg-info/entry_points.txt
[6.909s] writing requirements to ../../build/my_boat_teleop/my_boat_teleop.egg-info/requires.txt
[6.910s] writing top-level names to ../../build/my_boat_teleop/my_boat_teleop.egg-info/top_level.txt
[6.910s] writing manifest file '../../build/my_boat_teleop/my_boat_teleop.egg-info/SOURCES.txt'
[6.918s] reading manifest file '../../build/my_boat_teleop/my_boat_teleop.egg-info/SOURCES.txt'
[6.919s] adding license file 'LICENSE'
[6.922s] writing manifest file '../../build/my_boat_teleop/my_boat_teleop.egg-info/SOURCES.txt'
[6.925s] running build
[6.926s] running build_py
[6.927s] creating /home/raspberry/boat_ws/build/my_boat_teleop/build
[6.928s] creating /home/raspberry/boat_ws/build/my_boat_teleop/build/lib
[6.929s] creating /home/raspberry/boat_ws/build/my_boat_teleop/build/lib/my_boat_teleop
[6.930s] copying my_boat_teleop/__init__.py -> /home/raspberry/boat_ws/build/my_boat_teleop/build/lib/my_boat_teleop
[6.930s] running install
[6.931s] running install_lib
[6.933s] creating /home/raspberry/boat_ws/install/my_boat_teleop/lib/python3.10/site-packages/my_boat_teleop
[6.934s] copying /home/raspberry/boat_ws/build/my_boat_teleop/build/lib/my_boat_teleop/__init__.py -> /home/raspberry/boat_ws/install/my_boat_teleop/lib/python3.10/site-packages/my_boat_teleop
[6.937s] byte-compiling /home/raspberry/boat_ws/install/my_boat_teleop/lib/python3.10/site-packages/my_boat_teleop/__init__.py to __init__.cpython-310.pyc
[6.939s] running install_data
[6.940s] creating /home/raspberry/boat_ws/install/my_boat_teleop/share/ament_index
[6.941s] creating /home/raspberry/boat_ws/install/my_boat_teleop/share/ament_index/resource_index
[6.942s] creating /home/raspberry/boat_ws/install/my_boat_teleop/share/ament_index/resource_index/packages
[6.942s] copying resource/my_boat_teleop -> /home/raspberry/boat_ws/install/my_boat_teleop/share/ament_index/resource_index/packages
[6.944s] copying package.xml -> /home/raspberry/boat_ws/install/my_boat_teleop/share/my_boat_teleop
[6.945s] running install_egg_info
[6.951s] Copying ../../build/my_boat_teleop/my_boat_teleop.egg-info to /home/raspberry/boat_ws/install/my_boat_teleop/lib/python3.10/site-packages/my_boat_teleop-0.0.0-py3.10.egg-info
[6.959s] running install_scripts
[7.072s] writing list of installed files to '/home/raspberry/boat_ws/build/my_boat_teleop/install.log'
[7.222s] Invoked command in '/home/raspberry/boat_ws/src/my_boat_teleop' returned '0': PYTHONPATH=/home/raspberry/boat_ws/build/my_boat_teleop/prefix_override:/usr/lib/python3/dist-packages/colcon_core/task/python/colcon_distutils_commands:/home/raspberry/boat_ws/install/my_boat_teleop/lib/python3.10/site-packages:${PYTHONPATH} /usr/bin/python3 -W ignore:setup.py install is deprecated -W ignore:easy_install command is deprecated setup.py egg_info --egg-base ../../build/my_boat_teleop build --build-base /home/raspberry/boat_ws/build/my_boat_teleop/build install --record /home/raspberry/boat_ws/build/my_boat_teleop/install.log --single-version-externally-managed install_data
