[0.107s] Invoking command in '/home/raspberry/boat_ws/build/my_boat_bringup': CMAKE_PREFIX_PATH=${CMAKE_PREFIX_PATH}:/home/raspberry/boat_ws/install/my_boat_teleop:/home/raspberry/boat_ws/install/my_boat_driver:/opt/ros/humble /usr/bin/cmake --build /home/raspberry/boat_ws/build/my_boat_bringup -- -j4 -l4
[3.083s] Invoked command in '/home/raspberry/boat_ws/build/my_boat_bringup' returned '0': CMAKE_PREFIX_PATH=${CMAKE_PREFIX_PATH}:/home/raspberry/boat_ws/install/my_boat_teleop:/home/raspberry/boat_ws/install/my_boat_driver:/opt/ros/humble /usr/bin/cmake --build /home/raspberry/boat_ws/build/my_boat_bringup -- -j4 -l4
[3.122s] Invoking command in '/home/raspberry/boat_ws/build/my_boat_bringup': CMAKE_PREFIX_PATH=${CMAKE_PREFIX_PATH}:/home/raspberry/boat_ws/install/my_boat_teleop:/home/raspberry/boat_ws/install/my_boat_driver:/opt/ros/humble /usr/bin/cmake --install /home/raspberry/boat_ws/build/my_boat_bringup
[3.157s] -- Install configuration: ""
[3.158s] -- Up-to-date: /home/raspberry/boat_ws/install/my_boat_bringup/share/ament_index/resource_index/package_run_dependencies/my_boat_bringup
[3.158s] -- Up-to-date: /home/raspberry/boat_ws/install/my_boat_bringup/share/ament_index/resource_index/parent_prefix_path/my_boat_bringup
[3.159s] -- Up-to-date: /home/raspberry/boat_ws/install/my_boat_bringup/share/my_boat_bringup/environment/ament_prefix_path.sh
[3.160s] -- Up-to-date: /home/raspberry/boat_ws/install/my_boat_bringup/share/my_boat_bringup/environment/ament_prefix_path.dsv
[3.161s] -- Up-to-date: /home/raspberry/boat_ws/install/my_boat_bringup/share/my_boat_bringup/environment/path.sh
[3.161s] -- Up-to-date: /home/raspberry/boat_ws/install/my_boat_bringup/share/my_boat_bringup/environment/path.dsv
[3.162s] -- Up-to-date: /home/raspberry/boat_ws/install/my_boat_bringup/share/my_boat_bringup/local_setup.bash
[3.163s] -- Up-to-date: /home/raspberry/boat_ws/install/my_boat_bringup/share/my_boat_bringup/local_setup.sh
[3.164s] -- Up-to-date: /home/raspberry/boat_ws/install/my_boat_bringup/share/my_boat_bringup/local_setup.zsh
[3.164s] -- Up-to-date: /home/raspberry/boat_ws/install/my_boat_bringup/share/my_boat_bringup/local_setup.dsv
[3.165s] -- Installing: /home/raspberry/boat_ws/install/my_boat_bringup/share/my_boat_bringup/package.dsv
[3.165s] -- Up-to-date: /home/raspberry/boat_ws/install/my_boat_bringup/share/ament_index/resource_index/packages/my_boat_bringup
[3.166s] -- Up-to-date: /home/raspberry/boat_ws/install/my_boat_bringup/share/my_boat_bringup/cmake/my_boat_bringupConfig.cmake
[3.167s] -- Up-to-date: /home/raspberry/boat_ws/install/my_boat_bringup/share/my_boat_bringup/cmake/my_boat_bringupConfig-version.cmake
[3.167s] -- Up-to-date: /home/raspberry/boat_ws/install/my_boat_bringup/share/my_boat_bringup/package.xml
[3.175s] Invoked command in '/home/raspberry/boat_ws/build/my_boat_bringup' returned '0': CMAKE_PREFIX_PATH=${CMAKE_PREFIX_PATH}:/home/raspberry/boat_ws/install/my_boat_teleop:/home/raspberry/boat_ws/install/my_boat_driver:/opt/ros/humble /usr/bin/cmake --install /home/raspberry/boat_ws/build/my_boat_bringup
