[0.552s] DEBUG:colcon:Command line arguments: ['/usr/bin/colcon', 'build']
[0.553s] DEBUG:colcon:Parsed command line arguments: Namespace(log_base=None, log_level=None, verb_name='build', build_base='build', install_base='install', merge_install=False, symlink_install=False, test_result_base=None, continue_on_error=False, executor='parallel', parallel_workers=4, event_handlers=None, ignore_user_meta=False, metas=['./colcon.meta'], base_paths=['.'], packages_ignore=None, packages_ignore_regex=None, paths=None, packages_up_to=None, packages_up_to_regex=None, packages_above=None, packages_above_and_dependencies=None, packages_above_depth=None, packages_select_by_dep=None, packages_skip_by_dep=None, packages_skip_up_to=None, packages_select_build_failed=False, packages_skip_build_finished=False, packages_select_test_failures=False, packages_skip_test_passed=False, packages_select=None, packages_skip=None, packages_select_regex=None, packages_skip_regex=None, packages_start=None, packages_end=None, allow_overriding=[], cmake_args=None, cmake_target=None, cmake_target_skip_unavailable=False, cmake_clean_cache=False, cmake_clean_first=False, cmake_force_configure=False, ament_cmake_args=None, catkin_cmake_args=None, catkin_skip_building_tests=False, mixin_files=None, mixin=None, verb_parser=<colcon_mixin.mixin.mixin_argument.MixinArgumentDecorator object at 0xffff89698a30>, verb_extension=<colcon_core.verb.build.BuildVerb object at 0xffff897c19c0>, main=<bound method BuildVerb.main of <colcon_core.verb.build.BuildVerb object at 0xffff897c19c0>>, mixin_verb=('build',))
[1.185s] Level 1:colcon.colcon_core.package_discovery:discover_packages(colcon_meta) check parameters
[1.185s] Level 1:colcon.colcon_core.package_discovery:discover_packages(recursive) check parameters
[1.186s] Level 1:colcon.colcon_core.package_discovery:discover_packages(ignore) check parameters
[1.186s] Level 1:colcon.colcon_core.package_discovery:discover_packages(path) check parameters
[1.186s] Level 1:colcon.colcon_core.package_discovery:discover_packages(colcon_meta) discover
[1.186s] Level 1:colcon.colcon_core.package_discovery:discover_packages(recursive) discover
[1.186s] INFO:colcon.colcon_core.package_discovery:Crawling recursively for packages in '/home/raspberry/boat_ws'
[1.187s] Level 1:colcon.colcon_core.package_identification:_identify(.) by extensions ['ignore', 'ignore_ament_install']
[1.187s] Level 1:colcon.colcon_core.package_identification:_identify(.) by extension 'ignore'
[1.187s] Level 1:colcon.colcon_core.package_identification:_identify(.) by extension 'ignore_ament_install'
[1.188s] Level 1:colcon.colcon_core.package_identification:_identify(.) by extensions ['colcon_pkg']
[1.188s] Level 1:colcon.colcon_core.package_identification:_identify(.) by extension 'colcon_pkg'
[1.188s] Level 1:colcon.colcon_core.package_identification:_identify(.) by extensions ['colcon_meta']
[1.188s] Level 1:colcon.colcon_core.package_identification:_identify(.) by extension 'colcon_meta'
[1.188s] Level 1:colcon.colcon_core.package_identification:_identify(.) by extensions ['ros']
[1.188s] Level 1:colcon.colcon_core.package_identification:_identify(.) by extension 'ros'
[1.236s] Level 1:colcon.colcon_core.package_identification:_identify(.) by extensions ['cmake', 'python']
[1.236s] Level 1:colcon.colcon_core.package_identification:_identify(.) by extension 'cmake'
[1.237s] Level 1:colcon.colcon_core.package_identification:_identify(.) by extension 'python'
[1.237s] Level 1:colcon.colcon_core.package_identification:_identify(.) by extensions ['python_setup_py']
[1.237s] Level 1:colcon.colcon_core.package_identification:_identify(.) by extension 'python_setup_py'
[1.238s] Level 1:colcon.colcon_core.package_identification:_identify(build) by extensions ['ignore', 'ignore_ament_install']
[1.238s] Level 1:colcon.colcon_core.package_identification:_identify(build) by extension 'ignore'
[1.238s] Level 1:colcon.colcon_core.package_identification:_identify(build) ignored
[1.239s] Level 1:colcon.colcon_core.package_identification:_identify(install) by extensions ['ignore', 'ignore_ament_install']
[1.239s] Level 1:colcon.colcon_core.package_identification:_identify(install) by extension 'ignore'
[1.240s] Level 1:colcon.colcon_core.package_identification:_identify(install) ignored
[1.240s] Level 1:colcon.colcon_core.package_identification:_identify(log) by extensions ['ignore', 'ignore_ament_install']
[1.241s] Level 1:colcon.colcon_core.package_identification:_identify(log) by extension 'ignore'
[1.241s] Level 1:colcon.colcon_core.package_identification:_identify(log) ignored
[1.241s] Level 1:colcon.colcon_core.package_identification:_identify(src) by extensions ['ignore', 'ignore_ament_install']
[1.242s] Level 1:colcon.colcon_core.package_identification:_identify(src) by extension 'ignore'
[1.242s] Level 1:colcon.colcon_core.package_identification:_identify(src) by extension 'ignore_ament_install'
[1.242s] Level 1:colcon.colcon_core.package_identification:_identify(src) by extensions ['colcon_pkg']
[1.242s] Level 1:colcon.colcon_core.package_identification:_identify(src) by extension 'colcon_pkg'
[1.243s] Level 1:colcon.colcon_core.package_identification:_identify(src) by extensions ['colcon_meta']
[1.243s] Level 1:colcon.colcon_core.package_identification:_identify(src) by extension 'colcon_meta'
[1.243s] Level 1:colcon.colcon_core.package_identification:_identify(src) by extensions ['ros']
[1.243s] Level 1:colcon.colcon_core.package_identification:_identify(src) by extension 'ros'
[1.243s] Level 1:colcon.colcon_core.package_identification:_identify(src) by extensions ['cmake', 'python']
[1.244s] Level 1:colcon.colcon_core.package_identification:_identify(src) by extension 'cmake'
[1.244s] Level 1:colcon.colcon_core.package_identification:_identify(src) by extension 'python'
[1.244s] Level 1:colcon.colcon_core.package_identification:_identify(src) by extensions ['python_setup_py']
[1.244s] Level 1:colcon.colcon_core.package_identification:_identify(src) by extension 'python_setup_py'
[1.245s] Level 1:colcon.colcon_core.package_identification:_identify(src/my_boat_bringup) by extensions ['ignore', 'ignore_ament_install']
[1.245s] Level 1:colcon.colcon_core.package_identification:_identify(src/my_boat_bringup) by extension 'ignore'
[1.245s] Level 1:colcon.colcon_core.package_identification:_identify(src/my_boat_bringup) by extension 'ignore_ament_install'
[1.245s] Level 1:colcon.colcon_core.package_identification:_identify(src/my_boat_bringup) by extensions ['colcon_pkg']
[1.246s] Level 1:colcon.colcon_core.package_identification:_identify(src/my_boat_bringup) by extension 'colcon_pkg'
[1.246s] Level 1:colcon.colcon_core.package_identification:_identify(src/my_boat_bringup) by extensions ['colcon_meta']
[1.246s] Level 1:colcon.colcon_core.package_identification:_identify(src/my_boat_bringup) by extension 'colcon_meta'
[1.246s] Level 1:colcon.colcon_core.package_identification:_identify(src/my_boat_bringup) by extensions ['ros']
[1.246s] Level 1:colcon.colcon_core.package_identification:_identify(src/my_boat_bringup) by extension 'ros'
[1.254s] DEBUG:colcon.colcon_core.package_identification:Package 'src/my_boat_bringup' with type 'ros.ament_cmake' and name 'my_boat_bringup'
[1.259s] Level 1:colcon.colcon_core.package_identification:_identify(src/my_boat_driver) by extensions ['ignore', 'ignore_ament_install']
[1.259s] Level 1:colcon.colcon_core.package_identification:_identify(src/my_boat_driver) by extension 'ignore'
[1.259s] Level 1:colcon.colcon_core.package_identification:_identify(src/my_boat_driver) by extension 'ignore_ament_install'
[1.260s] Level 1:colcon.colcon_core.package_identification:_identify(src/my_boat_driver) by extensions ['colcon_pkg']
[1.260s] Level 1:colcon.colcon_core.package_identification:_identify(src/my_boat_driver) by extension 'colcon_pkg'
[1.260s] Level 1:colcon.colcon_core.package_identification:_identify(src/my_boat_driver) by extensions ['colcon_meta']
[1.260s] Level 1:colcon.colcon_core.package_identification:_identify(src/my_boat_driver) by extension 'colcon_meta'
[1.260s] Level 1:colcon.colcon_core.package_identification:_identify(src/my_boat_driver) by extensions ['ros']
[1.261s] Level 1:colcon.colcon_core.package_identification:_identify(src/my_boat_driver) by extension 'ros'
[1.263s] DEBUG:colcon.colcon_core.package_identification:Package 'src/my_boat_driver' with type 'ros.ament_python' and name 'my_boat_driver'
[1.264s] Level 1:colcon.colcon_core.package_identification:_identify(src/my_boat_teleop) by extensions ['ignore', 'ignore_ament_install']
[1.264s] Level 1:colcon.colcon_core.package_identification:_identify(src/my_boat_teleop) by extension 'ignore'
[1.265s] Level 1:colcon.colcon_core.package_identification:_identify(src/my_boat_teleop) by extension 'ignore_ament_install'
[1.265s] Level 1:colcon.colcon_core.package_identification:_identify(src/my_boat_teleop) by extensions ['colcon_pkg']
[1.265s] Level 1:colcon.colcon_core.package_identification:_identify(src/my_boat_teleop) by extension 'colcon_pkg'
[1.265s] Level 1:colcon.colcon_core.package_identification:_identify(src/my_boat_teleop) by extensions ['colcon_meta']
[1.265s] Level 1:colcon.colcon_core.package_identification:_identify(src/my_boat_teleop) by extension 'colcon_meta'
[1.266s] Level 1:colcon.colcon_core.package_identification:_identify(src/my_boat_teleop) by extensions ['ros']
[1.266s] Level 1:colcon.colcon_core.package_identification:_identify(src/my_boat_teleop) by extension 'ros'
[1.274s] DEBUG:colcon.colcon_core.package_identification:Package 'src/my_boat_teleop' with type 'ros.ament_python' and name 'my_boat_teleop'
[1.275s] Level 1:colcon.colcon_core.package_discovery:discover_packages(recursive) using defaults
[1.275s] Level 1:colcon.colcon_core.package_discovery:discover_packages(ignore) discover
[1.275s] Level 1:colcon.colcon_core.package_discovery:discover_packages(ignore) using defaults
[1.275s] Level 1:colcon.colcon_core.package_discovery:discover_packages(path) discover
[1.276s] Level 1:colcon.colcon_core.package_discovery:discover_packages(path) using defaults
[1.358s] Level 1:colcon.colcon_core.package_discovery:discover_packages(prefix_path) check parameters
[1.359s] Level 1:colcon.colcon_core.package_discovery:discover_packages(prefix_path) discover
[1.363s] Level 1:colcon.colcon_core.package_discovery:discover_packages(prefix_path) using defaults
[1.368s] Level 5:colcon.colcon_core.verb:set package 'my_boat_bringup' build argument 'cmake_args' from command line to 'None'
[1.368s] Level 5:colcon.colcon_core.verb:set package 'my_boat_bringup' build argument 'cmake_target' from command line to 'None'
[1.368s] Level 5:colcon.colcon_core.verb:set package 'my_boat_bringup' build argument 'cmake_target_skip_unavailable' from command line to 'False'
[1.368s] Level 5:colcon.colcon_core.verb:set package 'my_boat_bringup' build argument 'cmake_clean_cache' from command line to 'False'
[1.368s] Level 5:colcon.colcon_core.verb:set package 'my_boat_bringup' build argument 'cmake_clean_first' from command line to 'False'
[1.368s] Level 5:colcon.colcon_core.verb:set package 'my_boat_bringup' build argument 'cmake_force_configure' from command line to 'False'
[1.368s] Level 5:colcon.colcon_core.verb:set package 'my_boat_bringup' build argument 'ament_cmake_args' from command line to 'None'
[1.368s] Level 5:colcon.colcon_core.verb:set package 'my_boat_bringup' build argument 'catkin_cmake_args' from command line to 'None'
[1.369s] Level 5:colcon.colcon_core.verb:set package 'my_boat_bringup' build argument 'catkin_skip_building_tests' from command line to 'False'
[1.369s] DEBUG:colcon.colcon_core.verb:Building package 'my_boat_bringup' with the following arguments: {'ament_cmake_args': None, 'build_base': '/home/raspberry/boat_ws/build/my_boat_bringup', 'catkin_cmake_args': None, 'catkin_skip_building_tests': False, 'cmake_args': None, 'cmake_clean_cache': False, 'cmake_clean_first': False, 'cmake_force_configure': False, 'cmake_target': None, 'cmake_target_skip_unavailable': False, 'install_base': '/home/raspberry/boat_ws/install/my_boat_bringup', 'merge_install': False, 'path': '/home/raspberry/boat_ws/src/my_boat_bringup', 'symlink_install': False, 'test_result_base': None}
[1.370s] Level 5:colcon.colcon_core.verb:set package 'my_boat_driver' build argument 'cmake_args' from command line to 'None'
[1.370s] Level 5:colcon.colcon_core.verb:set package 'my_boat_driver' build argument 'cmake_target' from command line to 'None'
[1.371s] Level 5:colcon.colcon_core.verb:set package 'my_boat_driver' build argument 'cmake_target_skip_unavailable' from command line to 'False'
[1.371s] Level 5:colcon.colcon_core.verb:set package 'my_boat_driver' build argument 'cmake_clean_cache' from command line to 'False'
[1.371s] Level 5:colcon.colcon_core.verb:set package 'my_boat_driver' build argument 'cmake_clean_first' from command line to 'False'
[1.371s] Level 5:colcon.colcon_core.verb:set package 'my_boat_driver' build argument 'cmake_force_configure' from command line to 'False'
[1.371s] Level 5:colcon.colcon_core.verb:set package 'my_boat_driver' build argument 'ament_cmake_args' from command line to 'None'
[1.371s] Level 5:colcon.colcon_core.verb:set package 'my_boat_driver' build argument 'catkin_cmake_args' from command line to 'None'
[1.371s] Level 5:colcon.colcon_core.verb:set package 'my_boat_driver' build argument 'catkin_skip_building_tests' from command line to 'False'
[1.371s] DEBUG:colcon.colcon_core.verb:Building package 'my_boat_driver' with the following arguments: {'ament_cmake_args': None, 'build_base': '/home/raspberry/boat_ws/build/my_boat_driver', 'catkin_cmake_args': None, 'catkin_skip_building_tests': False, 'cmake_args': None, 'cmake_clean_cache': False, 'cmake_clean_first': False, 'cmake_force_configure': False, 'cmake_target': None, 'cmake_target_skip_unavailable': False, 'install_base': '/home/raspberry/boat_ws/install/my_boat_driver', 'merge_install': False, 'path': '/home/raspberry/boat_ws/src/my_boat_driver', 'symlink_install': False, 'test_result_base': None}
[1.373s] Level 5:colcon.colcon_core.verb:set package 'my_boat_teleop' build argument 'cmake_args' from command line to 'None'
[1.373s] Level 5:colcon.colcon_core.verb:set package 'my_boat_teleop' build argument 'cmake_target' from command line to 'None'
[1.373s] Level 5:colcon.colcon_core.verb:set package 'my_boat_teleop' build argument 'cmake_target_skip_unavailable' from command line to 'False'
[1.373s] Level 5:colcon.colcon_core.verb:set package 'my_boat_teleop' build argument 'cmake_clean_cache' from command line to 'False'
[1.373s] Level 5:colcon.colcon_core.verb:set package 'my_boat_teleop' build argument 'cmake_clean_first' from command line to 'False'
[1.373s] Level 5:colcon.colcon_core.verb:set package 'my_boat_teleop' build argument 'cmake_force_configure' from command line to 'False'
[1.373s] Level 5:colcon.colcon_core.verb:set package 'my_boat_teleop' build argument 'ament_cmake_args' from command line to 'None'
[1.374s] Level 5:colcon.colcon_core.verb:set package 'my_boat_teleop' build argument 'catkin_cmake_args' from command line to 'None'
[1.374s] Level 5:colcon.colcon_core.verb:set package 'my_boat_teleop' build argument 'catkin_skip_building_tests' from command line to 'False'
[1.374s] DEBUG:colcon.colcon_core.verb:Building package 'my_boat_teleop' with the following arguments: {'ament_cmake_args': None, 'build_base': '/home/raspberry/boat_ws/build/my_boat_teleop', 'catkin_cmake_args': None, 'catkin_skip_building_tests': False, 'cmake_args': None, 'cmake_clean_cache': False, 'cmake_clean_first': False, 'cmake_force_configure': False, 'cmake_target': None, 'cmake_target_skip_unavailable': False, 'install_base': '/home/raspberry/boat_ws/install/my_boat_teleop', 'merge_install': False, 'path': '/home/raspberry/boat_ws/src/my_boat_teleop', 'symlink_install': False, 'test_result_base': None}
[1.374s] INFO:colcon.colcon_core.executor:Executing jobs using 'parallel' executor
[1.378s] DEBUG:colcon.colcon_parallel_executor.executor.parallel:run_until_complete
[1.379s] INFO:colcon.colcon_ros.task.ament_cmake.build:Building ROS package in '/home/raspberry/boat_ws/src/my_boat_bringup' with build type 'ament_cmake'
[1.379s] INFO:colcon.colcon_cmake.task.cmake.build:Building CMake package in '/home/raspberry/boat_ws/src/my_boat_bringup'
[1.389s] INFO:colcon.colcon_core.plugin_system:Skipping extension 'colcon_core.shell.bat': Not used on non-Windows systems
[1.390s] INFO:colcon.colcon_core.shell:Skip shell extension 'powershell' for command environment: Not usable outside of PowerShell
[1.390s] DEBUG:colcon.colcon_core.shell:Skip shell extension 'dsv' for command environment
[1.397s] INFO:colcon.colcon_ros.task.ament_python.build:Building ROS package in '/home/raspberry/boat_ws/src/my_boat_driver' with build type 'ament_python'
[1.397s] Level 1:colcon.colcon_core.shell:create_environment_hook('my_boat_driver', 'ament_prefix_path')
[1.399s] INFO:colcon.colcon_core.shell:Creating environment hook '/home/raspberry/boat_ws/install/my_boat_driver/share/my_boat_driver/hook/ament_prefix_path.ps1'
[1.402s] INFO:colcon.colcon_core.shell:Creating environment descriptor '/home/raspberry/boat_ws/install/my_boat_driver/share/my_boat_driver/hook/ament_prefix_path.dsv'
[1.406s] INFO:colcon.colcon_core.shell:Creating environment hook '/home/raspberry/boat_ws/install/my_boat_driver/share/my_boat_driver/hook/ament_prefix_path.sh'
[1.409s] INFO:colcon.colcon_core.shell:Skip shell extension 'powershell' for command environment: Not usable outside of PowerShell
[1.410s] DEBUG:colcon.colcon_core.shell:Skip shell extension 'dsv' for command environment
[1.415s] INFO:colcon.colcon_ros.task.ament_python.build:Building ROS package in '/home/raspberry/boat_ws/src/my_boat_teleop' with build type 'ament_python'
[1.416s] Level 1:colcon.colcon_core.shell:create_environment_hook('my_boat_teleop', 'ament_prefix_path')
[1.417s] INFO:colcon.colcon_core.shell:Creating environment hook '/home/raspberry/boat_ws/install/my_boat_teleop/share/my_boat_teleop/hook/ament_prefix_path.ps1'
[1.420s] INFO:colcon.colcon_core.shell:Creating environment descriptor '/home/raspberry/boat_ws/install/my_boat_teleop/share/my_boat_teleop/hook/ament_prefix_path.dsv'
[1.422s] INFO:colcon.colcon_core.shell:Creating environment hook '/home/raspberry/boat_ws/install/my_boat_teleop/share/my_boat_teleop/hook/ament_prefix_path.sh'
[1.425s] INFO:colcon.colcon_core.shell:Skip shell extension 'powershell' for command environment: Not usable outside of PowerShell
[1.426s] DEBUG:colcon.colcon_core.shell:Skip shell extension 'dsv' for command environment
[1.456s] DEBUG:colcon.colcon_core.event_handler.log_command:Invoking command in '/home/raspberry/boat_ws/build/my_boat_bringup': /usr/bin/cmake --build /home/raspberry/boat_ws/build/my_boat_bringup -- -j4 -l4
[2.448s] INFO:colcon.colcon_core.task.python.build:Building Python package in '/home/raspberry/boat_ws/src/my_boat_driver'
[2.449s] INFO:colcon.colcon_core.shell:Skip shell extension 'powershell' for command environment: Not usable outside of PowerShell
[2.450s] DEBUG:colcon.colcon_core.shell:Skip shell extension 'dsv' for command environment
[3.404s] INFO:colcon.colcon_core.task.python.build:Building Python package in '/home/raspberry/boat_ws/src/my_boat_teleop'
[3.405s] INFO:colcon.colcon_core.shell:Skip shell extension 'powershell' for command environment: Not usable outside of PowerShell
[3.405s] DEBUG:colcon.colcon_core.shell:Skip shell extension 'dsv' for command environment
[3.415s] DEBUG:colcon.colcon_core.event_handler.log_command:Invoked command in '/home/raspberry/boat_ws/build/my_boat_bringup' returned '0': /usr/bin/cmake --build /home/raspberry/boat_ws/build/my_boat_bringup -- -j4 -l4
[3.455s] DEBUG:colcon.colcon_core.event_handler.log_command:Invoking command in '/home/raspberry/boat_ws/build/my_boat_bringup': /usr/bin/cmake --install /home/raspberry/boat_ws/build/my_boat_bringup
[3.514s] Level 1:colcon.colcon_core.environment:create_environment_scripts_only(my_boat_bringup)
[3.517s] DEBUG:colcon.colcon_core.event_handler.log_command:Invoked command in '/home/raspberry/boat_ws/build/my_boat_bringup' returned '0': /usr/bin/cmake --install /home/raspberry/boat_ws/build/my_boat_bringup
[3.530s] Level 1:colcon.colcon_core.environment:checking '/home/raspberry/boat_ws/install/my_boat_bringup' for CMake module files
[3.533s] Level 1:colcon.colcon_core.environment:checking '/home/raspberry/boat_ws/install/my_boat_bringup' for CMake config files
[3.536s] Level 1:colcon.colcon_core.shell:create_environment_hook('my_boat_bringup', 'cmake_prefix_path')
[3.537s] INFO:colcon.colcon_core.shell:Creating environment hook '/home/raspberry/boat_ws/install/my_boat_bringup/share/my_boat_bringup/hook/cmake_prefix_path.ps1'
[3.540s] INFO:colcon.colcon_core.shell:Creating environment descriptor '/home/raspberry/boat_ws/install/my_boat_bringup/share/my_boat_bringup/hook/cmake_prefix_path.dsv'
[3.543s] INFO:colcon.colcon_core.shell:Creating environment hook '/home/raspberry/boat_ws/install/my_boat_bringup/share/my_boat_bringup/hook/cmake_prefix_path.sh'
[3.548s] Level 1:colcon.colcon_core.environment:checking '/home/raspberry/boat_ws/install/my_boat_bringup/bin'
[3.549s] Level 1:colcon.colcon_core.environment:checking '/home/raspberry/boat_ws/install/my_boat_bringup/lib/pkgconfig/my_boat_bringup.pc'
[3.550s] Level 1:colcon.colcon_core.environment:checking '/home/raspberry/boat_ws/install/my_boat_bringup/lib/python3.10/site-packages'
[3.553s] Level 1:colcon.colcon_core.environment:checking '/home/raspberry/boat_ws/install/my_boat_bringup/bin'
[3.555s] INFO:colcon.colcon_core.shell:Creating package script '/home/raspberry/boat_ws/install/my_boat_bringup/share/my_boat_bringup/package.ps1'
[3.560s] INFO:colcon.colcon_core.shell:Creating package descriptor '/home/raspberry/boat_ws/install/my_boat_bringup/share/my_boat_bringup/package.dsv'
[3.563s] INFO:colcon.colcon_core.shell:Creating package script '/home/raspberry/boat_ws/install/my_boat_bringup/share/my_boat_bringup/package.sh'
[3.569s] INFO:colcon.colcon_core.shell:Creating package script '/home/raspberry/boat_ws/install/my_boat_bringup/share/my_boat_bringup/package.bash'
[3.574s] INFO:colcon.colcon_core.shell:Creating package script '/home/raspberry/boat_ws/install/my_boat_bringup/share/my_boat_bringup/package.zsh'
[3.577s] Level 1:colcon.colcon_core.environment:create_file_with_runtime_dependencies(/home/raspberry/boat_ws/install/my_boat_bringup/share/colcon-core/packages/my_boat_bringup)
[3.581s] Level 1:colcon.colcon_core.environment:create_environment_scripts_only(my_boat_bringup)
[3.583s] Level 1:colcon.colcon_core.environment:checking '/home/raspberry/boat_ws/install/my_boat_bringup' for CMake module files
[3.587s] Level 1:colcon.colcon_core.environment:checking '/home/raspberry/boat_ws/install/my_boat_bringup' for CMake config files
[3.589s] Level 1:colcon.colcon_core.shell:create_environment_hook('my_boat_bringup', 'cmake_prefix_path')
[3.590s] INFO:colcon.colcon_core.shell:Creating environment hook '/home/raspberry/boat_ws/install/my_boat_bringup/share/my_boat_bringup/hook/cmake_prefix_path.ps1'
[3.593s] INFO:colcon.colcon_core.shell:Creating environment descriptor '/home/raspberry/boat_ws/install/my_boat_bringup/share/my_boat_bringup/hook/cmake_prefix_path.dsv'
[3.596s] INFO:colcon.colcon_core.shell:Creating environment hook '/home/raspberry/boat_ws/install/my_boat_bringup/share/my_boat_bringup/hook/cmake_prefix_path.sh'
[3.601s] Level 1:colcon.colcon_core.environment:checking '/home/raspberry/boat_ws/install/my_boat_bringup/bin'
[3.602s] Level 1:colcon.colcon_core.environment:checking '/home/raspberry/boat_ws/install/my_boat_bringup/lib/pkgconfig/my_boat_bringup.pc'
[3.603s] Level 1:colcon.colcon_core.environment:checking '/home/raspberry/boat_ws/install/my_boat_bringup/lib/python3.10/site-packages'
[3.612s] Level 1:colcon.colcon_core.environment:checking '/home/raspberry/boat_ws/install/my_boat_bringup/bin'
[3.614s] INFO:colcon.colcon_core.shell:Creating package script '/home/raspberry/boat_ws/install/my_boat_bringup/share/my_boat_bringup/package.ps1'
[3.617s] INFO:colcon.colcon_core.shell:Creating package descriptor '/home/raspberry/boat_ws/install/my_boat_bringup/share/my_boat_bringup/package.dsv'
[3.621s] INFO:colcon.colcon_core.shell:Creating package script '/home/raspberry/boat_ws/install/my_boat_bringup/share/my_boat_bringup/package.sh'
[3.624s] INFO:colcon.colcon_core.shell:Creating package script '/home/raspberry/boat_ws/install/my_boat_bringup/share/my_boat_bringup/package.bash'
[3.627s] INFO:colcon.colcon_core.shell:Creating package script '/home/raspberry/boat_ws/install/my_boat_bringup/share/my_boat_bringup/package.zsh'
[3.630s] Level 1:colcon.colcon_core.environment:create_file_with_runtime_dependencies(/home/raspberry/boat_ws/install/my_boat_bringup/share/colcon-core/packages/my_boat_bringup)
[5.208s] DEBUG:colcon.colcon_core.event_handler.log_command:Invoking command in '/home/raspberry/boat_ws/src/my_boat_driver': PYTHONPATH=/home/raspberry/boat_ws/build/my_boat_driver/prefix_override:/usr/lib/python3/dist-packages/colcon_core/task/python/colcon_distutils_commands:/home/raspberry/boat_ws/install/my_boat_driver/lib/python3.10/site-packages: /usr/bin/python3 -W ignore:setup.py install is deprecated -W ignore:easy_install command is deprecated setup.py egg_info --egg-base ../../build/my_boat_driver build --build-base /home/raspberry/boat_ws/build/my_boat_driver/build install --record /home/raspberry/boat_ws/build/my_boat_driver/install.log --single-version-externally-managed install_data
[5.221s] DEBUG:colcon.colcon_core.event_handler.log_command:Invoking command in '/home/raspberry/boat_ws/src/my_boat_teleop': PYTHONPATH=/home/raspberry/boat_ws/build/my_boat_teleop/prefix_override:/usr/lib/python3/dist-packages/colcon_core/task/python/colcon_distutils_commands:/home/raspberry/boat_ws/install/my_boat_teleop/lib/python3.10/site-packages: /usr/bin/python3 -W ignore:setup.py install is deprecated -W ignore:easy_install command is deprecated setup.py egg_info --egg-base ../../build/my_boat_teleop build --build-base /home/raspberry/boat_ws/build/my_boat_teleop/build install --record /home/raspberry/boat_ws/build/my_boat_teleop/install.log --single-version-externally-managed install_data
[6.547s] Level 1:colcon.colcon_core.environment:checking '/home/raspberry/boat_ws/install/my_boat_driver' for CMake module files
[6.553s] DEBUG:colcon.colcon_core.event_handler.log_command:Invoked command in '/home/raspberry/boat_ws/src/my_boat_driver' returned '0': PYTHONPATH=/home/raspberry/boat_ws/build/my_boat_driver/prefix_override:/usr/lib/python3/dist-packages/colcon_core/task/python/colcon_distutils_commands:/home/raspberry/boat_ws/install/my_boat_driver/lib/python3.10/site-packages: /usr/bin/python3 -W ignore:setup.py install is deprecated -W ignore:easy_install command is deprecated setup.py egg_info --egg-base ../../build/my_boat_driver build --build-base /home/raspberry/boat_ws/build/my_boat_driver/build install --record /home/raspberry/boat_ws/build/my_boat_driver/install.log --single-version-externally-managed install_data
[6.555s] Level 1:colcon.colcon_core.environment:checking '/home/raspberry/boat_ws/install/my_boat_driver' for CMake config files
[6.563s] Level 1:colcon.colcon_core.environment:checking '/home/raspberry/boat_ws/install/my_boat_driver/lib'
[6.565s] Level 1:colcon.colcon_core.environment:checking '/home/raspberry/boat_ws/install/my_boat_driver/bin'
[6.566s] Level 1:colcon.colcon_core.environment:checking '/home/raspberry/boat_ws/install/my_boat_driver/lib/pkgconfig/my_boat_driver.pc'
[6.568s] Level 1:colcon.colcon_core.environment:checking '/home/raspberry/boat_ws/install/my_boat_driver/lib/python3.10/site-packages'
[6.568s] Level 1:colcon.colcon_core.shell:create_environment_hook('my_boat_driver', 'pythonpath')
[6.569s] INFO:colcon.colcon_core.shell:Creating environment hook '/home/raspberry/boat_ws/install/my_boat_driver/share/my_boat_driver/hook/pythonpath.ps1'
[6.572s] INFO:colcon.colcon_core.shell:Creating environment descriptor '/home/raspberry/boat_ws/install/my_boat_driver/share/my_boat_driver/hook/pythonpath.dsv'
[6.574s] INFO:colcon.colcon_core.shell:Creating environment hook '/home/raspberry/boat_ws/install/my_boat_driver/share/my_boat_driver/hook/pythonpath.sh'
[6.579s] Level 1:colcon.colcon_core.environment:checking '/home/raspberry/boat_ws/install/my_boat_driver/bin'
[6.579s] Level 1:colcon.colcon_core.environment:create_environment_scripts_only(my_boat_driver)
[6.581s] INFO:colcon.colcon_core.shell:Creating package script '/home/raspberry/boat_ws/install/my_boat_driver/share/my_boat_driver/package.ps1'
[6.585s] INFO:colcon.colcon_core.shell:Creating package descriptor '/home/raspberry/boat_ws/install/my_boat_driver/share/my_boat_driver/package.dsv'
[6.588s] INFO:colcon.colcon_core.shell:Creating package script '/home/raspberry/boat_ws/install/my_boat_driver/share/my_boat_driver/package.sh'
[6.592s] INFO:colcon.colcon_core.shell:Creating package script '/home/raspberry/boat_ws/install/my_boat_driver/share/my_boat_driver/package.bash'
[6.596s] INFO:colcon.colcon_core.shell:Creating package script '/home/raspberry/boat_ws/install/my_boat_driver/share/my_boat_driver/package.zsh'
[6.600s] Level 1:colcon.colcon_core.environment:create_file_with_runtime_dependencies(/home/raspberry/boat_ws/install/my_boat_driver/share/colcon-core/packages/my_boat_driver)
[6.609s] Level 1:colcon.colcon_core.environment:checking '/home/raspberry/boat_ws/install/my_boat_teleop' for CMake module files
[6.611s] DEBUG:colcon.colcon_core.event_handler.log_command:Invoked command in '/home/raspberry/boat_ws/src/my_boat_teleop' returned '0': PYTHONPATH=/home/raspberry/boat_ws/build/my_boat_teleop/prefix_override:/usr/lib/python3/dist-packages/colcon_core/task/python/colcon_distutils_commands:/home/raspberry/boat_ws/install/my_boat_teleop/lib/python3.10/site-packages: /usr/bin/python3 -W ignore:setup.py install is deprecated -W ignore:easy_install command is deprecated setup.py egg_info --egg-base ../../build/my_boat_teleop build --build-base /home/raspberry/boat_ws/build/my_boat_teleop/build install --record /home/raspberry/boat_ws/build/my_boat_teleop/install.log --single-version-externally-managed install_data
[6.614s] Level 1:colcon.colcon_core.environment:checking '/home/raspberry/boat_ws/install/my_boat_teleop' for CMake config files
[6.618s] Level 1:colcon.colcon_core.environment:checking '/home/raspberry/boat_ws/install/my_boat_teleop/lib'
[6.619s] Level 1:colcon.colcon_core.environment:checking '/home/raspberry/boat_ws/install/my_boat_teleop/bin'
[6.620s] Level 1:colcon.colcon_core.environment:checking '/home/raspberry/boat_ws/install/my_boat_teleop/lib/pkgconfig/my_boat_teleop.pc'
[6.621s] Level 1:colcon.colcon_core.environment:checking '/home/raspberry/boat_ws/install/my_boat_teleop/lib/python3.10/site-packages'
[6.621s] Level 1:colcon.colcon_core.shell:create_environment_hook('my_boat_teleop', 'pythonpath')
[6.623s] INFO:colcon.colcon_core.shell:Creating environment hook '/home/raspberry/boat_ws/install/my_boat_teleop/share/my_boat_teleop/hook/pythonpath.ps1'
[6.626s] INFO:colcon.colcon_core.shell:Creating environment descriptor '/home/raspberry/boat_ws/install/my_boat_teleop/share/my_boat_teleop/hook/pythonpath.dsv'
[6.628s] INFO:colcon.colcon_core.shell:Creating environment hook '/home/raspberry/boat_ws/install/my_boat_teleop/share/my_boat_teleop/hook/pythonpath.sh'
[6.634s] Level 1:colcon.colcon_core.environment:checking '/home/raspberry/boat_ws/install/my_boat_teleop/bin'
[6.634s] Level 1:colcon.colcon_core.environment:create_environment_scripts_only(my_boat_teleop)
[6.636s] INFO:colcon.colcon_core.shell:Creating package script '/home/raspberry/boat_ws/install/my_boat_teleop/share/my_boat_teleop/package.ps1'
[6.641s] INFO:colcon.colcon_core.shell:Creating package descriptor '/home/raspberry/boat_ws/install/my_boat_teleop/share/my_boat_teleop/package.dsv'
[6.646s] INFO:colcon.colcon_core.shell:Creating package script '/home/raspberry/boat_ws/install/my_boat_teleop/share/my_boat_teleop/package.sh'
[6.651s] INFO:colcon.colcon_core.shell:Creating package script '/home/raspberry/boat_ws/install/my_boat_teleop/share/my_boat_teleop/package.bash'
[6.655s] INFO:colcon.colcon_core.shell:Creating package script '/home/raspberry/boat_ws/install/my_boat_teleop/share/my_boat_teleop/package.zsh'
[6.658s] Level 1:colcon.colcon_core.environment:create_file_with_runtime_dependencies(/home/raspberry/boat_ws/install/my_boat_teleop/share/colcon-core/packages/my_boat_teleop)
[6.660s] DEBUG:colcon.colcon_parallel_executor.executor.parallel:closing loop
[6.664s] DEBUG:colcon.colcon_parallel_executor.executor.parallel:loop closed
[6.664s] DEBUG:colcon.colcon_parallel_executor.executor.parallel:run_until_complete finished with '0'
[6.665s] DEBUG:colcon.colcon_core.event_reactor:joining thread
[6.739s] INFO:colcon.colcon_core.plugin_system:Skipping extension 'colcon_notification.desktop_notification.notify_send': Could not find 'notify-send'
[6.739s] INFO:colcon.colcon_core.plugin_system:Skipping extension 'colcon_notification.desktop_notification.terminal_notifier': Not used on non-Darwin systems
[6.739s] INFO:colcon.colcon_core.plugin_system:Skipping extension 'colcon_notification.desktop_notification.win32': Not used on non-Windows systems
[6.740s] INFO:colcon.colcon_notification.desktop_notification:Sending desktop notification using 'notify2'
[6.742s] DEBUG:colcon.colcon_notification.desktop_notification.notify2:Failed to initialize notify2: org.freedesktop.DBus.Error.ServiceUnknown: The name org.freedesktop.Notifications was not provided by any .service files
[6.743s] DEBUG:colcon.colcon_core.event_reactor:joined thread
[6.744s] INFO:colcon.colcon_core.shell:Creating prefix script '/home/raspberry/boat_ws/install/local_setup.ps1'
[6.748s] INFO:colcon.colcon_core.shell:Creating prefix util module '/home/raspberry/boat_ws/install/_local_setup_util_ps1.py'
[6.754s] INFO:colcon.colcon_core.shell:Creating prefix chain script '/home/raspberry/boat_ws/install/setup.ps1'
[6.758s] INFO:colcon.colcon_core.shell:Creating prefix script '/home/raspberry/boat_ws/install/local_setup.sh'
[6.761s] INFO:colcon.colcon_core.shell:Creating prefix util module '/home/raspberry/boat_ws/install/_local_setup_util_sh.py'
[6.764s] INFO:colcon.colcon_core.shell:Creating prefix chain script '/home/raspberry/boat_ws/install/setup.sh'
[6.769s] INFO:colcon.colcon_core.shell:Creating prefix script '/home/raspberry/boat_ws/install/local_setup.bash'
[6.771s] INFO:colcon.colcon_core.shell:Creating prefix chain script '/home/raspberry/boat_ws/install/setup.bash'
[6.775s] INFO:colcon.colcon_core.shell:Creating prefix script '/home/raspberry/boat_ws/install/local_setup.zsh'
[6.778s] INFO:colcon.colcon_core.shell:Creating prefix chain script '/home/raspberry/boat_ws/install/setup.zsh'
