[4.749s] Invoking command in '/home/raspberry/boat_ws/src/my_boat_driver': PYTHONPATH=/home/raspberry/boat_ws/build/my_boat_driver/prefix_override:/usr/lib/python3/dist-packages/colcon_core/task/python/colcon_distutils_commands:/home/raspberry/boat_ws/install/my_boat_driver/lib/python3.10/site-packages:${PYTHONPATH} /usr/bin/python3 -W ignore:setup.py install is deprecated -W ignore:easy_install command is deprecated setup.py egg_info --egg-base ../../build/my_boat_driver build --build-base /home/raspberry/boat_ws/build/my_boat_driver/build install --record /home/raspberry/boat_ws/build/my_boat_driver/install.log --single-version-externally-managed install_data
[6.257s] running egg_info
[6.261s] writing ../../build/my_boat_driver/my_boat_driver.egg-info/PKG-INFO
[6.274s] writing dependency_links to ../../build/my_boat_driver/my_boat_driver.egg-info/dependency_links.txt
[6.278s] writing entry points to ../../build/my_boat_driver/my_boat_driver.egg-info/entry_points.txt
[6.282s] writing requirements to ../../build/my_boat_driver/my_boat_driver.egg-info/requires.txt
[6.285s] writing top-level names to ../../build/my_boat_driver/my_boat_driver.egg-info/top_level.txt
[6.298s] reading manifest file '../../build/my_boat_driver/my_boat_driver.egg-info/SOURCES.txt'
[6.301s] adding license file 'LICENSE'
[6.307s] writing manifest file '../../build/my_boat_driver/my_boat_driver.egg-info/SOURCES.txt'
[6.310s] running build
[6.310s] running build_py
[6.313s] copying my_boat_driver/motor_driver_node.py -> /home/raspberry/boat_ws/build/my_boat_driver/build/lib/my_boat_driver
[6.319s] running install
[6.323s] running install_lib
[6.331s] copying /home/raspberry/boat_ws/build/my_boat_driver/build/lib/my_boat_driver/motor_driver_node.py -> /home/raspberry/boat_ws/install/my_boat_driver/lib/python3.10/site-packages/my_boat_driver
[6.344s] byte-compiling /home/raspberry/boat_ws/install/my_boat_driver/lib/python3.10/site-packages/my_boat_driver/motor_driver_node.py to motor_driver_node.cpython-310.pyc
[6.352s] Sorry: IndentationError: expected an indented block after 'if' statement on line 161 (motor_driver_node.py, line 163)
[6.354s] running install_data
[6.356s] running install_egg_info
[6.372s] removing '/home/raspberry/boat_ws/install/my_boat_driver/lib/python3.10/site-packages/my_boat_driver-0.0.0-py3.10.egg-info' (and everything under it)
[6.382s] Copying ../../build/my_boat_driver/my_boat_driver.egg-info to /home/raspberry/boat_ws/install/my_boat_driver/lib/python3.10/site-packages/my_boat_driver-0.0.0-py3.10.egg-info
[6.431s] running install_scripts
[6.606s] Installing motor_driver_node script to /home/raspberry/boat_ws/install/my_boat_driver/lib/my_boat_driver
[6.620s] Installing motor_driver_test script to /home/raspberry/boat_ws/install/my_boat_driver/lib/my_boat_driver
[6.622s] writing list of installed files to '/home/raspberry/boat_ws/build/my_boat_driver/install.log'
[6.813s] Invoked command in '/home/raspberry/boat_ws/src/my_boat_driver' returned '0': PYTHONPATH=/home/raspberry/boat_ws/build/my_boat_driver/prefix_override:/usr/lib/python3/dist-packages/colcon_core/task/python/colcon_distutils_commands:/home/raspberry/boat_ws/install/my_boat_driver/lib/python3.10/site-packages:${PYTHONPATH} /usr/bin/python3 -W ignore:setup.py install is deprecated -W ignore:easy_install command is deprecated setup.py egg_info --egg-base ../../build/my_boat_driver build --build-base /home/raspberry/boat_ws/build/my_boat_driver/build install --record /home/raspberry/boat_ws/build/my_boat_driver/install.log --single-version-externally-managed install_data
