[3.740s] Invoking command in '/home/raspberry/boat_ws/src/my_boat_driver': PYTHONPATH=/home/raspberry/boat_ws/build/my_boat_driver/prefix_override:/usr/lib/python3/dist-packages/colcon_core/task/python/colcon_distutils_commands:/home/raspberry/boat_ws/install/my_boat_driver/lib/python3.10/site-packages: /usr/bin/python3 -W ignore:setup.py install is deprecated -W ignore:easy_install command is deprecated setup.py egg_info --egg-base ../../build/my_boat_driver build --build-base /home/raspberry/boat_ws/build/my_boat_driver/build install --record /home/raspberry/boat_ws/build/my_boat_driver/install.log --single-version-externally-managed install_data
[4.770s] running egg_info
[4.773s] writing ../../build/my_boat_driver/my_boat_driver.egg-info/PKG-INFO
[4.774s] writing dependency_links to ../../build/my_boat_driver/my_boat_driver.egg-info/dependency_links.txt
[4.775s] writing entry points to ../../build/my_boat_driver/my_boat_driver.egg-info/entry_points.txt
[4.776s] writing requirements to ../../build/my_boat_driver/my_boat_driver.egg-info/requires.txt
[4.777s] writing top-level names to ../../build/my_boat_driver/my_boat_driver.egg-info/top_level.txt
[4.786s] reading manifest file '../../build/my_boat_driver/my_boat_driver.egg-info/SOURCES.txt'
[4.787s] adding license file 'LICENSE'
[4.791s] writing manifest file '../../build/my_boat_driver/my_boat_driver.egg-info/SOURCES.txt'
[4.792s] running build
[4.793s] running build_py
[4.795s] running install
[4.796s] running install_lib
[4.801s] running install_data
[4.802s] running install_egg_info
[4.812s] removing '/home/raspberry/boat_ws/install/my_boat_driver/lib/python3.10/site-packages/my_boat_driver-0.0.0-py3.10.egg-info' (and everything under it)
[4.813s] Copying ../../build/my_boat_driver/my_boat_driver.egg-info to /home/raspberry/boat_ws/install/my_boat_driver/lib/python3.10/site-packages/my_boat_driver-0.0.0-py3.10.egg-info
[4.821s] running install_scripts
[4.910s] Installing motor_driver_node script to /home/raspberry/boat_ws/install/my_boat_driver/lib/my_boat_driver
[4.911s] Installing motor_driver_test script to /home/raspberry/boat_ws/install/my_boat_driver/lib/my_boat_driver
[4.913s] writing list of installed files to '/home/raspberry/boat_ws/build/my_boat_driver/install.log'
[5.099s] Invoked command in '/home/raspberry/boat_ws/src/my_boat_driver' returned '0': PYTHONPATH=/home/raspberry/boat_ws/build/my_boat_driver/prefix_override:/usr/lib/python3/dist-packages/colcon_core/task/python/colcon_distutils_commands:/home/raspberry/boat_ws/install/my_boat_driver/lib/python3.10/site-packages: /usr/bin/python3 -W ignore:setup.py install is deprecated -W ignore:easy_install command is deprecated setup.py egg_info --egg-base ../../build/my_boat_driver build --build-base /home/raspberry/boat_ws/build/my_boat_driver/build install --record /home/raspberry/boat_ws/build/my_boat_driver/install.log --single-version-externally-managed install_data
