[4.675s] Invoking command in '/home/raspberry/boat_ws/src/my_boat_teleop': PYTHONPATH=/home/raspberry/boat_ws/build/my_boat_teleop/prefix_override:/usr/lib/python3/dist-packages/colcon_core/task/python/colcon_distutils_commands:/home/raspberry/boat_ws/install/my_boat_teleop/lib/python3.10/site-packages:${PYTHONPATH} /usr/bin/python3 -W ignore:setup.py install is deprecated -W ignore:easy_install command is deprecated setup.py egg_info --egg-base ../../build/my_boat_teleop build --build-base /home/raspberry/boat_ws/build/my_boat_teleop/build install --record /home/raspberry/boat_ws/build/my_boat_teleop/install.log --single-version-externally-managed install_data
[6.029s] running egg_info
[6.034s] writing ../../build/my_boat_teleop/my_boat_teleop.egg-info/PKG-INFO
[6.037s] writing dependency_links to ../../build/my_boat_teleop/my_boat_teleop.egg-info/dependency_links.txt
[6.039s] writing entry points to ../../build/my_boat_teleop/my_boat_teleop.egg-info/entry_points.txt
[6.040s] writing requirements to ../../build/my_boat_teleop/my_boat_teleop.egg-info/requires.txt
[6.040s] writing top-level names to ../../build/my_boat_teleop/my_boat_teleop.egg-info/top_level.txt
[6.048s] reading manifest file '../../build/my_boat_teleop/my_boat_teleop.egg-info/SOURCES.txt'
[6.051s] adding license file 'LICENSE'
[6.054s] writing manifest file '../../build/my_boat_teleop/my_boat_teleop.egg-info/SOURCES.txt'
[6.054s] running build
[6.055s] running build_py
[6.056s] running install
[6.058s] running install_lib
[6.064s] running install_data
[6.064s] running install_egg_info
[6.077s] removing '/home/raspberry/boat_ws/install/my_boat_teleop/lib/python3.10/site-packages/my_boat_teleop-0.0.0-py3.10.egg-info' (and everything under it)
[6.079s] Copying ../../build/my_boat_teleop/my_boat_teleop.egg-info to /home/raspberry/boat_ws/install/my_boat_teleop/lib/python3.10/site-packages/my_boat_teleop-0.0.0-py3.10.egg-info
[6.088s] running install_scripts
[6.195s] Installing teleop_keyboard_node script to /home/raspberry/boat_ws/install/my_boat_teleop/lib/my_boat_teleop
[6.200s] writing list of installed files to '/home/raspberry/boat_ws/build/my_boat_teleop/install.log'
[6.404s] Invoked command in '/home/raspberry/boat_ws/src/my_boat_teleop' returned '0': PYTHONPATH=/home/raspberry/boat_ws/build/my_boat_teleop/prefix_override:/usr/lib/python3/dist-packages/colcon_core/task/python/colcon_distutils_commands:/home/raspberry/boat_ws/install/my_boat_teleop/lib/python3.10/site-packages:${PYTHONPATH} /usr/bin/python3 -W ignore:setup.py install is deprecated -W ignore:easy_install command is deprecated setup.py egg_info --egg-base ../../build/my_boat_teleop build --build-base /home/raspberry/boat_ws/build/my_boat_teleop/build install --record /home/raspberry/boat_ws/build/my_boat_teleop/install.log --single-version-externally-managed install_data
