[5.642s] Invoking command in '/home/raspberry/boat_ws/src/my_boat_driver': PYTHONPATH=/home/raspberry/boat_ws/build/my_boat_driver/prefix_override:/usr/lib/python3/dist-packages/colcon_core/task/python/colcon_distutils_commands:/home/raspberry/boat_ws/install/my_boat_driver/lib/python3.10/site-packages:${PYTHONPATH} /usr/bin/python3 -W ignore:setup.py install is deprecated -W ignore:easy_install command is deprecated setup.py egg_info --egg-base ../../build/my_boat_driver build --build-base /home/raspberry/boat_ws/build/my_boat_driver/build install --record /home/raspberry/boat_ws/build/my_boat_driver/install.log --single-version-externally-managed install_data
[6.884s] running egg_info
[6.887s] creating ../../build/my_boat_driver/my_boat_driver.egg-info
[6.888s] writing ../../build/my_boat_driver/my_boat_driver.egg-info/PKG-INFO
[6.889s] writing dependency_links to ../../build/my_boat_driver/my_boat_driver.egg-info/dependency_links.txt
[6.891s] writing entry points to ../../build/my_boat_driver/my_boat_driver.egg-info/entry_points.txt
[6.891s] writing requirements to ../../build/my_boat_driver/my_boat_driver.egg-info/requires.txt
[6.892s] writing top-level names to ../../build/my_boat_driver/my_boat_driver.egg-info/top_level.txt
[6.893s] writing manifest file '../../build/my_boat_driver/my_boat_driver.egg-info/SOURCES.txt'
[6.900s] reading manifest file '../../build/my_boat_driver/my_boat_driver.egg-info/SOURCES.txt'
[6.901s] adding license file 'LICENSE'
[6.904s] writing manifest file '../../build/my_boat_driver/my_boat_driver.egg-info/SOURCES.txt'
[6.906s] running build
[6.907s] running build_py
[6.908s] creating /home/raspberry/boat_ws/build/my_boat_driver/build
[6.908s] creating /home/raspberry/boat_ws/build/my_boat_driver/build/lib
[6.909s] creating /home/raspberry/boat_ws/build/my_boat_driver/build/lib/my_boat_driver
[6.910s] copying my_boat_driver/__init__.py -> /home/raspberry/boat_ws/build/my_boat_driver/build/lib/my_boat_driver
[6.911s] running install
[6.912s] running install_lib
[6.914s] creating /home/raspberry/boat_ws/install/my_boat_driver/lib/python3.10/site-packages/my_boat_driver
[6.915s] copying /home/raspberry/boat_ws/build/my_boat_driver/build/lib/my_boat_driver/__init__.py -> /home/raspberry/boat_ws/install/my_boat_driver/lib/python3.10/site-packages/my_boat_driver
[6.917s] byte-compiling /home/raspberry/boat_ws/install/my_boat_driver/lib/python3.10/site-packages/my_boat_driver/__init__.py to __init__.cpython-310.pyc
[6.921s] running install_data
[6.921s] creating /home/raspberry/boat_ws/install/my_boat_driver/share/ament_index
[6.923s] creating /home/raspberry/boat_ws/install/my_boat_driver/share/ament_index/resource_index
[6.925s] creating /home/raspberry/boat_ws/install/my_boat_driver/share/ament_index/resource_index/packages
[6.925s] copying resource/my_boat_driver -> /home/raspberry/boat_ws/install/my_boat_driver/share/ament_index/resource_index/packages
[6.926s] copying package.xml -> /home/raspberry/boat_ws/install/my_boat_driver/share/my_boat_driver
[6.926s] running install_egg_info
[6.932s] Copying ../../build/my_boat_driver/my_boat_driver.egg-info to /home/raspberry/boat_ws/install/my_boat_driver/lib/python3.10/site-packages/my_boat_driver-0.0.0-py3.10.egg-info
[6.939s] running install_scripts
[7.032s] writing list of installed files to '/home/raspberry/boat_ws/build/my_boat_driver/install.log'
[7.186s] Invoked command in '/home/raspberry/boat_ws/src/my_boat_driver' returned '0': PYTHONPATH=/home/raspberry/boat_ws/build/my_boat_driver/prefix_override:/usr/lib/python3/dist-packages/colcon_core/task/python/colcon_distutils_commands:/home/raspberry/boat_ws/install/my_boat_driver/lib/python3.10/site-packages:${PYTHONPATH} /usr/bin/python3 -W ignore:setup.py install is deprecated -W ignore:easy_install command is deprecated setup.py egg_info --egg-base ../../build/my_boat_driver build --build-base /home/raspberry/boat_ws/build/my_boat_driver/build install --record /home/raspberry/boat_ws/build/my_boat_driver/install.log --single-version-externally-managed install_data
