[0.113s] Invoking command in '/home/raspberry/boat_ws/build/my_boat_bringup': CMAKE_PREFIX_PATH=${CMAKE_PREFIX_PATH}:/home/raspberry/boat_ws/install/my_boat_teleop:/home/raspberry/boat_ws/install/my_boat_driver:/opt/ros/humble /usr/bin/cmake --build /home/raspberry/boat_ws/build/my_boat_bringup -- -j4 -l4
[2.708s] Invoked command in '/home/raspberry/boat_ws/build/my_boat_bringup' returned '0': CMAKE_PREFIX_PATH=${CMAKE_PREFIX_PATH}:/home/raspberry/boat_ws/install/my_boat_teleop:/home/raspberry/boat_ws/install/my_boat_driver:/opt/ros/humble /usr/bin/cmake --build /home/raspberry/boat_ws/build/my_boat_bringup -- -j4 -l4
[2.750s] Invoking command in '/home/raspberry/boat_ws/build/my_boat_bringup': CMAKE_PREFIX_PATH=${CMAKE_PREFIX_PATH}:/home/raspberry/boat_ws/install/my_boat_teleop:/home/raspberry/boat_ws/install/my_boat_driver:/opt/ros/humble /usr/bin/cmake --install /home/raspberry/boat_ws/build/my_boat_bringup
[2.783s] -- Install configuration: ""
[2.784s] -- Up-to-date: /home/raspberry/boat_ws/install/my_boat_bringup/share/my_boat_bringup/launch
[2.785s] -- Up-to-date: /home/raspberry/boat_ws/install/my_boat_bringup/share/my_boat_bringup/launch/bringup.launch.py
[2.785s] -- Up-to-date: /home/raspberry/boat_ws/install/my_boat_bringup/share/ament_index/resource_index/package_run_dependencies/my_boat_bringup
[2.786s] -- Up-to-date: /home/raspberry/boat_ws/install/my_boat_bringup/share/ament_index/resource_index/parent_prefix_path/my_boat_bringup
[2.787s] -- Up-to-date: /home/raspberry/boat_ws/install/my_boat_bringup/share/my_boat_bringup/environment/ament_prefix_path.sh
[2.788s] -- Up-to-date: /home/raspberry/boat_ws/install/my_boat_bringup/share/my_boat_bringup/environment/ament_prefix_path.dsv
[2.788s] -- Up-to-date: /home/raspberry/boat_ws/install/my_boat_bringup/share/my_boat_bringup/environment/path.sh
[2.789s] -- Up-to-date: /home/raspberry/boat_ws/install/my_boat_bringup/share/my_boat_bringup/environment/path.dsv
[2.789s] -- Up-to-date: /home/raspberry/boat_ws/install/my_boat_bringup/share/my_boat_bringup/local_setup.bash
[2.790s] -- Up-to-date: /home/raspberry/boat_ws/install/my_boat_bringup/share/my_boat_bringup/local_setup.sh
[2.791s] -- Up-to-date: /home/raspberry/boat_ws/install/my_boat_bringup/share/my_boat_bringup/local_setup.zsh
[2.791s] -- Up-to-date: /home/raspberry/boat_ws/install/my_boat_bringup/share/my_boat_bringup/local_setup.dsv
[2.792s] -- Installing: /home/raspberry/boat_ws/install/my_boat_bringup/share/my_boat_bringup/package.dsv
[2.795s] -- Up-to-date: /home/raspberry/boat_ws/install/my_boat_bringup/share/ament_index/resource_index/packages/my_boat_bringup
[2.797s] -- Up-to-date: /home/raspberry/boat_ws/install/my_boat_bringup/share/my_boat_bringup/cmake/my_boat_bringupConfig.cmake
[2.798s] -- Up-to-date: /home/raspberry/boat_ws/install/my_boat_bringup/share/my_boat_bringup/cmake/my_boat_bringupConfig-version.cmake
[2.798s] -- Up-to-date: /home/raspberry/boat_ws/install/my_boat_bringup/share/my_boat_bringup/package.xml
[2.808s] Invoked command in '/home/raspberry/boat_ws/build/my_boat_bringup' returned '0': CMAKE_PREFIX_PATH=${CMAKE_PREFIX_PATH}:/home/raspberry/boat_ws/install/my_boat_teleop:/home/raspberry/boat_ws/install/my_boat_driver:/opt/ros/humble /usr/bin/cmake --install /home/raspberry/boat_ws/build/my_boat_bringup
